#
# A fatal error has been detected by the Java Runtime Environment:
#
#  EXCEPTION_ACCESS_VIOLATION (0xc0000005) at pc=0x00000000658f9565, pid=1232, tid=10100
#
# JRE version: Java(TM) SE Runtime Environment (8.0_91-b15) (build 1.8.0_91-b15)
# Java VM: Java HotSpot(TM) 64-Bit Server VM (25.91-b15 mixed mode windows-amd64 compressed oops)
# Problematic frame:
# C  [sqlite-3.15.1-641c1e3a-fa88-4a39-8685-3acbe59f338e-sqlitejdbc.dll+0x79565]
#
# Failed to write core dump. Minidumps are not enabled by default on client versions of Windows
#
# If you would like to submit a bug report, please visit:
#   http://bugreport.java.com/bugreport/crash.jsp
# The crash happened outside the Java Virtual Machine in native code.
# See problematic frame for where to report the bug.
#

---------------  T H R E A D  ---------------

Current thread (0x000000001c4ca000):  JavaThread "Secondary finalizer" [_thread_in_native, id=10100, stack(0x0000000000e70000,0x0000000000f70000)]

siginfo: ExceptionCode=0xc0000005, reading address 0x0000000000000018

Registers:
RAX=0x00000000658826d0, RBX=0x0000000000c7ee78, RCX=0x0000000000c7ee78, RDX=0x0000000000f6f040
RSP=0x0000000000f6ef40, RBP=0x0000000000f6f010, RSI=0x0000000000000000, RDI=0x0000000000000028
R8 =0x0000000000c7ee78, R9 =0x000000001d945500, R10=0x0000000002df8a2b, R11=0x000000005eb29d90
R12=0x0000000000000000, R13=0x000000002a763480, R14=0x0000000000f6f040, R15=0x000000001c4ca000
RIP=0x00000000658f9565, EFLAGS=0x0000000000010206

Top of Stack: (sp=0x0000000000f6ef40)
0x0000000000f6ef40:   0000000000000118 0000000002e2621e
0x0000000000f6ef50:   000000001fb600f0 000000005e9b6071
0x0000000000f6ef60:   0000000000f6f5c8 000000002a763480
0x0000000000f6ef70:   0000000000000118 0000000002df8a57
0x0000000000f6ef80:   0000000000000028 0000000002df87f1
0x0000000000f6ef90:   000000001c4ca000 000000002a763480
0x0000000000f6efa0:   0000000000000000 0000000000000000
0x0000000000f6efb0:   0000000000000000 0000000002df87b9
0x0000000000f6efc0:   0000000000000003 000000070909bff8
0x0000000000f6efd0:   0000000000f6efc0 000000002a763480
0x0000000000f6efe0:   0000000000f6f040 000000002a794f90
0x0000000000f6eff0:   0000000000000000 000000002a763480
0x0000000000f6f000:   0000000000000000 0000000000f6f030
0x0000000000f6f010:   0000000000f6f088 0000000002de7da0
0x0000000000f6f020:   0000000000000000 0000000002df19d6
0x0000000000f6f030:   0000000000c7ee78 0000000000c7ee78 

Instructions: (pc=0x00000000658f9565)
0x00000000658f9545:   48 83 c4 38 c3 66 0f 1f 44 00 00 56 53 48 83 ec
0x00000000658f9555:   28 48 85 c9 0f 84 b1 00 00 00 48 8b 31 48 89 cb
0x00000000658f9565:   48 8b 4e 18 48 85 c9 74 06 ff 15 94 ec 04 00 48
0x00000000658f9575:   83 bb b0 00 00 00 00 7e 0b 48 89 da 48 89 f1 e8 


Register to memory mapping:

RAX=0x00000000658826d0 is an unknown value
RBX=0x0000000000c7ee78 is an unknown value
RCX=0x0000000000c7ee78 is an unknown value
RDX=0x0000000000f6f040 is pointing into the stack for thread: 0x000000001c4ca000
RSP=0x0000000000f6ef40 is pointing into the stack for thread: 0x000000001c4ca000
RBP=0x0000000000f6f010 is pointing into the stack for thread: 0x000000001c4ca000
RSI=0x0000000000000000 is an unknown value
RDI=0x0000000000000028 is an unknown value
R8 =0x0000000000c7ee78 is an unknown value
R9 =0x000000001d945500 is an unknown value
R10=0x0000000002df8a2b is at code_begin+1227 in an Interpreter codelet
method entry point (kind = native_synchronized)  [0x0000000002df8560, 0x0000000002df9040]  2784 bytes
R11=0x000000005eb29d90 is an unknown value
R12=0x0000000000000000 is an unknown value
R13={method} {0x000000002a763488} 'reset' '(J)I' in 'org/sqlite/core/NativeDB'
R14=0x0000000000f6f040 is pointing into the stack for thread: 0x000000001c4ca000
R15=0x000000001c4ca000 is a thread


Stack: [0x0000000000e70000,0x0000000000f70000],  sp=0x0000000000f6ef40,  free space=1019k
Native frames: (J=compiled Java code, j=interpreted, Vv=VM code, C=native code)
C  [sqlite-3.15.1-641c1e3a-fa88-4a39-8685-3acbe59f338e-sqlitejdbc.dll+0x79565]
C  0x0000000002df8a57

Java frames: (J=compiled Java code, j=interpreted, Vv=VM code)
j  org.sqlite.core.NativeDB.reset(J)I+0
j  org.sqlite.core.CoreResultSet.close()V+81
j  org.sqlite.jdbc4.JDBC4ResultSet.close()V+6
j  org.sqlite.core.CoreStatement.internalClose()V+34
j  org.sqlite.jdbc3.JDBC3Statement.close()V+33
j  org.sqlite.jdbc4.JDBC4Statement.close()V+1
j  org.sqlite.core.CorePreparedStatement.finalize()V+1
J 3854 C2 java.lang.ref.Finalizer.access$100(Ljava/lang/ref/Finalizer;Lsun/misc/JavaLangAccess;)V (6 bytes) @ 0x000000000301da28 [0x000000000301d840+0x1e8]
j  java.lang.ref.Finalizer$2.run()V+36
j  java.lang.Thread.run()V+11
v  ~StubRoutines::call_stub

---------------  P R O C E S S  ---------------

Java Threads: ( => current thread )
=>0x000000001c4ca000 JavaThread "Secondary finalizer" [_thread_in_native, id=10100, stack(0x0000000000e70000,0x0000000000f70000)]
  0x000000001c4d4800 JavaThread "Thread-43" [_thread_blocked, id=3444, stack(0x0000000020e80000,0x0000000020f80000)]
  0x000000001c4cd800 JavaThread "DestroyJavaVM" [_thread_blocked, id=5096, stack(0x0000000002b40000,0x0000000002c40000)]
  0x0000000021622800 JavaThread "Live Reload Server" daemon [_thread_in_native, id=260, stack(0x0000000028810000,0x0000000028910000)]
  0x000000001c2ac800 JavaThread "Service Thread" daemon [_thread_blocked, id=12196, stack(0x000000001cdf0000,0x000000001cef0000)]
  0x000000001c213800 JavaThread "C1 CompilerThread3" daemon [_thread_blocked, id=652, stack(0x000000001ccf0000,0x000000001cdf0000)]
  0x000000001c212000 JavaThread "C2 CompilerThread2" daemon [_thread_in_native, id=15720, stack(0x000000001cbf0000,0x000000001ccf0000)]
  0x000000001c20a000 JavaThread "C2 CompilerThread1" daemon [_thread_blocked, id=5680, stack(0x000000001caf0000,0x000000001cbf0000)]
  0x000000001c201000 JavaThread "C2 CompilerThread0" daemon [_thread_blocked, id=14752, stack(0x000000001c9f0000,0x000000001caf0000)]
  0x000000001c1ff800 JavaThread "Attach Listener" daemon [_thread_blocked, id=10916, stack(0x000000001c8f0000,0x000000001c9f0000)]
  0x000000001c1fe000 JavaThread "Signal Dispatcher" daemon [_thread_blocked, id=10904, stack(0x000000001c7f0000,0x000000001c8f0000)]
  0x0000000002dde800 JavaThread "Finalizer" daemon [_thread_blocked, id=12020, stack(0x000000001c5d0000,0x000000001c6d0000)]
  0x0000000002ddd000 JavaThread "Reference Handler" daemon [_thread_blocked, id=6664, stack(0x000000001c0d0000,0x000000001c1d0000)]

Other Threads:
  0x000000001a2e9000 VMThread [stack: 0x000000001bfd0000,0x000000001c0d0000] [id=4440]
  0x000000001c261000 WatcherThread [stack: 0x000000001cef0000,0x000000001cff0000] [id=8432]

VM state:not at safepoint (normal execution)

VM Mutex/Monitor currently owned by a thread: None

Heap:
 PSYoungGen      total 900096K, used 5977K [0x0000000780700000, 0x00000007bad00000, 0x00000007c0000000)
  eden space 860672K, 0% used [0x0000000780700000,0x0000000780cd6658,0x00000007b4f80000)
  from space 39424K, 0% used [0x00000007b7b80000,0x00000007b7b80000,0x00000007ba200000)
  to   space 45056K, 0% used [0x00000007b4f80000,0x00000007b4f80000,0x00000007b7b80000)
 ParOldGen       total 194048K, used 128142K [0x0000000701400000, 0x000000070d180000, 0x0000000780700000)
  object space 194048K, 66% used [0x0000000701400000,0x0000000709123980,0x000000070d180000)
 Metaspace       used 89199K, capacity 92022K, committed 92160K, reserved 1130496K
  class space    used 10057K, capacity 10674K, committed 10752K, reserved 1048576K

Card table byte_map: [0x00000000121a0000,0x00000000127a0000] byte_map_base: 0x000000000e996000

Marking Bits: (ParMarkBitMap*) 0x000000005f112f70
 Begin Bits: [0x00000000133a0000, 0x0000000016350000)
 End Bits:   [0x0000000016350000, 0x0000000019300000)

Polling page: 0x0000000000c50000

CodeCache: size=245760Kb used=46968Kb max_used=47513Kb free=198791Kb
 bounds [0x0000000002de0000, 0x0000000005c90000, 0x0000000011de0000]
 total_blobs=12531 nmethods=11716 adapters=726
 compilation: enabled

Compilation events (10 events):
Event: 1097.644 Thread 0x000000001c213800 15144       3       java.io.ObjectOutputStream$PutFieldImpl::put (14 bytes)
Event: 1097.645 Thread 0x000000001c213800 nmethod 15144 0x0000000004172110 code [0x0000000004172280, 0x0000000004172588]
Event: 1097.646 Thread 0x000000001c213800 15145       3       java.io.ObjectOutputStream::access$300 (7 bytes)
Event: 1097.646 Thread 0x000000001c213800 nmethod 15145 0x0000000003032b50 code [0x0000000003032cc0, 0x0000000003032e28]
Event: 1097.648 Thread 0x000000001c213800 15154   !   3       java.io.ObjectOutputStream::writeArray (611 bytes)
Event: 1097.656 Thread 0x000000001c213800 nmethod 15154 0x00000000034dcad0 code [0x00000000034dcec0, 0x00000000034de968]
Event: 1097.656 Thread 0x000000001c201000 nmethod 15156 0x000000000412a410 code [0x000000000412a580, 0x000000000412aad8]
Event: 1098.249 Thread 0x000000001c213800 15160       3       org.springframework.util.ConcurrentReferenceHashMap$EntryIterator::moveToNextReference (85 bytes)
Event: 1098.249 Thread 0x000000001c213800 nmethod 15160 0x00000000040e7c50 code [0x00000000040e7de0, 0x00000000040e8208]
Event: 1098.251 Thread 0x000000001c213800 15146       3       java.io.ObjectOutputStream::putFields (54 bytes)

GC Heap History (10 events):
Event: 1001.667 GC heap before
{Heap before GC invocations=23 (full 5):
 PSYoungGen      total 616448K, used 464351K [0x0000000780700000, 0x00000007b0880000, 0x00000007c0000000)
  eden space 579584K, 76% used [0x0000000780700000,0x000000079b96cab0,0x00000007a3d00000)
  from space 36864K, 52% used [0x00000007a3d00000,0x00000007a500b538,0x00000007a6100000)
  to   space 36352K, 0% used [0x00000007ae500000,0x00000007ae500000,0x00000007b0880000)
 ParOldGen       total 194048K, used 73044K [0x0000000701400000, 0x000000070d180000, 0x0000000780700000)
  object space 194048K, 37% used [0x0000000701400000,0x0000000705b550e0,0x000000070d180000)
 Metaspace       used 76717K, capacity 79046K, committed 79360K, reserved 1120256K
  class space    used 8643K, capacity 9153K, committed 9216K, reserved 1048576K
Event: 1001.688 GC heap after
Heap after GC invocations=23 (full 5):
 PSYoungGen      total 750592K, used 23310K [0x0000000780700000, 0x00000007b0a80000, 0x00000007c0000000)
  eden space 714240K, 0% used [0x0000000780700000,0x0000000780700000,0x00000007ac080000)
  from space 36352K, 64% used [0x00000007ae500000,0x00000007afbc3978,0x00000007b0880000)
  to   space 37376K, 0% used [0x00000007ac080000,0x00000007ac080000,0x00000007ae500000)
 ParOldGen       total 194048K, used 73052K [0x0000000701400000, 0x000000070d180000, 0x0000000780700000)
  object space 194048K, 37% used [0x0000000701400000,0x0000000705b570e0,0x000000070d180000)
 Metaspace       used 76717K, capacity 79046K, committed 79360K, reserved 1120256K
  class space    used 8643K, capacity 9153K, committed 9216K, reserved 1048576K
}
Event: 1001.688 GC heap before
{Heap before GC invocations=24 (full 6):
 PSYoungGen      total 750592K, used 23310K [0x0000000780700000, 0x00000007b0a80000, 0x00000007c0000000)
  eden space 714240K, 0% used [0x0000000780700000,0x0000000780700000,0x00000007ac080000)
  from space 36352K, 64% used [0x00000007ae500000,0x00000007afbc3978,0x00000007b0880000)
  to   space 37376K, 0% used [0x00000007ac080000,0x00000007ac080000,0x00000007ae500000)
 ParOldGen       total 194048K, used 73052K [0x0000000701400000, 0x000000070d180000, 0x0000000780700000)
  object space 194048K, 37% used [0x0000000701400000,0x0000000705b570e0,0x000000070d180000)
 Metaspace       used 76717K, capacity 79046K, committed 79360K, reserved 1120256K
  class space    used 8643K, capacity 9153K, committed 9216K, reserved 1048576K
Event: 1002.083 GC heap after
Heap after GC invocations=24 (full 6):
 PSYoungGen      total 750592K, used 0K [0x0000000780700000, 0x00000007b0a80000, 0x00000007c0000000)
  eden space 714240K, 0% used [0x0000000780700000,0x0000000780700000,0x00000007ac080000)
  from space 36352K, 0% used [0x00000007ae500000,0x00000007ae500000,0x00000007b0880000)
  to   space 37376K, 0% used [0x00000007ac080000,0x00000007ac080000,0x00000007ae500000)
 ParOldGen       total 194048K, used 93175K [0x0000000701400000, 0x000000070d180000, 0x0000000780700000)
  object space 194048K, 48% used [0x0000000701400000,0x0000000706efdca0,0x000000070d180000)
 Metaspace       used 76713K, capacity 79040K, committed 79360K, reserved 1120256K
  class space    used 8642K, capacity 9152K, committed 9216K, reserved 1048576K
}
Event: 1004.951 GC heap before
{Heap before GC invocations=25 (full 6):
 PSYoungGen      total 750592K, used 714240K [0x0000000780700000, 0x00000007b0a80000, 0x00000007c0000000)
  eden space 714240K, 100% used [0x0000000780700000,0x00000007ac080000,0x00000007ac080000)
  from space 36352K, 0% used [0x00000007ae500000,0x00000007ae500000,0x00000007b0880000)
  to   space 37376K, 0% used [0x00000007ac080000,0x00000007ac080000,0x00000007ae500000)
 ParOldGen       total 194048K, used 93175K [0x0000000701400000, 0x000000070d180000, 0x0000000780700000)
  object space 194048K, 48% used [0x0000000701400000,0x0000000706efdca0,0x000000070d180000)
 Metaspace       used 79325K, capacity 81686K, committed 81792K, reserved 1122304K
  class space    used 8782K, capacity 9309K, committed 9344K, reserved 1048576K
Event: 1004.979 GC heap after
Heap after GC invocations=25 (full 6):
 PSYoungGen      total 751616K, used 28713K [0x0000000780700000, 0x00000007ba200000, 0x00000007c0000000)
  eden space 714240K, 0% used [0x0000000780700000,0x0000000780700000,0x00000007ac080000)
  from space 37376K, 76% used [0x00000007ac080000,0x00000007adc8a6c8,0x00000007ae500000)
  to   space 39424K, 0% used [0x00000007b7b80000,0x00000007b7b80000,0x00000007ba200000)
 ParOldGen       total 194048K, used 93183K [0x0000000701400000, 0x000000070d180000, 0x0000000780700000)
  object space 194048K, 48% used [0x0000000701400000,0x0000000706effca0,0x000000070d180000)
 Metaspace       used 79325K, capacity 81686K, committed 81792K, reserved 1122304K
  class space    used 8782K, capacity 9309K, committed 9344K, reserved 1048576K
}
Event: 1097.657 GC heap before
{Heap before GC invocations=26 (full 6):
 PSYoungGen      total 751616K, used 493164K [0x0000000780700000, 0x00000007ba200000, 0x00000007c0000000)
  eden space 714240K, 65% used [0x0000000780700000,0x000000079cc90cb8,0x00000007ac080000)
  from space 37376K, 76% used [0x00000007ac080000,0x00000007adc8a6c8,0x00000007ae500000)
  to   space 39424K, 0% used [0x00000007b7b80000,0x00000007b7b80000,0x00000007ba200000)
 ParOldGen       total 194048K, used 93183K [0x0000000701400000, 0x000000070d180000, 0x0000000780700000)
  object space 194048K, 48% used [0x0000000701400000,0x0000000706effca0,0x000000070d180000)
 Metaspace       used 89203K, capacity 92028K, committed 92160K, reserved 1130496K
  class space    used 10057K, capacity 10675K, committed 10752K, reserved 1048576K
Event: 1097.686 GC heap after
Heap after GC invocations=26 (full 6):
 PSYoungGen      total 900096K, used 37564K [0x0000000780700000, 0x00000007bad00000, 0x00000007c0000000)
  eden space 860672K, 0% used [0x0000000780700000,0x0000000780700000,0x00000007b4f80000)
  from space 39424K, 95% used [0x00000007b7b80000,0x00000007ba02f198,0x00000007ba200000)
  to   space 45056K, 0% used [0x00000007b4f80000,0x00000007b4f80000,0x00000007b7b80000)
 ParOldGen       total 194048K, used 93191K [0x0000000701400000, 0x000000070d180000, 0x0000000780700000)
  object space 194048K, 48% used [0x0000000701400000,0x0000000706f01ca0,0x000000070d180000)
 Metaspace       used 89203K, capacity 92028K, committed 92160K, reserved 1130496K
  class space    used 10057K, capacity 10675K, committed 10752K, reserved 1048576K
}
Event: 1097.686 GC heap before
{Heap before GC invocations=27 (full 7):
 PSYoungGen      total 900096K, used 37564K [0x0000000780700000, 0x00000007bad00000, 0x00000007c0000000)
  eden space 860672K, 0% used [0x0000000780700000,0x0000000780700000,0x00000007b4f80000)
  from space 39424K, 95% used [0x00000007b7b80000,0x00000007ba02f198,0x00000007ba200000)
  to   space 45056K, 0% used [0x00000007b4f80000,0x00000007b4f80000,0x00000007b7b80000)
 ParOldGen       total 194048K, used 93191K [0x0000000701400000, 0x000000070d180000, 0x0000000780700000)
  object space 194048K, 48% used [0x0000000701400000,0x0000000706f01ca0,0x000000070d180000)
 Metaspace       used 89203K, capacity 92028K, committed 92160K, reserved 1130496K
  class space    used 10057K, capacity 10675K, committed 10752K, reserved 1048576K
Event: 1098.248 GC heap after
Heap after GC invocations=27 (full 7):
 PSYoungGen      total 900096K, used 0K [0x0000000780700000, 0x00000007bad00000, 0x00000007c0000000)
  eden space 860672K, 0% used [0x0000000780700000,0x0000000780700000,0x00000007b4f80000)
  from space 39424K, 0% used [0x00000007b7b80000,0x00000007b7b80000,0x00000007ba200000)
  to   space 45056K, 0% used [0x00000007b4f80000,0x00000007b4f80000,0x00000007b7b80000)
 ParOldGen       total 194048K, used 128142K [0x0000000701400000, 0x000000070d180000, 0x0000000780700000)
  object space 194048K, 66% used [0x0000000701400000,0x0000000709123980,0x000000070d180000)
 Metaspace       used 89199K, capacity 92022K, committed 92160K, reserved 1130496K
  class space    used 10057K, capacity 10674K, committed 10752K, reserved 1048576K
}

Deoptimization events (10 events):
Event: 1024.685 Thread 0x000000001e535000 Uncommon trap: reason=bimorphic action=maybe_recompile pc=0x000000000560a394 method=java.util.regex.Pattern$Ques.match(Ljava/util/regex/Matcher;ILjava/lang/CharSequence;)Z @ 55
Event: 1027.318 Thread 0x000000001e536000 Uncommon trap: reason=null_check action=make_not_entrant pc=0x00000000059e7ffc method=java.beans.Introspector.isAssignable(Ljava/lang/Class;Ljava/lang/Class;)Z @ 23
Event: 1027.323 Thread 0x000000001e536000 Uncommon trap: reason=class_check action=maybe_recompile pc=0x000000000560a280 method=java.util.regex.Pattern$Ques.match(Ljava/util/regex/Matcher;ILjava/lang/CharSequence;)Z @ 39
Event: 1028.812 Thread 0x000000001e536000 Uncommon trap: reason=unstable_if action=reinterpret pc=0x0000000003541150 method=java.util.StringTokenizer.nextToken()Ljava/lang/String; @ 12
Event: 1029.436 Thread 0x000000001e536000 Uncommon trap: reason=unstable_if action=reinterpret pc=0x00000000034c072c method=java.lang.reflect.Constructor.newInstance([Ljava/lang/Object;)Ljava/lang/Object; @ 18
Event: 1029.443 Thread 0x000000001e536000 Uncommon trap: reason=class_check action=maybe_recompile pc=0x0000000005b92cbc method=com.sun.xml.bind.v2.model.nav.TypeVisitor.visit(Ljava/lang/reflect/Type;Ljava/lang/Object;)Ljava/lang/Object; @ 99
Event: 1029.448 Thread 0x000000001e536000 Uncommon trap: reason=class_check action=maybe_recompile pc=0x0000000005b92cbc method=com.sun.xml.bind.v2.model.nav.TypeVisitor.visit(Ljava/lang/reflect/Type;Ljava/lang/Object;)Ljava/lang/Object; @ 99
Event: 1029.448 Thread 0x000000001e536000 Uncommon trap: reason=class_check action=maybe_recompile pc=0x0000000005b92cbc method=com.sun.xml.bind.v2.model.nav.TypeVisitor.visit(Ljava/lang/reflect/Type;Ljava/lang/Object;)Ljava/lang/Object; @ 99
Event: 1029.448 Thread 0x000000001e536000 Uncommon trap: reason=class_check action=maybe_recompile pc=0x0000000005b92cbc method=com.sun.xml.bind.v2.model.nav.TypeVisitor.visit(Ljava/lang/reflect/Type;Ljava/lang/Object;)Ljava/lang/Object; @ 99
Event: 1097.639 Thread 0x000000001c4d4000 Uncommon trap: reason=unstable_if action=reinterpret pc=0x0000000004601998 method=java.io.ObjectOutputStream$BlockDataOutputStream.writeBytes(Ljava/lang/String;)V @ 22

Internal exceptions (10 events):
Event: 1026.343 Thread 0x000000001e539000 Exception <a 'java/lang/ClassNotFoundException': com/pe/lima/sg/presentacion/FiltroCustomizer> (0x000000078b609830) thrown at [C:\re\workspace\8-2-build-windows-amd64-cygwin\jdk8u91\7017\hotspot\src\share\vm\classfile\systemDictionary.cpp, line 210]
Event: 1027.317 Thread 0x000000001e536000 Exception <a 'java/lang/ClassNotFoundException': java/lang/ObjectCustomizer> (0x000000078b549338) thrown at [C:\re\workspace\8-2-build-windows-amd64-cygwin\jdk8u91\7017\hotspot\src\share\vm\classfile\systemDictionary.cpp, line 210]
Event: 1027.318 Thread 0x000000001e536000 Exception <a 'java/lang/ClassNotFoundException': com/pe/lima/sg/presentacion/util/PageableSGCustomizer> (0x000000078b56f688) thrown at [C:\re\workspace\8-2-build-windows-amd64-cygwin\jdk8u91\7017\hotspot\src\share\vm\classfile\systemDictionary.cpp, line 21^-Gê@
Event: 1027.320 Thread 0x000000001e536000 Exception <a 'java/lang/ClassNotFoundException': org/springframework/data/domain/PageableCustomizer> (0x000000078c592bc8) thrown at [C:\re\workspace\8-2-build-windows-amd64-cygwin\jdk8u91\7017\hotspot\src\share\vm\classfile\systemDictionary.cpp, line 210]
Event: 1028.778 Thread 0x000000001e536000 Exception <a 'java/lang/NoSuchMethodError': java.lang.Object.lambda$systemGetProperty$3(Ljava/lang/String;)Ljava/lang/String;> (0x000000078f0a5a40) thrown at [C:\re\workspace\8-2-build-windows-amd64-cygwin\jdk8u91\7017\hotspot\src\share\vm\interpreter\linkh'ﬁ\7ê@
Event: 1028.804 Thread 0x000000001e536000 Exception <a 'java/lang/NoSuchMethodError': java.lang.Object.lambda$write$2(Ljavax/xml/stream/XMLStreamWriter;Ljavax/xml/bind/Marshaller;Ljavax/xml/bind/JAXBElement;)V> (0x000000078f3b1920) thrown at [C:\re\workspace\8-2-build-windows-amd64-cygwin\jdk8u91\
Event: 1028.812 Thread 0x000000001e536000 Exception <a 'java/lang/ClassNotFoundException': com/sun/org/glassfish/hk2/osgiresourcelocator/ServiceLoader> (0x000000078f49eda0) thrown at [C:\re\workspace\8-2-build-windows-amd64-cygwin\jdk8u91\7017\hotspot\src\share\vm\classfile\systemDictionary.cpp, l;8\]ê@
Event: 1028.841 Thread 0x000000001e536000 Exception <a 'java/lang/NullPointerException'> (0x000000078f9f1c88) thrown at [C:\re\workspace\8-2-build-windows-amd64-cygwin\jdk8u91\7017\hotspot\src\share\vm\interpreter\linkResolver.cpp, line 1280]
Event: 1097.608 Thread 0x000000001e52d000 Exception <a 'java/lang/InterruptedException': sleep interrupted> (0x00000007991c7500) thrown at [C:\re\workspace\8-2-build-windows-amd64-cygwin\jdk8u91\7017\hotspot\src\share\vm\prims\jvm.cpp, line 3215]
Event: 1097.655 Thread 0x000000001e530800 Exception <a 'java/lang/InterruptedException': sleep interrupted> (0x000000079ca92a38) thrown at [C:\re\workspace\8-2-build-windows-amd64-cygwin\jdk8u91\7017\hotspot\src\share\vm\prims\jvm.cpp, line 3215]

Events (10 events):
Event: 1098.250 Thread 0x000000001c213800 flushing nmethod 0x00000000036f5810
Event: 1098.250 Executing VM operation: RevokeBias
Event: 1098.251 Executing VM operation: RevokeBias done
Event: 1098.251 Executing VM operation: RevokeBias
Event: 1098.251 Executing VM operation: RevokeBias done
Event: 1098.251 Executing VM operation: RevokeBias
Event: 1098.251 Executing VM operation: RevokeBias done
Event: 1098.251 Executing VM operation: RevokeBias
Event: 1098.251 Executing VM operation: RevokeBias done
Event: 1098.251 Thread 0x000000001c213800 flushing nmethod 0x0000000003779750


Dynamic libraries:
0x00007ff6122a0000 - 0x00007ff6122d7000 	C:\Program Files\Java\jdk1.8.0_91\bin\javaw.exe
0x00007ff90c090000 - 0x00007ff90c288000 	C:\Windows\SYSTEM32\ntdll.dll
0x00007ff90be40000 - 0x00007ff90beff000 	C:\Windows\System32\KERNEL32.DLL
0x00007ff909ae0000 - 0x00007ff909dd6000 	C:\Windows\System32\KERNELBASE.dll
0x00007ff90bf00000 - 0x00007ff90bfaf000 	C:\Windows\System32\ADVAPI32.dll
0x00007ff90bfb0000 - 0x00007ff90c04e000 	C:\Windows\System32\msvcrt.dll
0x00007ff90b9a0000 - 0x00007ff90ba3c000 	C:\Windows\System32\sechost.dll
0x00007ff90b750000 - 0x00007ff90b876000 	C:\Windows\System32\RPCRT4.dll
0x00007ff90bb90000 - 0x00007ff90bd2d000 	C:\Windows\System32\USER32.dll
0x00007ff909870000 - 0x00007ff909892000 	C:\Windows\System32\win32u.dll
0x00007ff90b2e0000 - 0x00007ff90b30c000 	C:\Windows\System32\GDI32.dll
0x00007ff909950000 - 0x00007ff909a65000 	C:\Windows\System32\gdi32full.dll
0x00007ff909de0000 - 0x00007ff909e7d000 	C:\Windows\System32\msvcp_win.dll
0x00007ff909770000 - 0x00007ff909870000 	C:\Windows\System32\ucrtbase.dll
0x00007ff900af0000 - 0x00007ff900d8a000 	C:\Windows\WinSxS\amd64_microsoft.windows.common-controls_6595b64144ccf1df_6.0.19041.1110_none_60b5254171f9507e\COMCTL32.dll
0x00007ff90b310000 - 0x00007ff90b340000 	C:\Windows\System32\IMM32.DLL
0x000000005e510000 - 0x000000005e5e2000 	C:\Program Files\Java\jdk1.8.0_91\jre\bin\msvcr100.dll
0x000000005e900000 - 0x000000005f193000 	C:\Program Files\Java\jdk1.8.0_91\jre\bin\server\jvm.dll
0x00007ff90a560000 - 0x00007ff90a568000 	C:\Windows\System32\PSAPI.DLL
0x00007ff901a10000 - 0x00007ff901a37000 	C:\Windows\SYSTEM32\WINMM.dll
0x00007ff901a40000 - 0x00007ff901a4a000 	C:\Windows\SYSTEM32\VERSION.dll
0x00007ff8f61c0000 - 0x00007ff8f61c9000 	C:\Windows\SYSTEM32\WSOCK32.dll
0x00007ff90ba60000 - 0x00007ff90bacb000 	C:\Windows\System32\WS2_32.dll
0x000000005e810000 - 0x000000005e81f000 	C:\Program Files\Java\jdk1.8.0_91\jre\bin\verify.dll
0x000000005e790000 - 0x000000005e7b9000 	C:\Program Files\Java\jdk1.8.0_91\jre\bin\java.dll
0x000000005e740000 - 0x000000005e756000 	C:\Program Files\Java\jdk1.8.0_91\jre\bin\zip.dll
0x00007ff90a8d0000 - 0x00007ff90b014000 	C:\Windows\System32\SHELL32.dll
0x00007ff907830000 - 0x00007ff907fc3000 	C:\Windows\SYSTEM32\windows.storage.dll
0x00007ff90a570000 - 0x00007ff90a8c4000 	C:\Windows\System32\combase.dll
0x00007ff9091d0000 - 0x00007ff9091fe000 	C:\Windows\SYSTEM32\Wldp.dll
0x00007ff90bd90000 - 0x00007ff90be3d000 	C:\Windows\System32\SHCORE.dll
0x00007ff90bd30000 - 0x00007ff90bd85000 	C:\Windows\System32\shlwapi.dll
0x00007ff9096b0000 - 0x00007ff9096cf000 	C:\Windows\SYSTEM32\profapi.dll
0x000000005e500000 - 0x000000005e50d000 	C:\Program Files\Java\jdk1.8.0_91\jre\bin\management.dll
0x000000005e720000 - 0x000000005e73a000 	C:\Program Files\Java\jdk1.8.0_91\jre\bin\net.dll
0x00007ff908f30000 - 0x00007ff908f9a000 	C:\Windows\system32\mswsock.dll
0x00007ff8d7520000 - 0x00007ff8d7537000 	C:\Windows\system32\napinsp.dll
0x00007ff8d7500000 - 0x00007ff8d751b000 	C:\Windows\system32\pnrpnsp.dll
0x00007ff903650000 - 0x00007ff903665000 	C:\Windows\system32\wshbth.dll
0x00007ff905260000 - 0x00007ff90527d000 	C:\Windows\system32\NLAapi.dll
0x00007ff908bd0000 - 0x00007ff908c0c000 	C:\Windows\SYSTEM32\IPHLPAPI.DLL
0x00007ff908c20000 - 0x00007ff908ceb000 	C:\Windows\SYSTEM32\DNSAPI.dll
0x00007ff90bad0000 - 0x00007ff90bad8000 	C:\Windows\System32\NSI.dll
0x00007ff8d74e0000 - 0x00007ff8d74f2000 	C:\Windows\System32\winrnr.dll
0x00007ff9015c0000 - 0x00007ff9015ca000 	C:\Windows\System32\rasadhlp.dll
0x00007ff9005f0000 - 0x00007ff900672000 	C:\Windows\System32\fwpuclnt.dll
0x00007ff909fe0000 - 0x00007ff90a007000 	C:\Windows\System32\bcrypt.dll
0x000000005e700000 - 0x000000005e711000 	C:\Program Files\Java\jdk1.8.0_91\jre\bin\nio.dll
0x00007ff909120000 - 0x00007ff909138000 	C:\Windows\SYSTEM32\CRYPTSP.dll
0x00007ff9087e0000 - 0x00007ff908814000 	C:\Windows\system32\rsaenh.dll
0x00007ff909670000 - 0x00007ff90969e000 	C:\Windows\SYSTEM32\USERENV.dll
0x00007ff90a010000 - 0x00007ff90a092000 	C:\Windows\System32\bcryptprimitives.dll
0x00007ff909140000 - 0x00007ff90914c000 	C:\Windows\SYSTEM32\CRYPTBASE.dll
0x00007ff902a20000 - 0x00007ff902a37000 	C:\Windows\SYSTEM32\dhcpcsvc6.DLL
0x00007ff900460000 - 0x00007ff90047d000 	C:\Windows\SYSTEM32\dhcpcsvc.DLL
0x0000000065880000 - 0x0000000065970000 	C:\Users\ADMIN\AppData\Local\Temp\sqlite-3.15.1-641c1e3a-fa88-4a39-8685-3acbe59f338e-sqlitejdbc.dll
0x00007ff8f5da0000 - 0x00007ff8f5f84000 	C:\Windows\SYSTEM32\dbghelp.dll

VM Arguments:
jvm_args: -Dfile.encoding=UTF-8 
java_command: com.pe.lima.sg.SgApplication
java_class_path (initial): D:\03.Gregorio_Git\02.Dysalim\sfc\target\classes;C:\Users\ADMIN\.m2\repository\org\springframework\boot\spring-boot-starter-thymeleaf\1.5.4.RELEASE\spring-boot-starter-thymeleaf-1.5.4.RELEASE.jar;C:\Users\ADMIN\.m2\repository\org\springframework\boot\spring-boot-starter\1.5.4.RELEASE\spring-boot-starter-1.5.4.RELEASE.jar;C:\Users\ADMIN\.m2\repository\org\springframework\boot\spring-boot-starter-logging\1.5.4.RELEASE\spring-boot-starter-logging-1.5.4.RELEASE.jar;C:\Users\ADMIN\.m2\repository\org\yaml\snakeyaml\1.17\snakeyaml-1.17.jar;C:\Users\ADMIN\.m2\repository\org\thymeleaf\thymeleaf-spring4\2.1.5.RELEASE\thymeleaf-spring4-2.1.5.RELEASE.jar;C:\Users\ADMIN\.m2\repository\org\thymeleaf\thymeleaf\2.1.5.RELEASE\thymeleaf-2.1.5.RELEASE.jar;C:\Users\ADMIN\.m2\repository\ognl\ognl\3.0.8\ognl-3.0.8.jar;C:\Users\ADMIN\.m2\repository\org\unbescape\unbescape\1.1.0.RELEASE\unbescape-1.1.0.RELEASE.jar;C:\Users\ADMIN\.m2\repository\nz\net\ultraq\thymeleaf\thymeleaf-layout-dialect\1.4.0\thymeleaf-layout-dialect-1.4.0.jar;C:\Users\ADMIN\.m2\repository\org\codehaus\groovy\groovy\2.4.11\groovy-2.4.11.jar;C:\Users\ADMIN\.m2\repository\org\webjars\bootstrap\3.3.7\bootstrap-3.3.7.jar;C:\Users\ADMIN\.m2\repository\org\webjars\jquery\1.11.1\jquery-1.11.1.jar;C:\Users\ADMIN\.m2\repository\org\springframework\boot\spring-boot-starter-web\1.5.4.RELEASE\spring-boot-starter-web-1.5.4.RELEASE.jar;C:\Users\ADMIN\.m2\repository\org\springframework\boot\spring-boot-starter-tomcat\1.5.4.RELEASE\spring-boot-starter-tomcat-1.5.4.RELEASE.jar;C:\Users\ADMIN\.m2\repository\org\apache\tomcat\embed\tomcat-embed-core\8.5.15\tomcat-embed-core-8.5.15.jar;C:\Users\ADMIN\.m2\repository\org\apache\tomcat\embed\tomcat-embed-el\8.5.15\tomcat-embed-el-8.5.15.jar;C:\Users\ADMIN\.m2\repository\org\apache\tomcat\embed\tomcat-embed-websocket\8.5.15\tomcat-embed-websocket-8.5.15.jar;C:\Users\ADMIN\.m2\repository\org\hibernate\hibernate-validator\5.3.5.Final\hibernate-validator-5.3.5.Final
Launcher Type: SUN_STANDARD

Environment Variables:
JAVA_HOME=C:\Program Files\Java\jdk1.8.0_91
PATH=C:/Program Files/Java/jdk1.8.0_91/bin/../jre/bin/server;C:/Program Files/Java/jdk1.8.0_91/bin/../jre/bin;C:/Program Files/Java/jdk1.8.0_91/bin/../jre/lib/amd64;C:\Program Files\Java\jdk1.8.0_91\bin;C:\Windows\system32;C:\Windows;C:\Windows\System32\Wbem;C:\Windows\System32\WindowsPowerShell\v1.0\;C:\Windows\System32\OpenSSH\;D:\03.Gregorio\02.Instaladores\Maven\apache-maven-3.8.4\bin;C:\Program Files\Git\cmd;D:\03.Gregorio\02.Instaladores\Ant\apache-ant-1.9.16\bin;C:\Program Files\PuTTY\;C:\ProgramData\Oracle\Java\javapath;C:\Program Files\Common Files\Oracle\Java\javapath;C:\Users\ADMIN\AppData\Local\Microsoft\WindowsApps;;C:\Program Files\JetBrains\IntelliJ IDEA Community Edition 2023.1\bin;;D:\03.Gregorio\02.Instaladores\Eclipse\eclipse;
USERNAME=ADMIN
OS=Windows_NT
PROCESSOR_IDENTIFIER=Intel64 Family 6 Model 60 Stepping 3, GenuineIntel



---------------  S Y S T E M  ---------------

OS: Windows 10.0 , 64 bit Build 19041 (10.0.19041.2913)

CPU:total 8 (4 cores per cpu, 2 threads per core) family 6 model 60 stepping 3, cmov, cx8, fxsr, mmx, sse, sse2, sse3, ssse3, sse4.1, sse4.2, popcnt, avx, avx2, aes, clmul, erms, lzcnt, ht, tsc, tscinvbit, bmi1, bmi2

Memory: 4k page, physical 12497260k(5269012k free), swap 14397804k(4251524k free)

vm_info: Java HotSpot(TM) 64-Bit Server VM (25.91-b15) for windows-amd64 JRE (1.8.0_91-b15), built on May 20 2016 17:43:15 by "java_re" with MS VC++ 10.0 (VS2010)

time: Sat Jun 10 21:19:35 2023
elapsed time: 1098 seconds (0d 0h 18m 18s)

