#
# A fatal error has been detected by the Java Runtime Environment:
#
#  EXCEPTION_ACCESS_VIOLATION (0xc0000005) at pc=0x00000000658f9565, pid=14468, tid=860
#
# JRE version: Java(TM) SE Runtime Environment (8.0_91-b15) (build 1.8.0_91-b15)
# Java VM: Java HotSpot(TM) 64-Bit Server VM (25.91-b15 mixed mode windows-amd64 compressed oops)
# Problematic frame:
# C  [sqlite-3.15.1-59a077c5-58e0-4f09-b586-64807b4e4e09-sqlitejdbc.dll+0x79565]
#
# Failed to write core dump. Minidumps are not enabled by default on client versions of Windows
#
# If you would like to submit a bug report, please visit:
#   http://bugreport.java.com/bugreport/crash.jsp
# The crash happened outside the Java Virtual Machine in native code.
# See problematic frame for where to report the bug.
#

---------------  T H R E A D  ---------------

Current thread (0x000000000269d800):  JavaThread "Finalizer" daemon [_thread_in_native, id=860, stack(0x000000001be90000,0x000000001bf90000)]

siginfo: ExceptionCode=0xc0000005, reading address 0x0000000000000018

Registers:
RAX=0x00000000658826d0, RBX=0x0000000026d8d078, RCX=0x0000000026d8d078, RDX=0x000000001bf8f170
RSP=0x000000001bf8f070, RBP=0x000000001bf8f140, RSI=0x0000000000000000, RDI=0x00000000e09a1f2a
R8 =0x0000000026d8d078, R9 =0x00000000025c7200, R10=0x00000000026b8a2b, R11=0x000000006d439d90
R12=0x0000000000000000, R13=0x0000000028582a48, R14=0x000000001bf8f170, R15=0x000000000269d800
RIP=0x00000000658f9565, EFLAGS=0x0000000000010206

Top of Stack: (sp=0x000000001bf8f070)
0x000000001bf8f070:   0000000000000009 000000000269d800
0x000000001bf8f080:   0000000019ba8db0 000000006d2c6071
0x000000001bf8f090:   000000001bf8f6a8 0000000028582a48
0x000000001bf8f0a0:   0000000000000009 00000000026b8a57
0x000000001bf8f0b0:   00000000e09a1f2a 00000000026b87f1
0x000000001bf8f0c0:   000000000269d800 0000000028582a48
0x000000001bf8f0d0:   000000000269d800 000000006d4a486f
0x000000001bf8f0e0:   00000007062ff838 00000000026b87b9
0x000000001bf8f0f0:   0000000000000003 0000000706234358
0x000000001bf8f100:   000000001bf8f0f0 0000000028582a48
0x000000001bf8f110:   000000001bf8f170 00000000285b4630
0x000000001bf8f120:   0000000000000000 0000000028582a48
0x000000001bf8f130:   0000000000000000 000000001bf8f160
0x000000001bf8f140:   000000001bf8f1b8 00000000026a7da0
0x000000001bf8f150:   0000000000000000 00000000026b19d6
0x000000001bf8f160:   0000000026d8d078 0000000026d8d078 

Instructions: (pc=0x00000000658f9565)
0x00000000658f9545:   48 83 c4 38 c3 66 0f 1f 44 00 00 56 53 48 83 ec
0x00000000658f9555:   28 48 85 c9 0f 84 b1 00 00 00 48 8b 31 48 89 cb
0x00000000658f9565:   48 8b 4e 18 48 85 c9 74 06 ff 15 94 ec 04 00 48
0x00000000658f9575:   83 bb b0 00 00 00 00 7e 0b 48 89 da 48 89 f1 e8 


Register to memory mapping:

RAX=0x00000000658826d0 is an unknown value
RBX=0x0000000026d8d078 is an unknown value
RCX=0x0000000026d8d078 is an unknown value
RDX=0x000000001bf8f170 is pointing into the stack for thread: 0x000000000269d800
RSP=0x000000001bf8f070 is pointing into the stack for thread: 0x000000000269d800
RBP=0x000000001bf8f140 is pointing into the stack for thread: 0x000000000269d800
RSI=0x0000000000000000 is an unknown value
RDI=0x00000000e09a1f2a is an unknown value
R8 =0x0000000026d8d078 is an unknown value
R9 =0x00000000025c7200 is an unknown value
R10=0x00000000026b8a2b is at code_begin+1227 in an Interpreter codelet
method entry point (kind = native_synchronized)  [0x00000000026b8560, 0x00000000026b9040]  2784 bytes
R11=0x000000006d439d90 is an unknown value
R12=0x0000000000000000 is an unknown value
R13={method} {0x0000000028582a50} 'reset' '(J)I' in 'org/sqlite/core/NativeDB'
R14=0x000000001bf8f170 is pointing into the stack for thread: 0x000000000269d800
R15=0x000000000269d800 is a thread


Stack: [0x000000001be90000,0x000000001bf90000],  sp=0x000000001bf8f070,  free space=1020k
Native frames: (J=compiled Java code, j=interpreted, Vv=VM code, C=native code)
C  [sqlite-3.15.1-59a077c5-58e0-4f09-b586-64807b4e4e09-sqlitejdbc.dll+0x79565]
C  0x00000000026b8a57

Java frames: (J=compiled Java code, j=interpreted, Vv=VM code)
j  org.sqlite.core.NativeDB.reset(J)I+0
j  org.sqlite.core.CoreResultSet.close()V+81
j  org.sqlite.jdbc4.JDBC4ResultSet.close()V+6
j  org.sqlite.core.CoreStatement.internalClose()V+34
j  org.sqlite.jdbc3.JDBC3Statement.close()V+33
j  org.sqlite.jdbc4.JDBC4Statement.close()V+1
j  org.sqlite.core.CorePreparedStatement.finalize()V+1
J 3347 C2 java.lang.ref.Finalizer.access$100(Ljava/lang/ref/Finalizer;Lsun/misc/JavaLangAccess;)V (6 bytes) @ 0x00000000027e6968 [0x00000000027e6780+0x1e8]
j  java.lang.ref.Finalizer$FinalizerThread.run()V+45
v  ~StubRoutines::call_stub

---------------  P R O C E S S  ---------------

Java Threads: ( => current thread )
  0x000000001d51b800 JavaThread "restartedMain" [_thread_in_native, id=12352, stack(0x0000000026b70000,0x0000000026c70000)]
  0x000000001d51d000 JavaThread "Thread-17" [_thread_blocked, id=15548, stack(0x0000000023db0000,0x0000000023eb0000)]
  0x000000001d518800 JavaThread "http-nio-8080-AsyncTimeout" daemon [_thread_blocked, id=9068, stack(0x0000000029d30000,0x0000000029e30000)]
  0x0000000020adb800 JavaThread "Java2D Disposer" daemon [_thread_blocked, id=15104, stack(0x000000001e730000,0x000000001e830000)]
  0x0000000020adc800 JavaThread "DestroyJavaVM" [_thread_blocked, id=6092, stack(0x00000000023d0000,0x00000000024d0000)]
  0x0000000021e80800 JavaThread "Live Reload Server" daemon [_thread_in_native, id=12620, stack(0x0000000027bd0000,0x0000000027cd0000)]
  0x000000001bb65000 JavaThread "Service Thread" daemon [_thread_blocked, id=7452, stack(0x000000001c6b0000,0x000000001c7b0000)]
  0x000000001bad7000 JavaThread "C1 CompilerThread3" daemon [_thread_blocked, id=13596, stack(0x000000001c5b0000,0x000000001c6b0000)]
  0x000000001bad3000 JavaThread "C2 CompilerThread2" daemon [_thread_in_native, id=6180, stack(0x000000001c4b0000,0x000000001c5b0000)]
  0x000000001bac4000 JavaThread "C2 CompilerThread1" daemon [_thread_blocked, id=11932, stack(0x000000001c3b0000,0x000000001c4b0000)]
  0x000000001bac0000 JavaThread "C2 CompilerThread0" daemon [_thread_blocked, id=9988, stack(0x000000001c2b0000,0x000000001c3b0000)]
  0x000000001babe800 JavaThread "Attach Listener" daemon [_thread_blocked, id=7052, stack(0x000000001c1b0000,0x000000001c2b0000)]
  0x000000001babd800 JavaThread "Signal Dispatcher" daemon [_thread_blocked, id=11760, stack(0x000000001c0b0000,0x000000001c1b0000)]
=>0x000000000269d800 JavaThread "Finalizer" daemon [_thread_in_native, id=860, stack(0x000000001be90000,0x000000001bf90000)]
  0x000000000269c800 JavaThread "Reference Handler" daemon [_thread_blocked, id=13480, stack(0x000000001b990000,0x000000001ba90000)]

Other Threads:
  0x0000000019ba9800 VMThread [stack: 0x000000001b890000,0x000000001b990000] [id=14164]
  0x000000001bbb2000 WatcherThread [stack: 0x000000001c7b0000,0x000000001c8b0000] [id=1076]

VM state:not at safepoint (normal execution)

VM Mutex/Monitor currently owned by a thread: None

Heap:
 PSYoungGen      total 851456K, used 9517K [0x0000000780700000, 0x00000007b7100000, 0x00000007c0000000)
  eden space 815616K, 1% used [0x0000000780700000,0x000000078104b520,0x00000007b2380000)
  from space 35840K, 0% used [0x00000007b4900000,0x00000007b4900000,0x00000007b6c00000)
  to   space 38400K, 0% used [0x00000007b2380000,0x00000007b2380000,0x00000007b4900000)
 ParOldGen       total 200704K, used 80911K [0x0000000701400000, 0x000000070d800000, 0x0000000780700000)
  object space 200704K, 40% used [0x0000000701400000,0x0000000706303df8,0x000000070d800000)
 Metaspace       used 75045K, capacity 76552K, committed 76800K, reserved 1118208K
  class space    used 8607K, capacity 8948K, committed 8960K, reserved 1048576K

Card table byte_map: [0x0000000011a60000,0x0000000012060000] byte_map_base: 0x000000000e256000

Marking Bits: (ParMarkBitMap*) 0x000000006da22f70
 Begin Bits: [0x0000000012c60000, 0x0000000015c10000)
 End Bits:   [0x0000000015c10000, 0x0000000018bc0000)

Polling page: 0x0000000000540000

CodeCache: size=245760Kb used=34743Kb max_used=34895Kb free=211016Kb
 bounds [0x00000000026a0000, 0x0000000004900000, 0x00000000116a0000]
 total_blobs=10401 nmethods=9457 adapters=854
 compilation: enabled

Compilation events (10 events):
Event: 256.515 Thread 0x000000001bad7000 11838       3       java.math.BigInteger::valueOf (62 bytes)
Event: 256.515 Thread 0x000000001bad7000 nmethod 11838 0x0000000003e6e6d0 code [0x0000000003e6e860, 0x0000000003e6ec48]
Event: 256.516 Thread 0x000000001bad7000 11839       3       java.math.BigInteger::<init> (77 bytes)
Event: 256.516 Thread 0x000000001bad7000 nmethod 11839 0x0000000003de7150 code [0x0000000003de72c0, 0x0000000003de76f0]
Event: 256.516 Thread 0x000000001bac4000 nmethod 11830 0x00000000040061d0 code [0x0000000004006320, 0x0000000004006508]
Event: 256.516 Thread 0x000000001bac4000 11828       4       java.io.ObjectOutputStream::writeClassDesc (60 bytes)
Event: 256.519 Thread 0x000000001bad7000 11842   !   3       org.apache.catalina.loader.WebappClassLoaderBase::loadedByThisOrChild (145 bytes)
Event: 256.844 Thread 0x000000001bad7000 nmethod 11842 0x0000000003e565d0 code [0x0000000003e569a0, 0x0000000003e591f8]
Event: 256.844 Thread 0x000000001bac4000 nmethod 11828 0x0000000003e79990 code [0x0000000003e79b20, 0x0000000003e7a010]
Event: 256.844 Thread 0x000000001bac4000 11843       4       java.util.Arrays::fill (21 bytes)

GC Heap History (10 events):
Event: 115.318 GC heap before
{Heap before GC invocations=13 (full 3):
 PSYoungGen      total 530944K, used 400327K [0x0000000780700000, 0x00000007ada80000, 0x00000007c0000000)
  eden space 508416K, 78% used [0x0000000780700000,0x0000000798df1e98,0x000000079f780000)
  from space 22528K, 0% used [0x000000079f780000,0x000000079f780000,0x00000007a0d80000)
  to   space 36864K, 0% used [0x00000007ab680000,0x00000007ab680000,0x00000007ada80000)
 ParOldGen       total 200704K, used 69480K [0x0000000701400000, 0x000000070d800000, 0x0000000780700000)
  object space 200704K, 34% used [0x0000000701400000,0x00000007057da090,0x000000070d800000)
 Metaspace       used 70027K, capacity 71182K, committed 71424K, reserved 1112064K
  class space    used 8346K, capacity 8613K, committed 8704K, reserved 1048576K
Event: 115.335 GC heap after
Heap after GC invocations=13 (full 3):
 PSYoungGen      total 674304K, used 12762K [0x0000000780700000, 0x00000007aca80000, 0x00000007c0000000)
  eden space 653824K, 0% used [0x0000000780700000,0x0000000780700000,0x00000007a8580000)
  from space 20480K, 62% used [0x00000007ab680000,0x00000007ac2f6aa8,0x00000007aca80000)
  to   space 35328K, 0% used [0x00000007a8580000,0x00000007a8580000,0x00000007aa800000)
 ParOldGen       total 200704K, used 69496K [0x0000000701400000, 0x000000070d800000, 0x0000000780700000)
  object space 200704K, 34% used [0x0000000701400000,0x00000007057de090,0x000000070d800000)
 Metaspace       used 70027K, capacity 71182K, committed 71424K, reserved 1112064K
  class space    used 8346K, capacity 8613K, committed 8704K, reserved 1048576K
}
Event: 115.335 GC heap before
{Heap before GC invocations=14 (full 4):
 PSYoungGen      total 674304K, used 12762K [0x0000000780700000, 0x00000007aca80000, 0x00000007c0000000)
  eden space 653824K, 0% used [0x0000000780700000,0x0000000780700000,0x00000007a8580000)
  from space 20480K, 62% used [0x00000007ab680000,0x00000007ac2f6aa8,0x00000007aca80000)
  to   space 35328K, 0% used [0x00000007a8580000,0x00000007a8580000,0x00000007aa800000)
 ParOldGen       total 200704K, used 69496K [0x0000000701400000, 0x000000070d800000, 0x0000000780700000)
  object space 200704K, 34% used [0x0000000701400000,0x00000007057de090,0x000000070d800000)
 Metaspace       used 70027K, capacity 71182K, committed 71424K, reserved 1112064K
  class space    used 8346K, capacity 8613K, committed 8704K, reserved 1048576K
Event: 115.686 GC heap after
Heap after GC invocations=14 (full 4):
 PSYoungGen      total 674304K, used 0K [0x0000000780700000, 0x00000007aca80000, 0x00000007c0000000)
  eden space 653824K, 0% used [0x0000000780700000,0x0000000780700000,0x00000007a8580000)
  from space 20480K, 0% used [0x00000007ab680000,0x00000007ab680000,0x00000007aca80000)
  to   space 35328K, 0% used [0x00000007a8580000,0x00000007a8580000,0x00000007aa800000)
 ParOldGen       total 200704K, used 65025K [0x0000000701400000, 0x000000070d800000, 0x0000000780700000)
  object space 200704K, 32% used [0x0000000701400000,0x0000000705380630,0x000000070d800000)
 Metaspace       used 70025K, capacity 71176K, committed 71424K, reserved 1112064K
  class space    used 8345K, capacity 8612K, committed 8704K, reserved 1048576K
}
Event: 119.776 GC heap before
{Heap before GC invocations=15 (full 4):
 PSYoungGen      total 674304K, used 653824K [0x0000000780700000, 0x00000007aca80000, 0x00000007c0000000)
  eden space 653824K, 100% used [0x0000000780700000,0x00000007a8580000,0x00000007a8580000)
  from space 20480K, 0% used [0x00000007ab680000,0x00000007ab680000,0x00000007aca80000)
  to   space 35328K, 0% used [0x00000007a8580000,0x00000007a8580000,0x00000007aa800000)
 ParOldGen       total 200704K, used 65025K [0x0000000701400000, 0x000000070d800000, 0x0000000780700000)
  object space 200704K, 32% used [0x0000000701400000,0x0000000705380630,0x000000070d800000)
 Metaspace       used 72843K, capacity 74052K, committed 74368K, reserved 1114112K
  class space    used 8486K, capacity 8764K, committed 8832K, reserved 1048576K
Event: 119.799 GC heap after
Heap after GC invocations=15 (full 4):
 PSYoungGen      total 689152K, used 22485K [0x0000000780700000, 0x00000007b6c00000, 0x00000007c0000000)
  eden space 653824K, 0% used [0x0000000780700000,0x0000000780700000,0x00000007a8580000)
  from space 35328K, 63% used [0x00000007a8580000,0x00000007a9b75580,0x00000007aa800000)
  to   space 35840K, 0% used [0x00000007b4900000,0x00000007b4900000,0x00000007b6c00000)
 ParOldGen       total 200704K, used 65033K [0x0000000701400000, 0x000000070d800000, 0x0000000780700000)
  object space 200704K, 32% used [0x0000000701400000,0x0000000705382630,0x000000070d800000)
 Metaspace       used 72843K, capacity 74052K, committed 74368K, reserved 1114112K
  class space    used 8486K, capacity 8764K, committed 8832K, reserved 1048576K
}
Event: 256.524 GC heap before
{Heap before GC invocations=16 (full 4):
 PSYoungGen      total 689152K, used 506390K [0x0000000780700000, 0x00000007b6c00000, 0x00000007c0000000)
  eden space 653824K, 74% used [0x0000000780700000,0x000000079df90600,0x00000007a8580000)
  from space 35328K, 63% used [0x00000007a8580000,0x00000007a9b75580,0x00000007aa800000)
  to   space 35840K, 0% used [0x00000007b4900000,0x00000007b4900000,0x00000007b6c00000)
 ParOldGen       total 200704K, used 65033K [0x0000000701400000, 0x000000070d800000, 0x0000000780700000)
  object space 200704K, 32% used [0x0000000701400000,0x0000000705382630,0x000000070d800000)
 Metaspace       used 75044K, capacity 76552K, committed 76800K, reserved 1118208K
  class space    used 8607K, capacity 8947K, committed 8960K, reserved 1048576K
Event: 256.542 GC heap after
Heap after GC invocations=16 (full 4):
 PSYoungGen      total 851456K, used 27987K [0x0000000780700000, 0x00000007b7100000, 0x00000007c0000000)
  eden space 815616K, 0% used [0x0000000780700000,0x0000000780700000,0x00000007b2380000)
  from space 35840K, 78% used [0x00000007b4900000,0x00000007b6454d10,0x00000007b6c00000)
  to   space 38400K, 0% used [0x00000007b2380000,0x00000007b2380000,0x00000007b4900000)
 ParOldGen       total 200704K, used 65041K [0x0000000701400000, 0x000000070d800000, 0x0000000780700000)
  object space 200704K, 32% used [0x0000000701400000,0x0000000705384630,0x000000070d800000)
 Metaspace       used 75044K, capacity 76552K, committed 76800K, reserved 1118208K
  class space    used 8607K, capacity 8947K, committed 8960K, reserved 1048576K
}
Event: 256.542 GC heap before
{Heap before GC invocations=17 (full 5):
 PSYoungGen      total 851456K, used 27987K [0x0000000780700000, 0x00000007b7100000, 0x00000007c0000000)
  eden space 815616K, 0% used [0x0000000780700000,0x0000000780700000,0x00000007b2380000)
  from space 35840K, 78% used [0x00000007b4900000,0x00000007b6454d10,0x00000007b6c00000)
  to   space 38400K, 0% used [0x00000007b2380000,0x00000007b2380000,0x00000007b4900000)
 ParOldGen       total 200704K, used 65041K [0x0000000701400000, 0x000000070d800000, 0x0000000780700000)
  object space 200704K, 32% used [0x0000000701400000,0x0000000705384630,0x000000070d800000)
 Metaspace       used 75044K, capacity 76552K, committed 76800K, reserved 1118208K
  class space    used 8607K, capacity 8947K, committed 8960K, reserved 1048576K
Event: 256.843 GC heap after
Heap after GC invocations=17 (full 5):
 PSYoungGen      total 851456K, used 0K [0x0000000780700000, 0x00000007b7100000, 0x00000007c0000000)
  eden space 815616K, 0% used [0x0000000780700000,0x0000000780700000,0x00000007b2380000)
  from space 35840K, 0% used [0x00000007b4900000,0x00000007b4900000,0x00000007b6c00000)
  to   space 38400K, 0% used [0x00000007b2380000,0x00000007b2380000,0x00000007b4900000)
 ParOldGen       total 200704K, used 80911K [0x0000000701400000, 0x000000070d800000, 0x0000000780700000)
  object space 200704K, 40% used [0x0000000701400000,0x0000000706303df8,0x000000070d800000)
 Metaspace       used 75041K, capacity 76546K, committed 76800K, reserved 1118208K
  class space    used 8606K, capacity 8946K, committed 8960K, reserved 1048576K
}

Deoptimization events (10 events):
Event: 137.743 Thread 0x0000000021e82000 Uncommon trap: reason=array_check action=maybe_recompile pc=0x00000000048403e4 method=java.util.TimSort.binarySort([Ljava/lang/Object;IIILjava/util/Comparator;)V @ 193
Event: 137.744 Thread 0x0000000021e82000 Uncommon trap: reason=array_check action=maybe_recompile pc=0x00000000048403e4 method=java.util.TimSort.binarySort([Ljava/lang/Object;IIILjava/util/Comparator;)V @ 193
Event: 137.744 Thread 0x0000000021e82000 Uncommon trap: reason=array_check action=maybe_recompile pc=0x00000000048403e4 method=java.util.TimSort.binarySort([Ljava/lang/Object;IIILjava/util/Comparator;)V @ 193
Event: 137.761 Thread 0x0000000021e82000 Uncommon trap: reason=array_check action=maybe_recompile pc=0x00000000048403e4 method=java.util.TimSort.binarySort([Ljava/lang/Object;IIILjava/util/Comparator;)V @ 193
Event: 199.564 Thread 0x0000000021e83800 Uncommon trap: reason=bimorphic action=maybe_recompile pc=0x0000000003e1208c method=java.util.HashMap.removeNode(ILjava/lang/Object;Ljava/lang/Object;ZZ)Ljava/util/HashMap$Node; @ 143
Event: 256.501 Thread 0x000000001d51c000 Uncommon trap: reason=unstable_if action=reinterpret pc=0x0000000003c07ecc method=java.io.ObjectStreamClass.hasWriteReplaceMethod()Z @ 8
Event: 256.501 Thread 0x000000001d51c000 Uncommon trap: reason=class_check action=maybe_recompile pc=0x00000000038b6b80 method=java.io.DataOutputStream.writeInt(I)V @ 12
Event: 256.517 Thread 0x000000001d51c000 Uncommon trap: reason=array_check action=maybe_recompile pc=0x000000000437f940 method=java.util.Arrays.fill([Ljava/lang/Object;Ljava/lang/Object;)V @ 13
Event: 256.517 Thread 0x000000001d51c000 Uncommon trap: reason=array_check action=maybe_recompile pc=0x0000000002ccdac0 method=java.util.ComparableTimSort.reverseRange([Ljava/lang/Object;II)V @ 27
Event: 256.523 Thread 0x000000001d51d000 Uncommon trap: reason=array_check action=maybe_recompile pc=0x000000000437f940 method=java.util.Arrays.fill([Ljava/lang/Object;Ljava/lang/Object;)V @ 13

Internal exceptions (10 events):
Event: 120.883 Thread 0x0000000020ae1800 Exception <a 'java/security/PrivilegedActionException'> (0x000000078ad21068) thrown at [C:\re\workspace\8-2-build-windows-amd64-cygwin\jdk8u91\7017\hotspot\src\share\vm\prims\jvm.cpp, line 1386]
Event: 121.075 Thread 0x0000000020ae1800 Exception <a 'java/io/FileNotFoundException'> (0x000000078c6a31e8) thrown at [C:\re\workspace\8-2-build-windows-amd64-cygwin\jdk8u91\7017\hotspot\src\share\vm\prims\jni.cpp, line 709]
Event: 121.076 Thread 0x0000000020ae1800 Exception <a 'java/io/FileNotFoundException'> (0x000000078c6a3e08) thrown at [C:\re\workspace\8-2-build-windows-amd64-cygwin\jdk8u91\7017\hotspot\src\share\vm\prims\jni.cpp, line 709]
Event: 136.772 Thread 0x0000000021e83000 Exception <a 'java/lang/ClassNotFoundException': java/lang/ObjectCustomizer> (0x00000007913a2650) thrown at [C:\re\workspace\8-2-build-windows-amd64-cygwin\jdk8u91\7017\hotspot\src\share\vm\classfile\systemDictionary.cpp, line 210]
Event: 136.773 Thread 0x0000000021e83000 Exception <a 'java/lang/ClassNotFoundException': com/pe/lima/sg/presentacion/FiltroCustomizer> (0x0000000792b30e10) thrown at [C:\re\workspace\8-2-build-windows-amd64-cygwin\jdk8u91\7017\hotspot\src\share\vm\classfile\systemDictionary.cpp, line 210]
Event: 137.673 Thread 0x0000000021e82000 Exception <a 'java/lang/ClassNotFoundException': java/lang/ObjectCustomizer> (0x0000000792e59c30) thrown at [C:\re\workspace\8-2-build-windows-amd64-cygwin\jdk8u91\7017\hotspot\src\share\vm\classfile\systemDictionary.cpp, line 210]
Event: 137.674 Thread 0x0000000021e82000 Exception <a 'java/lang/ClassNotFoundException': com/pe/lima/sg/presentacion/util/PageableSGCustomizer> (0x0000000792e81728) thrown at [C:\re\workspace\8-2-build-windows-amd64-cygwin\jdk8u91\7017\hotspot\src\share\vm\classfile\systemDictionary.cpp, line 21Ö—¨lü5a@
Event: 137.676 Thread 0x0000000021e82000 Exception <a 'java/lang/ClassNotFoundException': org/springframework/data/domain/PageableCustomizer> (0x0000000792eb29a8) thrown at [C:\re\workspace\8-2-build-windows-amd64-cygwin\jdk8u91\7017\hotspot\src\share\vm\classfile\systemDictionary.cpp, line 210]
Event: 256.495 Thread 0x0000000020ae0000 Exception <a 'java/lang/InterruptedException': sleep interrupted> (0x0000000796aee750) thrown at [C:\re\workspace\8-2-build-windows-amd64-cygwin\jdk8u91\7017\hotspot\src\share\vm\prims\jvm.cpp, line 3215]
Event: 256.522 Thread 0x0000000020ad9800 Exception <a 'java/lang/InterruptedException': sleep interrupted> (0x000000079dd02910) thrown at [C:\re\workspace\8-2-build-windows-amd64-cygwin\jdk8u91\7017\hotspot\src\share\vm\prims\jvm.cpp, line 3215]

Events (10 events):
Event: 256.843 Executing VM operation: RevokeBias
Event: 256.844 Thread 0x000000001d51f000 Thread added: 0x000000001d51f000
Event: 256.844 Executing VM operation: RevokeBias done
Event: 256.844 Executing VM operation: RevokeBias
Event: 256.844 Executing VM operation: RevokeBias done
Event: 256.844 Executing VM operation: RevokeBias
Event: 256.844 Executing VM operation: RevokeBias done
Event: 256.844 Executing VM operation: RevokeBias
Event: 256.844 Executing VM operation: RevokeBias done
Event: 256.844 Executing VM operation: RevokeBias


Dynamic libraries:
0x00007ff6dff70000 - 0x00007ff6dffa7000 	C:\Program Files\Java\jdk1.8.0_91\bin\javaw.exe
0x00007ffc847d0000 - 0x00007ffc849c8000 	C:\Windows\SYSTEM32\ntdll.dll
0x00007ffc83470000 - 0x00007ffc8352f000 	C:\Windows\System32\KERNEL32.DLL
0x00007ffc82480000 - 0x00007ffc82776000 	C:\Windows\System32\KERNELBASE.dll
0x00007ffc84570000 - 0x00007ffc8461f000 	C:\Windows\System32\ADVAPI32.dll
0x00007ffc83550000 - 0x00007ffc835ee000 	C:\Windows\System32\msvcrt.dll
0x00007ffc82f70000 - 0x00007ffc8300c000 	C:\Windows\System32\sechost.dll
0x00007ffc83a80000 - 0x00007ffc83ba6000 	C:\Windows\System32\RPCRT4.dll
0x00007ffc837a0000 - 0x00007ffc8393d000 	C:\Windows\System32\USER32.dll
0x00007ffc827d0000 - 0x00007ffc827f2000 	C:\Windows\System32\win32u.dll
0x00007ffc83010000 - 0x00007ffc8303c000 	C:\Windows\System32\GDI32.dll
0x00007ffc820b0000 - 0x00007ffc821c5000 	C:\Windows\System32\gdi32full.dll
0x00007ffc81eb0000 - 0x00007ffc81f4d000 	C:\Windows\System32\msvcp_win.dll
0x00007ffc82380000 - 0x00007ffc82480000 	C:\Windows\System32\ucrtbase.dll
0x00007ffc78b90000 - 0x00007ffc78e2a000 	C:\Windows\WinSxS\amd64_microsoft.windows.common-controls_6595b64144ccf1df_6.0.19041.1110_none_60b5254171f9507e\COMCTL32.dll
0x00007ffc84750000 - 0x00007ffc84780000 	C:\Windows\System32\IMM32.DLL
0x000000006ce80000 - 0x000000006cf52000 	C:\Program Files\Java\jdk1.8.0_91\jre\bin\msvcr100.dll
0x000000006d210000 - 0x000000006daa3000 	C:\Program Files\Java\jdk1.8.0_91\jre\bin\server\jvm.dll
0x00007ffc83730000 - 0x00007ffc83738000 	C:\Windows\System32\PSAPI.DLL
0x00007ffc6d700000 - 0x00007ffc6d709000 	C:\Windows\SYSTEM32\WSOCK32.dll
0x00007ffc79b40000 - 0x00007ffc79b67000 	C:\Windows\SYSTEM32\WINMM.dll
0x00007ffc79b70000 - 0x00007ffc79b7a000 	C:\Windows\SYSTEM32\VERSION.dll
0x00007ffc83db0000 - 0x00007ffc83e1b000 	C:\Windows\System32\WS2_32.dll
0x000000006d120000 - 0x000000006d12f000 	C:\Program Files\Java\jdk1.8.0_91\jre\bin\verify.dll
0x000000006d0f0000 - 0x000000006d119000 	C:\Program Files\Java\jdk1.8.0_91\jre\bin\java.dll
0x000000006d0a0000 - 0x000000006d0b6000 	C:\Program Files\Java\jdk1.8.0_91\jre\bin\zip.dll
0x00007ffc83e20000 - 0x00007ffc84564000 	C:\Windows\System32\SHELL32.dll
0x00007ffc7ff60000 - 0x00007ffc806f3000 	C:\Windows\SYSTEM32\windows.storage.dll
0x00007ffc83040000 - 0x00007ffc83394000 	C:\Windows\System32\combase.dll
0x00007ffc81900000 - 0x00007ffc8192e000 	C:\Windows\SYSTEM32\Wldp.dll
0x00007ffc839d0000 - 0x00007ffc83a7d000 	C:\Windows\System32\SHCORE.dll
0x00007ffc835f0000 - 0x00007ffc83645000 	C:\Windows\System32\shlwapi.dll
0x00007ffc81df0000 - 0x00007ffc81e0f000 	C:\Windows\SYSTEM32\profapi.dll
0x000000006ce70000 - 0x000000006ce7d000 	C:\Program Files\Java\jdk1.8.0_91\jre\bin\management.dll
0x000000006d080000 - 0x000000006d09a000 	C:\Program Files\Java\jdk1.8.0_91\jre\bin\net.dll
0x00007ffc81660000 - 0x00007ffc816ca000 	C:\Windows\system32\mswsock.dll
0x00007ffc7c890000 - 0x00007ffc7c8a7000 	C:\Windows\system32\napinsp.dll
0x00007ffc7c3f0000 - 0x00007ffc7c40b000 	C:\Windows\system32\pnrpnsp.dll
0x00007ffc7c7c0000 - 0x00007ffc7c7d5000 	C:\Windows\system32\wshbth.dll
0x00007ffc7d890000 - 0x00007ffc7d8ad000 	C:\Windows\system32\NLAapi.dll
0x00007ffc81300000 - 0x00007ffc8133c000 	C:\Windows\SYSTEM32\IPHLPAPI.DLL
0x00007ffc81350000 - 0x00007ffc8141a000 	C:\Windows\SYSTEM32\DNSAPI.dll
0x00007ffc84780000 - 0x00007ffc84788000 	C:\Windows\System32\NSI.dll
0x00007ffc7c3d0000 - 0x00007ffc7c3e2000 	C:\Windows\System32\winrnr.dll
0x00007ffc76880000 - 0x00007ffc7688a000 	C:\Windows\System32\rasadhlp.dll
0x00007ffc76e20000 - 0x00007ffc76ea2000 	C:\Windows\System32\fwpuclnt.dll
0x00007ffc82800000 - 0x00007ffc82827000 	C:\Windows\System32\bcrypt.dll
0x000000006d060000 - 0x000000006d071000 	C:\Program Files\Java\jdk1.8.0_91\jre\bin\nio.dll
0x00007ffc81850000 - 0x00007ffc81868000 	C:\Windows\SYSTEM32\CRYPTSP.dll
0x00007ffc80ea0000 - 0x00007ffc80ed4000 	C:\Windows\system32\rsaenh.dll
0x00007ffc81db0000 - 0x00007ffc81dde000 	C:\Windows\SYSTEM32\USERENV.dll
0x00007ffc822f0000 - 0x00007ffc82372000 	C:\Windows\System32\bcryptprimitives.dll
0x00007ffc81870000 - 0x00007ffc8187c000 	C:\Windows\SYSTEM32\CRYPTBASE.dll
0x00007ffc7a230000 - 0x00007ffc7a247000 	C:\Windows\SYSTEM32\dhcpcsvc6.DLL
0x00007ffc7a210000 - 0x00007ffc7a22d000 	C:\Windows\SYSTEM32\dhcpcsvc.DLL
0x0000000065880000 - 0x0000000065970000 	C:\Users\ADMIN\AppData\Local\Temp\sqlite-3.15.1-59a077c5-58e0-4f09-b586-64807b4e4e09-sqlitejdbc.dll
0x000000006ccd0000 - 0x000000006ce68000 	C:\Program Files\Java\jdk1.8.0_91\jre\bin\awt.dll
0x00007ffc833a0000 - 0x00007ffc8346d000 	C:\Windows\System32\OLEAUT32.dll
0x00007ffc7f6a0000 - 0x00007ffc7f731000 	C:\Windows\SYSTEM32\apphelp.dll
0x00007ffc7fa70000 - 0x00007ffc7fa9f000 	C:\Windows\system32\DWMAPI.DLL
0x00007ffc7f890000 - 0x00007ffc7f92e000 	C:\Windows\system32\uxtheme.dll
0x00007ffc6d2d0000 - 0x00007ffc6d4b4000 	C:\Windows\SYSTEM32\dbghelp.dll

VM Arguments:
jvm_args: -Dfile.encoding=UTF-8 
java_command: com.pe.lima.sg.SgApplication
java_class_path (initial): D:\03.Gregorio_Git\02.Dysalim\sfc\target\classes;C:\Users\ADMIN\.m2\repository\org\springframework\boot\spring-boot-starter-thymeleaf\1.5.4.RELEASE\spring-boot-starter-thymeleaf-1.5.4.RELEASE.jar;C:\Users\ADMIN\.m2\repository\org\thymeleaf\thymeleaf-spring4\2.1.5.RELEASE\thymeleaf-spring4-2.1.5.RELEASE.jar;C:\Users\ADMIN\.m2\repository\org\thymeleaf\thymeleaf\2.1.5.RELEASE\thymeleaf-2.1.5.RELEASE.jar;C:\Users\ADMIN\.m2\repository\ognl\ognl\3.0.8\ognl-3.0.8.jar;C:\Users\ADMIN\.m2\repository\org\unbescape\unbescape\1.1.0.RELEASE\unbescape-1.1.0.RELEASE.jar;C:\Users\ADMIN\.m2\repository\nz\net\ultraq\thymeleaf\thymeleaf-layout-dialect\1.4.0\thymeleaf-layout-dialect-1.4.0.jar;C:\Users\ADMIN\.m2\repository\org\codehaus\groovy\groovy\2.4.11\groovy-2.4.11.jar;C:\Users\ADMIN\.m2\repository\org\webjars\bootstrap\3.3.7\bootstrap-3.3.7.jar;C:\Users\ADMIN\.m2\repository\org\webjars\jquery\1.11.1\jquery-1.11.1.jar;C:\Users\ADMIN\.m2\repository\org\springframework\boot\spring-boot-starter\1.5.4.RELEASE\spring-boot-starter-1.5.4.RELEASE.jar;C:\Users\ADMIN\.m2\repository\org\springframework\boot\spring-boot\1.5.4.RELEASE\spring-boot-1.5.4.RELEASE.jar;C:\Users\ADMIN\.m2\repository\org\springframework\boot\spring-boot-autoconfigure\1.5.4.RELEASE\spring-boot-autoconfigure-1.5.4.RELEASE.jar;C:\Users\ADMIN\.m2\repository\org\springframework\boot\spring-boot-starter-logging\1.5.4.RELEASE\spring-boot-starter-logging-1.5.4.RELEASE.jar;C:\Users\ADMIN\.m2\repository\org\slf4j\jcl-over-slf4j\1.7.25\jcl-over-slf4j-1.7.25.jar;C:\Users\ADMIN\.m2\repository\org\springframework\spring-core\4.3.9.RELEASE\spring-core-4.3.9.RELEASE.jar;C:\Users\ADMIN\.m2\repository\org\yaml\snakeyaml\1.17\snakeyaml-1.17.jar;C:\Users\ADMIN\.m2\repository\org\springframework\boot\spring-boot-starter-web\1.5.4.RELEASE\spring-boot-starter-web-1.5.4.RELEASE.jar;C:\Users\ADMIN\.m2\repository\org\springframework\boot\spring-boot-starter-tomcat\1.5.4.RELEASE\spring-boot-starter-tomcat-1.5.4.RELEA
Launcher Type: SUN_STANDARD

Environment Variables:
JAVA_HOME=C:\Program Files\Java\jdk1.8.0_91
PATH=C:/Program Files/Java/jdk1.8.0_91/bin/../jre/bin/server;C:/Program Files/Java/jdk1.8.0_91/bin/../jre/bin;C:/Program Files/Java/jdk1.8.0_91/bin/../jre/lib/amd64;C:\Program Files\Java\jdk1.8.0_91\bin;C:\Windows\system32;C:\Windows;C:\Windows\System32\Wbem;C:\Windows\System32\WindowsPowerShell\v1.0\;C:\Windows\System32\OpenSSH\;D:\03.Gregorio\02.Instaladores\Maven\apache-maven-3.8.4\bin;C:\Program Files\Git\cmd;D:\03.Gregorio\02.Instaladores\Ant\apache-ant-1.9.16\bin;C:\Program Files\PuTTY\;C:\ProgramData\Oracle\Java\javapath;C:\Program Files\Common Files\Oracle\Java\javapath;C:\Users\ADMIN\AppData\Local\Microsoft\WindowsApps;;C:\Program Files\JetBrains\IntelliJ IDEA Community Edition 2023.1\bin;;D:\03.Gregorio\02.Instaladores\Eclipse\eclipse;
USERNAME=ADMIN
OS=Windows_NT
PROCESSOR_IDENTIFIER=Intel64 Family 6 Model 60 Stepping 3, GenuineIntel



---------------  S Y S T E M  ---------------

OS: Windows 10.0 , 64 bit Build 19041 (10.0.19041.3031)

CPU:total 8 (4 cores per cpu, 2 threads per core) family 6 model 60 stepping 3, cmov, cx8, fxsr, mmx, sse, sse2, sse3, ssse3, sse4.1, sse4.2, popcnt, avx, avx2, aes, clmul, erms, lzcnt, ht, tsc, tscinvbit, bmi1, bmi2

Memory: 4k page, physical 12497260k(6092720k free), swap 14397804k(6003068k free)

vm_info: Java HotSpot(TM) 64-Bit Server VM (25.91-b15) for windows-amd64 JRE (1.8.0_91-b15), built on May 20 2016 17:43:15 by "java_re" with MS VC++ 10.0 (VS2010)

time: Mon Jul 10 21:36:24 2023
elapsed time: 256 seconds (0d 0h 4m 16s)

