#
# A fatal error has been detected by the Java Runtime Environment:
#
#  EXCEPTION_ACCESS_VIOLATION (0xc0000005) at pc=0x00000000658f9565, pid=14612, tid=12480
#
# JRE version: Java(TM) SE Runtime Environment (8.0_91-b15) (build 1.8.0_91-b15)
# Java VM: Java HotSpot(TM) 64-Bit Server VM (25.91-b15 mixed mode windows-amd64 compressed oops)
# Problematic frame:
# C  [sqlite-3.15.1-0ec2bfc5-1e6b-48d9-bb6b-6127ba3eed51-sqlitejdbc.dll+0x79565]
#
# Failed to write core dump. Minidumps are not enabled by default on client versions of Windows
#
# If you would like to submit a bug report, please visit:
#   http://bugreport.java.com/bugreport/crash.jsp
# The crash happened outside the Java Virtual Machine in native code.
# See problematic frame for where to report the bug.
#

---------------  T H R E A D  ---------------

Current thread (0x000000001fcf8000):  JavaThread "Secondary finalizer" [_thread_in_native, id=12480, stack(0x0000000001200000,0x0000000001300000)]

siginfo: ExceptionCode=0xc0000005, reading address 0x0000000000000018

Registers:
RAX=0x00000000658826d0, RBX=0x0000000024a2e098, RCX=0x0000000024a2e098, RDX=0x00000000012fef80
RSP=0x00000000012fee80, RBP=0x00000000012fef50, RSI=0x0000000000000000, RDI=0x0000000000000363
R8 =0x0000000024a2e098, R9 =0x0000000025854a00, R10=0x0000000002ee8a2b, R11=0x0000000075c49d90
R12=0x0000000000000000, R13=0x000000001ebd98e0, R14=0x00000000012fef80, R15=0x000000001fcf8000
RIP=0x00000000658f9565, EFLAGS=0x0000000000010202

Top of Stack: (sp=0x00000000012fee80)
0x00000000012fee80:   0000000000000158 0000000000000000
0x00000000012fee90:   0000000022d73750 0000000075ad6071
0x00000000012feea0:   00000000012ff508 000000001ebd98e0
0x00000000012feeb0:   0000000000000158 0000000002ee8a57
0x00000000012feec0:   0000000000000363 0000000002ee87f1
0x00000000012feed0:   000000001fcf8000 000000001ebd98e0
0x00000000012feee0:   0000000000000000 0000000000000000
0x00000000012feef0:   0000000000000000 0000000002ee87b9
0x00000000012fef00:   0000000000000003 0000000706d41218
0x00000000012fef10:   00000000012fef00 000000001ebd98e0
0x00000000012fef20:   00000000012fef80 000000001ec0a4a0
0x00000000012fef30:   0000000000000000 000000001ebd98e0
0x00000000012fef40:   0000000000000000 00000000012fef70
0x00000000012fef50:   00000000012fefc8 0000000002ed7da0
0x00000000012fef60:   0000000000000000 0000000002ee19d6
0x00000000012fef70:   0000000024a2e098 0000000024a2e098 

Instructions: (pc=0x00000000658f9565)
0x00000000658f9545:   48 83 c4 38 c3 66 0f 1f 44 00 00 56 53 48 83 ec
0x00000000658f9555:   28 48 85 c9 0f 84 b1 00 00 00 48 8b 31 48 89 cb
0x00000000658f9565:   48 8b 4e 18 48 85 c9 74 06 ff 15 94 ec 04 00 48
0x00000000658f9575:   83 bb b0 00 00 00 00 7e 0b 48 89 da 48 89 f1 e8 


Register to memory mapping:

RAX=0x00000000658826d0 is an unknown value
RBX=0x0000000024a2e098 is an unknown value
RCX=0x0000000024a2e098 is an unknown value
RDX=0x00000000012fef80 is pointing into the stack for thread: 0x000000001fcf8000
RSP=0x00000000012fee80 is pointing into the stack for thread: 0x000000001fcf8000
RBP=0x00000000012fef50 is pointing into the stack for thread: 0x000000001fcf8000
RSI=0x0000000000000000 is an unknown value
RDI=0x0000000000000363 is an unknown value
R8 =0x0000000024a2e098 is an unknown value
R9 =0x0000000025854a00 is an unknown value
R10=0x0000000002ee8a2b is at code_begin+1227 in an Interpreter codelet
method entry point (kind = native_synchronized)  [0x0000000002ee8560, 0x0000000002ee9040]  2784 bytes
R11=0x0000000075c49d90 is an unknown value
R12=0x0000000000000000 is an unknown value
R13={method} {0x000000001ebd98e8} 'reset' '(J)I' in 'org/sqlite/core/NativeDB'
R14=0x00000000012fef80 is pointing into the stack for thread: 0x000000001fcf8000
R15=0x000000001fcf8000 is a thread


Stack: [0x0000000001200000,0x0000000001300000],  sp=0x00000000012fee80,  free space=1019k
Native frames: (J=compiled Java code, j=interpreted, Vv=VM code, C=native code)
C  [sqlite-3.15.1-0ec2bfc5-1e6b-48d9-bb6b-6127ba3eed51-sqlitejdbc.dll+0x79565]
C  0x0000000002ee8a57

Java frames: (J=compiled Java code, j=interpreted, Vv=VM code)
j  org.sqlite.core.NativeDB.reset(J)I+0
j  org.sqlite.core.CoreResultSet.close()V+81
j  org.sqlite.jdbc4.JDBC4ResultSet.close()V+6
j  org.sqlite.core.CoreStatement.internalClose()V+34
j  org.sqlite.jdbc3.JDBC3Statement.close()V+33
j  org.sqlite.jdbc4.JDBC4Statement.close()V+1
j  org.sqlite.core.CorePreparedStatement.finalize()V+1
J 3219 C2 java.lang.ref.Finalizer.access$100(Ljava/lang/ref/Finalizer;Lsun/misc/JavaLangAccess;)V (6 bytes) @ 0x0000000003b27c54 [0x0000000003b27a80+0x1d4]
j  java.lang.ref.Finalizer$2.run()V+36
j  java.lang.Thread.run()V+11
v  ~StubRoutines::call_stub

---------------  P R O C E S S  ---------------

Java Threads: ( => current thread )
=>0x000000001fcf8000 JavaThread "Secondary finalizer" [_thread_in_native, id=12480, stack(0x0000000001200000,0x0000000001300000)]
  0x0000000021afd000 JavaThread "Thread-30" [_thread_blocked, id=15284, stack(0x0000000001100000,0x0000000001200000)]
  0x000000001fcf6800 JavaThread "DestroyJavaVM" [_thread_blocked, id=1572, stack(0x0000000002cd0000,0x0000000002dd0000)]
  0x0000000021af0000 JavaThread "Live Reload Server" daemon [_thread_in_native, id=16788, stack(0x00000000287b0000,0x00000000288b0000)]
  0x000000001c3b0800 JavaThread "Service Thread" daemon [_thread_blocked, id=7472, stack(0x000000001cf20000,0x000000001d020000)]
  0x000000001c330000 JavaThread "C1 CompilerThread3" daemon [_thread_blocked, id=10608, stack(0x000000001ce20000,0x000000001cf20000)]
  0x000000001c32d000 JavaThread "C2 CompilerThread2" daemon [_thread_blocked, id=10068, stack(0x000000001cd20000,0x000000001ce20000)]
  0x000000001c320800 JavaThread "C2 CompilerThread1" daemon [_thread_blocked, id=12000, stack(0x000000001cc20000,0x000000001cd20000)]
  0x000000001c319800 JavaThread "C2 CompilerThread0" daemon [_thread_blocked, id=14600, stack(0x000000001cb20000,0x000000001cc20000)]
  0x000000001c318800 JavaThread "Attach Listener" daemon [_thread_blocked, id=9896, stack(0x000000001ca20000,0x000000001cb20000)]
  0x000000001c32a800 JavaThread "Signal Dispatcher" daemon [_thread_blocked, id=6664, stack(0x000000001c920000,0x000000001ca20000)]
  0x000000001c310800 JavaThread "Finalizer" daemon [_thread_blocked, id=552, stack(0x000000001c6f0000,0x000000001c7f0000)]
  0x0000000002ecd800 JavaThread "Reference Handler" daemon [_thread_blocked, id=5252, stack(0x000000001c1f0000,0x000000001c2f0000)]

Other Threads:
  0x000000001a419000 VMThread [stack: 0x000000001c0f0000,0x000000001c1f0000] [id=5556]
  0x000000001c3fb000 WatcherThread [stack: 0x000000001d020000,0x000000001d120000] [id=12584]

VM state:not at safepoint (normal execution)

VM Mutex/Monitor currently owned by a thread: None

Heap:
 PSYoungGen      total 449536K, used 3021K [0x0000000780700000, 0x000000079f500000, 0x00000007c0000000)
  eden space 427008K, 0% used [0x0000000780700000,0x00000007809f3728,0x000000079a800000)
  from space 22528K, 0% used [0x000000079a800000,0x000000079a800000,0x000000079be00000)
  to   space 39424K, 0% used [0x000000079ce80000,0x000000079ce80000,0x000000079f500000)
 ParOldGen       total 246272K, used 91703K [0x0000000701400000, 0x0000000710480000, 0x0000000780700000)
  object space 246272K, 37% used [0x0000000701400000,0x0000000706d8dc70,0x0000000710480000)
 Metaspace       used 74184K, capacity 75832K, committed 76032K, reserved 1116160K
  class space    used 8368K, capacity 8674K, committed 8704K, reserved 1048576K

Card table byte_map: [0x0000000012290000,0x0000000012890000] byte_map_base: 0x000000000ea86000

Marking Bits: (ParMarkBitMap*) 0x0000000076232f70
 Begin Bits: [0x0000000013490000, 0x0000000016440000)
 End Bits:   [0x0000000016440000, 0x00000000193f0000)

Polling page: 0x0000000002b40000

CodeCache: size=245760Kb used=39592Kb max_used=39621Kb free=206167Kb
 bounds [0x0000000002ed0000, 0x00000000055c0000, 0x0000000011ed0000]
 total_blobs=11142 nmethods=10349 adapters=704
 compilation: enabled

Compilation events (10 events):
Event: 240.230 Thread 0x000000001c330000 12996       3       java.math.BigInteger::<init> (77 bytes)
Event: 240.231 Thread 0x000000001c330000 nmethod 12996 0x00000000035c83d0 code [0x00000000035c8540, 0x00000000035c8970]
Event: 240.231 Thread 0x000000001c330000 12997       1       java.beans.PropertyChangeEvent::getOldValue (5 bytes)
Event: 240.231 Thread 0x000000001c330000 nmethod 12997 0x0000000003932650 code [0x00000000039327a0, 0x00000000039328b0]
Event: 240.231 Thread 0x000000001c330000 12998       1       java.beans.PropertyChangeEvent::getNewValue (5 bytes)
Event: 240.231 Thread 0x000000001c330000 nmethod 12998 0x0000000004223050 code [0x00000000042231a0, 0x00000000042232b0]
Event: 240.232 Thread 0x000000001c32d000 nmethod 12989 0x00000000035ae610 code [0x00000000035ae7e0, 0x00000000035af130]
Event: 240.234 Thread 0x000000001c330000 12999       3       com.sun.jmx.interceptor.DefaultMBeanServerInterceptor::getResource (19 bytes)
Event: 240.235 Thread 0x000000001c330000 nmethod 12999 0x00000000035adf50 code [0x00000000035ae0c0, 0x00000000035ae510]
Event: 240.681 Thread 0x000000001c330000 13007       3       org.springframework.util.ConcurrentReferenceHashMap$EntryIterator::moveToNextReference (85 bytes)

GC Heap History (10 events):
Event: 158.088 GC heap before
{Heap before GC invocations=23 (full 5):
 PSYoungGen      total 436224K, used 23173K [0x0000000780700000, 0x000000079d800000, 0x00000007c0000000)
  eden space 397824K, 0% used [0x0000000780700000,0x0000000780700000,0x0000000798b80000)
  from space 38400K, 60% used [0x000000079b180000,0x000000079c821688,0x000000079d700000)
  to   space 38912K, 0% used [0x0000000798b80000,0x0000000798b80000,0x000000079b180000)
 ParOldGen       total 246272K, used 53854K [0x0000000701400000, 0x0000000710480000, 0x0000000780700000)
  object space 246272K, 21% used [0x0000000701400000,0x0000000704897af0,0x0000000710480000)
 Metaspace       used 69938K, capacity 71290K, committed 71424K, reserved 1112064K
  class space    used 8143K, capacity 8408K, committed 8448K, reserved 1048576K
Event: 158.493 GC heap after
Heap after GC invocations=23 (full 5):
 PSYoungGen      total 436224K, used 0K [0x0000000780700000, 0x000000079d800000, 0x00000007c0000000)
  eden space 397824K, 0% used [0x0000000780700000,0x0000000780700000,0x0000000798b80000)
  from space 38400K, 0% used [0x000000079b180000,0x000000079b180000,0x000000079d700000)
  to   space 38912K, 0% used [0x0000000798b80000,0x0000000798b80000,0x000000079b180000)
 ParOldGen       total 246272K, used 71543K [0x0000000701400000, 0x0000000710480000, 0x0000000780700000)
  object space 246272K, 29% used [0x0000000701400000,0x00000007059dde50,0x0000000710480000)
 Metaspace       used 69935K, capacity 71284K, committed 71424K, reserved 1112064K
  class space    used 8142K, capacity 8407K, committed 8448K, reserved 1048576K
}
Event: 161.105 GC heap before
{Heap before GC invocations=24 (full 5):
 PSYoungGen      total 436224K, used 397824K [0x0000000780700000, 0x000000079d800000, 0x00000007c0000000)
  eden space 397824K, 100% used [0x0000000780700000,0x0000000798b80000,0x0000000798b80000)
  from space 38400K, 0% used [0x000000079b180000,0x000000079b180000,0x000000079d700000)
  to   space 38912K, 0% used [0x0000000798b80000,0x0000000798b80000,0x000000079b180000)
 ParOldGen       total 246272K, used 71543K [0x0000000701400000, 0x0000000710480000, 0x0000000780700000)
  object space 246272K, 29% used [0x0000000701400000,0x00000007059dde50,0x0000000710480000)
 Metaspace       used 71414K, capacity 72938K, committed 73088K, reserved 1114112K
  class space    used 8240K, capacity 8532K, committed 8576K, reserved 1048576K
Event: 161.119 GC heap after
Heap after GC invocations=24 (full 5):
 PSYoungGen      total 436736K, used 9958K [0x0000000780700000, 0x000000079f700000, 0x00000007c0000000)
  eden space 397824K, 0% used [0x0000000780700000,0x0000000780700000,0x0000000798b80000)
  from space 38912K, 25% used [0x0000000798b80000,0x00000007995399f8,0x000000079b180000)
  to   space 37376K, 0% used [0x000000079d280000,0x000000079d280000,0x000000079f700000)
 ParOldGen       total 246272K, used 71551K [0x0000000701400000, 0x0000000710480000, 0x0000000780700000)
  object space 246272K, 29% used [0x0000000701400000,0x00000007059dfe50,0x0000000710480000)
 Metaspace       used 71414K, capacity 72938K, committed 73088K, reserved 1114112K
  class space    used 8240K, capacity 8532K, committed 8576K, reserved 1048576K
}
Event: 176.881 GC heap before
{Heap before GC invocations=25 (full 5):
 PSYoungGen      total 436736K, used 407782K [0x0000000780700000, 0x000000079f700000, 0x00000007c0000000)
  eden space 397824K, 100% used [0x0000000780700000,0x0000000798b80000,0x0000000798b80000)
  from space 38912K, 25% used [0x0000000798b80000,0x00000007995399f8,0x000000079b180000)
  to   space 37376K, 0% used [0x000000079d280000,0x000000079d280000,0x000000079f700000)
 ParOldGen       total 246272K, used 71551K [0x0000000701400000, 0x0000000710480000, 0x0000000780700000)
  object space 246272K, 29% used [0x0000000701400000,0x00000007059dfe50,0x0000000710480000)
 Metaspace       used 73491K, capacity 74952K, committed 75264K, reserved 1116160K
  class space    used 8322K, capacity 8601K, committed 8704K, reserved 1048576K
Event: 176.901 GC heap after
Heap after GC invocations=25 (full 5):
 PSYoungGen      total 463360K, used 27752K [0x0000000780700000, 0x000000079f600000, 0x00000007c0000000)
  eden space 427008K, 0% used [0x0000000780700000,0x0000000780700000,0x000000079a800000)
  from space 36352K, 76% used [0x000000079d280000,0x000000079ed9a2e0,0x000000079f600000)
  to   space 39936K, 0% used [0x000000079a800000,0x000000079a800000,0x000000079cf00000)
 ParOldGen       total 246272K, used 71559K [0x0000000701400000, 0x0000000710480000, 0x0000000780700000)
  object space 246272K, 29% used [0x0000000701400000,0x00000007059e1e50,0x0000000710480000)
 Metaspace       used 73491K, capacity 74952K, committed 75264K, reserved 1116160K
  class space    used 8322K, capacity 8601K, committed 8704K, reserved 1048576K
}
Event: 240.235 GC heap before
{Heap before GC invocations=26 (full 5):
 PSYoungGen      total 463360K, used 191020K [0x0000000780700000, 0x000000079f600000, 0x00000007c0000000)
  eden space 427008K, 38% used [0x0000000780700000,0x000000078a6710b0,0x000000079a800000)
  from space 36352K, 76% used [0x000000079d280000,0x000000079ed9a2e0,0x000000079f600000)
  to   space 39936K, 0% used [0x000000079a800000,0x000000079a800000,0x000000079cf00000)
 ParOldGen       total 246272K, used 71559K [0x0000000701400000, 0x0000000710480000, 0x0000000780700000)
  object space 246272K, 29% used [0x0000000701400000,0x00000007059e1e50,0x0000000710480000)
 Metaspace       used 74187K, capacity 75838K, committed 76032K, reserved 1116160K
  class space    used 8369K, capacity 8675K, committed 8704K, reserved 1048576K
Event: 240.247 GC heap after
Heap after GC invocations=26 (full 5):
 PSYoungGen      total 449536K, used 22304K [0x0000000780700000, 0x000000079f500000, 0x00000007c0000000)
  eden space 427008K, 0% used [0x0000000780700000,0x0000000780700000,0x000000079a800000)
  from space 22528K, 99% used [0x000000079a800000,0x000000079bdc8010,0x000000079be00000)
  to   space 39424K, 0% used [0x000000079ce80000,0x000000079ce80000,0x000000079f500000)
 ParOldGen       total 246272K, used 71567K [0x0000000701400000, 0x0000000710480000, 0x0000000780700000)
  object space 246272K, 29% used [0x0000000701400000,0x00000007059e3e50,0x0000000710480000)
 Metaspace       used 74187K, capacity 75838K, committed 76032K, reserved 1116160K
  class space    used 8369K, capacity 8675K, committed 8704K, reserved 1048576K
}
Event: 240.247 GC heap before
{Heap before GC invocations=27 (full 6):
 PSYoungGen      total 449536K, used 22304K [0x0000000780700000, 0x000000079f500000, 0x00000007c0000000)
  eden space 427008K, 0% used [0x0000000780700000,0x0000000780700000,0x000000079a800000)
  from space 22528K, 99% used [0x000000079a800000,0x000000079bdc8010,0x000000079be00000)
  to   space 39424K, 0% used [0x000000079ce80000,0x000000079ce80000,0x000000079f500000)
 ParOldGen       total 246272K, used 71567K [0x0000000701400000, 0x0000000710480000, 0x0000000780700000)
  object space 246272K, 29% used [0x0000000701400000,0x00000007059e3e50,0x0000000710480000)
 Metaspace       used 74187K, capacity 75838K, committed 76032K, reserved 1116160K
  class space    used 8369K, capacity 8675K, committed 8704K, reserved 1048576K
Event: 240.679 GC heap after
Heap after GC invocations=27 (full 6):
 PSYoungGen      total 449536K, used 0K [0x0000000780700000, 0x000000079f500000, 0x00000007c0000000)
  eden space 427008K, 0% used [0x0000000780700000,0x0000000780700000,0x000000079a800000)
  from space 22528K, 0% used [0x000000079a800000,0x000000079a800000,0x000000079be00000)
  to   space 39424K, 0% used [0x000000079ce80000,0x000000079ce80000,0x000000079f500000)
 ParOldGen       total 246272K, used 91703K [0x0000000701400000, 0x0000000710480000, 0x0000000780700000)
  object space 246272K, 37% used [0x0000000701400000,0x0000000706d8dc70,0x0000000710480000)
 Metaspace       used 74183K, capacity 75832K, committed 76032K, reserved 1116160K
  class space    used 8368K, capacity 8674K, committed 8704K, reserved 1048576K
}

Deoptimization events (10 events):
Event: 162.676 Thread 0x000000001f769800 Uncommon trap: reason=array_check action=maybe_recompile pc=0x000000000534102c method=java.util.ComparableTimSort.reverseRange([Ljava/lang/Object;II)V @ 27
Event: 173.860 Thread 0x000000001fd01800 Uncommon trap: reason=class_check action=maybe_recompile pc=0x00000000036796b4 method=org.springframework.core.MethodIntrospector$1.doWith(Ljava/lang/reflect/Method;)V @ 14
Event: 173.860 Thread 0x000000001fd01800 Uncommon trap: reason=class_check action=maybe_recompile pc=0x00000000036796b4 method=org.springframework.core.MethodIntrospector$1.doWith(Ljava/lang/reflect/Method;)V @ 14
Event: 173.860 Thread 0x000000001fd01800 Uncommon trap: reason=class_check action=maybe_recompile pc=0x00000000036796b4 method=org.springframework.core.MethodIntrospector$1.doWith(Ljava/lang/reflect/Method;)V @ 14
Event: 173.860 Thread 0x000000001fd01800 Uncommon trap: reason=class_check action=maybe_recompile pc=0x00000000036796b4 method=org.springframework.core.MethodIntrospector$1.doWith(Ljava/lang/reflect/Method;)V @ 14
Event: 179.328 Thread 0x000000001fd04000 Uncommon trap: reason=unstable_if action=reinterpret pc=0x00000000052a48f8 method=org.springframework.transaction.interceptor.AbstractFallbackTransactionAttributeSource.getTransactionAttribute(Ljava/lang/reflect/Method;Ljava/lang/Class;)Lorg/springframewor#ÊHqf@
Event: 179.534 Thread 0x0000000021af5800 Uncommon trap: reason=null_check action=make_not_entrant pc=0x00000000050bd140 method=org.thymeleaf.standard.expression.ExpressionCache.getFragmentSignatureFromCache(Lorg/thymeleaf/Configuration;Ljava/lang/String;)Lorg/thymeleaf/standard/expression/Fragmen
Event: 186.675 Thread 0x0000000021afe800 Uncommon trap: reason=null_check action=make_not_entrant pc=0x000000000552b7f8 method=java.beans.PropertyDescriptor.findPropertyType(Ljava/lang/reflect/Method;Ljava/lang/reflect/Method;)Ljava/lang/Class; @ 157
Event: 187.709 Thread 0x0000000021afa800 Uncommon trap: reason=unstable_if action=reinterpret pc=0x00000000043ab420 method=sun.reflect.generics.parser.SignatureParser.parseClassTypeSignatureSuffix(Ljava/util/List;)V @ 6
Event: 240.222 Thread 0x000000001fcf7000 Uncommon trap: reason=class_check action=maybe_recompile pc=0x000000000403e100 method=java.io.DataOutputStream.writeInt(I)V @ 12

Internal exceptions (10 events):
Event: 183.962 Thread 0x0000000021af5800 Exception <a 'java/lang/ClassNotFoundException': com/pe/lima/sg/entity/operacion/TblRemisionCustomizer> (0x0000000782fa8588) thrown at [C:\re\workspace\8-2-build-windows-amd64-cygwin\jdk8u91\7017\hotspot\src\share\vm\classfile\systemDictionary.cpp, line 21.¿à«œ˛f@
Event: 183.963 Thread 0x0000000021af5800 Exception <a 'java/lang/ClassNotFoundException': java/io/SerializableCustomizer> (0x000000078301bcc8) thrown at [C:\re\workspace\8-2-build-windows-amd64-cygwin\jdk8u91\7017\hotspot\src\share\vm\classfile\systemDictionary.cpp, line 210]
Event: 183.976 Thread 0x0000000021af5800 Exception <a 'java/lang/ClassNotFoundException': java/lang/ObjectCustomizer> (0x00000007831cb3b8) thrown at [C:\re\workspace\8-2-build-windows-amd64-cygwin\jdk8u91\7017\hotspot\src\share\vm\classfile\systemDictionary.cpp, line 210]
Event: 183.977 Thread 0x0000000021af5800 Exception <a 'java/lang/ClassNotFoundException': com/pe/lima/sg/entity/operacion/TblComprobanteCustomizer> (0x00000007831eedd0) thrown at [C:\re\workspace\8-2-build-windows-amd64-cygwin\jdk8u91\7017\hotspot\src\share\vm\classfile\systemDictionary.cpp, line
Event: 183.979 Thread 0x0000000021af5800 Exception <a 'java/lang/ClassNotFoundException': java/io/SerializableCustomizer> (0x00000007832a5470) thrown at [C:\re\workspace\8-2-build-windows-amd64-cygwin\jdk8u91\7017\hotspot\src\share\vm\classfile\systemDictionary.cpp, line 210]
Event: 186.672 Thread 0x0000000021afe800 Exception <a 'java/lang/ClassNotFoundException': java/lang/ObjectCustomizer> (0x00000007839794b0) thrown at [C:\re\workspace\8-2-build-windows-amd64-cygwin\jdk8u91\7017\hotspot\src\share\vm\classfile\systemDictionary.cpp, line 210]
Event: 186.674 Thread 0x0000000021afe800 Exception <a 'java/lang/ClassNotFoundException': com/pe/lima/sg/presentacion/util/PageableSGCustomizer> (0x00000007842e7530) thrown at [C:\re\workspace\8-2-build-windows-amd64-cygwin\jdk8u91\7017\hotspot\src\share\vm\classfile\systemDictionary.cpp, line 21RHç§Ug@
Event: 186.676 Thread 0x0000000021afe800 Exception <a 'java/lang/ClassNotFoundException': org/springframework/data/domain/PageableCustomizer> (0x0000000784312f20) thrown at [C:\re\workspace\8-2-build-windows-amd64-cygwin\jdk8u91\7017\hotspot\src\share\vm\classfile\systemDictionary.cpp, line 210]
Event: 240.218 Thread 0x000000001fcf8000 Exception <a 'java/lang/InterruptedException': sleep interrupted> (0x0000000787c3fca8) thrown at [C:\re\workspace\8-2-build-windows-amd64-cygwin\jdk8u91\7017\hotspot\src\share\vm\prims\jvm.cpp, line 3215]
Event: 240.233 Thread 0x000000001fcfb800 Exception <a 'java/lang/InterruptedException': sleep interrupted> (0x000000078a5662e0) thrown at [C:\re\workspace\8-2-build-windows-amd64-cygwin\jdk8u91\7017\hotspot\src\share\vm\prims\jvm.cpp, line 3215]

Events (10 events):
Event: 240.680 Executing VM operation: RevokeBias
Event: 240.680 Executing VM operation: RevokeBias done
Event: 240.680 Executing VM operation: RevokeBias
Event: 240.680 Executing VM operation: RevokeBias done
Event: 240.680 Executing VM operation: RevokeBias
Event: 240.681 Executing VM operation: RevokeBias done
Event: 240.681 Executing VM operation: RevokeBias
Event: 240.681 Executing VM operation: RevokeBias done
Event: 240.681 Executing VM operation: RevokeBias
Event: 240.681 Executing VM operation: RevokeBias done


Dynamic libraries:
0x00007ff654a10000 - 0x00007ff654a47000 	C:\Program Files\Java\jdk1.8.0_91\bin\javaw.exe
0x00007ffc9a550000 - 0x00007ffc9a748000 	C:\Windows\SYSTEM32\ntdll.dll
0x00007ffc9a150000 - 0x00007ffc9a20f000 	C:\Windows\System32\KERNEL32.DLL
0x00007ffc97cf0000 - 0x00007ffc97fca000 	C:\Windows\System32\KERNELBASE.dll
0x00007ffc98f90000 - 0x00007ffc9903e000 	C:\Windows\System32\ADVAPI32.dll
0x00007ffc9a210000 - 0x00007ffc9a2ae000 	C:\Windows\System32\msvcrt.dll
0x00007ffc98cd0000 - 0x00007ffc98d6c000 	C:\Windows\System32\sechost.dll
0x00007ffc98a70000 - 0x00007ffc98b96000 	C:\Windows\System32\RPCRT4.dll
0x00007ffc99fb0000 - 0x00007ffc9a14d000 	C:\Windows\System32\USER32.dll
0x00007ffc98580000 - 0x00007ffc985a2000 	C:\Windows\System32\win32u.dll
0x00007ffc985b0000 - 0x00007ffc985db000 	C:\Windows\System32\GDI32.dll
0x00007ffc982b0000 - 0x00007ffc983c0000 	C:\Windows\System32\gdi32full.dll
0x00007ffc98210000 - 0x00007ffc982ad000 	C:\Windows\System32\msvcp_win.dll
0x00007ffc98410000 - 0x00007ffc98510000 	C:\Windows\System32\ucrtbase.dll
0x00007ffc88d70000 - 0x00007ffc8900a000 	C:\Windows\WinSxS\amd64_microsoft.windows.common-controls_6595b64144ccf1df_6.0.19041.1110_none_60b5254171f9507e\COMCTL32.dll
0x00007ffc99040000 - 0x00007ffc99070000 	C:\Windows\System32\IMM32.DLL
0x00000000762c0000 - 0x0000000076392000 	C:\Program Files\Java\jdk1.8.0_91\jre\bin\msvcr100.dll
0x0000000075a20000 - 0x00000000762b3000 	C:\Program Files\Java\jdk1.8.0_91\jre\bin\server\jvm.dll
0x00007ffc9a500000 - 0x00007ffc9a508000 	C:\Windows\System32\PSAPI.DLL
0x00007ffc89a00000 - 0x00007ffc89a27000 	C:\Windows\SYSTEM32\WINMM.dll
0x00007ffc8cdd0000 - 0x00007ffc8cdda000 	C:\Windows\SYSTEM32\VERSION.dll
0x00007ffc86340000 - 0x00007ffc86349000 	C:\Windows\SYSTEM32\WSOCK32.dll
0x00007ffc98bc0000 - 0x00007ffc98c2b000 	C:\Windows\System32\WS2_32.dll
0x00000000764e0000 - 0x00000000764ef000 	C:\Program Files\Java\jdk1.8.0_91\jre\bin\verify.dll
0x00000000764b0000 - 0x00000000764d9000 	C:\Program Files\Java\jdk1.8.0_91\jre\bin\java.dll
0x0000000076490000 - 0x00000000764a6000 	C:\Program Files\Java\jdk1.8.0_91\jre\bin\zip.dll
0x00007ffc99740000 - 0x00007ffc99e84000 	C:\Windows\System32\SHELL32.dll
0x00007ffc95d20000 - 0x00007ffc964b3000 	C:\Windows\SYSTEM32\windows.storage.dll
0x00007ffc98710000 - 0x00007ffc98a64000 	C:\Windows\System32\combase.dll
0x00007ffc976c0000 - 0x00007ffc976ee000 	C:\Windows\SYSTEM32\Wldp.dll
0x00007ffc99690000 - 0x00007ffc9973d000 	C:\Windows\System32\SHCORE.dll
0x00007ffc98d70000 - 0x00007ffc98dc5000 	C:\Windows\System32\shlwapi.dll
0x00007ffc97ba0000 - 0x00007ffc97bbf000 	C:\Windows\SYSTEM32\profapi.dll
0x0000000076480000 - 0x000000007648d000 	C:\Program Files\Java\jdk1.8.0_91\jre\bin\management.dll
0x0000000075a00000 - 0x0000000075a1a000 	C:\Program Files\Java\jdk1.8.0_91\jre\bin\net.dll
0x00007ffc97420000 - 0x00007ffc9748a000 	C:\Windows\system32\mswsock.dll
0x00007ffc930d0000 - 0x00007ffc930e7000 	C:\Windows\system32\napinsp.dll
0x00007ffc92d90000 - 0x00007ffc92dab000 	C:\Windows\system32\pnrpnsp.dll
0x00007ffc922d0000 - 0x00007ffc922e5000 	C:\Windows\system32\wshbth.dll
0x00007ffc91c30000 - 0x00007ffc91c4d000 	C:\Windows\system32\NLAapi.dll
0x00007ffc970c0000 - 0x00007ffc970fc000 	C:\Windows\SYSTEM32\IPHLPAPI.DLL
0x00007ffc97110000 - 0x00007ffc971db000 	C:\Windows\SYSTEM32\DNSAPI.dll
0x00007ffc98cc0000 - 0x00007ffc98cc8000 	C:\Windows\System32\NSI.dll
0x00007ffc92c20000 - 0x00007ffc92c32000 	C:\Windows\System32\winrnr.dll
0x00007ffc8f4e0000 - 0x00007ffc8f4ea000 	C:\Windows\System32\rasadhlp.dll
0x00007ffc8f3f0000 - 0x00007ffc8f470000 	C:\Windows\System32\fwpuclnt.dll
0x00007ffc98080000 - 0x00007ffc980a7000 	C:\Windows\System32\bcrypt.dll
0x00000000759e0000 - 0x00000000759f1000 	C:\Program Files\Java\jdk1.8.0_91\jre\bin\nio.dll
0x00007ffc97610000 - 0x00007ffc97628000 	C:\Windows\SYSTEM32\CRYPTSP.dll
0x00007ffc96cd0000 - 0x00007ffc96d04000 	C:\Windows\system32\rsaenh.dll
0x00007ffc97b60000 - 0x00007ffc97b8e000 	C:\Windows\SYSTEM32\USERENV.dll
0x00007ffc97c60000 - 0x00007ffc97ce2000 	C:\Windows\System32\bcryptprimitives.dll
0x00007ffc97630000 - 0x00007ffc9763c000 	C:\Windows\SYSTEM32\CRYPTBASE.dll
0x00007ffc91850000 - 0x00007ffc91867000 	C:\Windows\SYSTEM32\dhcpcsvc6.DLL
0x00007ffc91720000 - 0x00007ffc9173d000 	C:\Windows\SYSTEM32\dhcpcsvc.DLL
0x0000000065880000 - 0x0000000065970000 	C:\Users\ADMIN\AppData\Local\Temp\sqlite-3.15.1-0ec2bfc5-1e6b-48d9-bb6b-6127ba3eed51-sqlitejdbc.dll
0x00007ffc8f000000 - 0x00007ffc8f1e4000 	C:\Windows\SYSTEM32\dbghelp.dll

VM Arguments:
jvm_args: -Dfile.encoding=UTF-8 
java_command: com.pe.lima.sg.SgApplication
java_class_path (initial): D:\03.Gregorio_Git\02.Dysalim\sfc\target\classes;C:\Users\ADMIN\.m2\repository\org\springframework\boot\spring-boot-starter-thymeleaf\1.5.4.RELEASE\spring-boot-starter-thymeleaf-1.5.4.RELEASE.jar;C:\Users\ADMIN\.m2\repository\org\springframework\boot\spring-boot-starter\1.5.4.RELEASE\spring-boot-starter-1.5.4.RELEASE.jar;C:\Users\ADMIN\.m2\repository\org\springframework\boot\spring-boot-starter-logging\1.5.4.RELEASE\spring-boot-starter-logging-1.5.4.RELEASE.jar;C:\Users\ADMIN\.m2\repository\org\yaml\snakeyaml\1.17\snakeyaml-1.17.jar;C:\Users\ADMIN\.m2\repository\org\thymeleaf\thymeleaf-spring4\2.1.5.RELEASE\thymeleaf-spring4-2.1.5.RELEASE.jar;C:\Users\ADMIN\.m2\repository\org\thymeleaf\thymeleaf\2.1.5.RELEASE\thymeleaf-2.1.5.RELEASE.jar;C:\Users\ADMIN\.m2\repository\ognl\ognl\3.0.8\ognl-3.0.8.jar;C:\Users\ADMIN\.m2\repository\org\unbescape\unbescape\1.1.0.RELEASE\unbescape-1.1.0.RELEASE.jar;C:\Users\ADMIN\.m2\repository\nz\net\ultraq\thymeleaf\thymeleaf-layout-dialect\1.4.0\thymeleaf-layout-dialect-1.4.0.jar;C:\Users\ADMIN\.m2\repository\org\codehaus\groovy\groovy\2.4.11\groovy-2.4.11.jar;C:\Users\ADMIN\.m2\repository\org\webjars\bootstrap\3.3.7\bootstrap-3.3.7.jar;C:\Users\ADMIN\.m2\repository\org\webjars\jquery\1.11.1\jquery-1.11.1.jar;C:\Users\ADMIN\.m2\repository\org\springframework\boot\spring-boot-starter-web\1.5.4.RELEASE\spring-boot-starter-web-1.5.4.RELEASE.jar;C:\Users\ADMIN\.m2\repository\org\springframework\boot\spring-boot-starter-tomcat\1.5.4.RELEASE\spring-boot-starter-tomcat-1.5.4.RELEASE.jar;C:\Users\ADMIN\.m2\repository\org\apache\tomcat\embed\tomcat-embed-core\8.5.15\tomcat-embed-core-8.5.15.jar;C:\Users\ADMIN\.m2\repository\org\apache\tomcat\embed\tomcat-embed-el\8.5.15\tomcat-embed-el-8.5.15.jar;C:\Users\ADMIN\.m2\repository\org\apache\tomcat\embed\tomcat-embed-websocket\8.5.15\tomcat-embed-websocket-8.5.15.jar;C:\Users\ADMIN\.m2\repository\org\hibernate\hibernate-validator\5.3.5.Final\hibernate-validator-5.3.5.Final
Launcher Type: SUN_STANDARD

Environment Variables:
JAVA_HOME=C:\Program Files\Java\jdk1.8.0_91
PATH=C:/Program Files/Java/jdk-11.0.12/bin/server;C:/Program Files/Java/jdk-11.0.12/bin;C:\Program Files\Java\jdk-11.0.12\bin;C:\Windows\system32;C:\Windows;C:\Windows\System32\Wbem;C:\Windows\System32\WindowsPowerShell\v1.0\;C:\Windows\System32\OpenSSH\;D:\03.Gregorio\02.Instaladores\Maven\apache-maven-3.8.4\bin;C:\Program Files\Git\cmd;D:\03.Gregorio\02.Instaladores\Ant\apache-ant-1.9.16\bin;C:\Program Files\PuTTY\;C:\ProgramData\Oracle\Java\javapath;C:\Program Files\Common Files\Oracle\Java\javapath;C:\Users\ADMIN\AppData\Local\Microsoft\WindowsApps;;C:\Program Files\JetBrains\IntelliJ IDEA Community Edition 2023.1\bin;;D:\03.Gregorio\02.Instaladores\Eclipse\eclipse;
USERNAME=ADMIN
OS=Windows_NT
PROCESSOR_IDENTIFIER=Intel64 Family 6 Model 60 Stepping 3, GenuineIntel



---------------  S Y S T E M  ---------------

OS: Windows 10.0 , 64 bit Build 19041 (10.0.19041.2788)

CPU:total 8 (4 cores per cpu, 2 threads per core) family 6 model 60 stepping 3, cmov, cx8, fxsr, mmx, sse, sse2, sse3, ssse3, sse4.1, sse4.2, popcnt, avx, avx2, aes, clmul, erms, lzcnt, ht, tsc, tscinvbit, bmi1, bmi2

Memory: 4k page, physical 12497260k(5863376k free), swap 14397804k(6226760k free)

vm_info: Java HotSpot(TM) 64-Bit Server VM (25.91-b15) for windows-amd64 JRE (1.8.0_91-b15), built on May 20 2016 17:43:15 by "java_re" with MS VC++ 10.0 (VS2010)

time: Sun May 07 15:48:59 2023
elapsed time: 240 seconds (0d 0h 4m 0s)

