#
# A fatal error has been detected by the Java Runtime Environment:
#
#  EXCEPTION_ACCESS_VIOLATION (0xc0000005) at pc=0x00000000658f9565, pid=9360, tid=12160
#
# JRE version: Java(TM) SE Runtime Environment (8.0_91-b15) (build 1.8.0_91-b15)
# Java VM: Java HotSpot(TM) 64-Bit Server VM (25.91-b15 mixed mode windows-amd64 compressed oops)
# Problematic frame:
# C  [sqlite-3.15.1-101b15ae-bf69-4d70-99f9-e232ae3b02e8-sqlitejdbc.dll+0x79565]
#
# Failed to write core dump. Minidumps are not enabled by default on client versions of Windows
#
# If you would like to submit a bug report, please visit:
#   http://bugreport.java.com/bugreport/crash.jsp
# The crash happened outside the Java Virtual Machine in native code.
# See problematic frame for where to report the bug.
#

---------------  T H R E A D  ---------------

Current thread (0x0000000023f5e800):  JavaThread "Secondary finalizer" [_thread_in_native, id=12160, stack(0x0000000000fe0000,0x00000000010e0000)]

siginfo: ExceptionCode=0xc0000005, reading address 0x0000000000000018

Registers:
RAX=0x00000000658826d0, RBX=0x0000000025fe6bb8, RCX=0x0000000025fe6bb8, RDX=0x00000000010defb0
RSP=0x00000000010deeb0, RBP=0x00000000010def80, RSI=0x0000000000000000, RDI=0x00000000ffffffff
R8 =0x0000000025fe6bb8, R9 =0x0000000000000000, R10=0x0000000002da8a2b, R11=0x000000006d439d90
R12=0x0000000000000000, R13=0x0000000029703630, R14=0x00000000010defb0, R15=0x0000000023f5e800
RIP=0x00000000658f9565, EFLAGS=0x0000000000010206

Top of Stack: (sp=0x00000000010deeb0)
0x00000000010deeb0:   0000000023f5e800 00000000010df100
0x00000000010deec0:   0000000022859490 000000006d2c6071
0x00000000010deed0:   00000000010df428 0000000029703630
0x00000000010deee0:   0000000023f5e800 0000000002da8a57
0x00000000010deef0:   00000000ffffffff 0000000002da87f1
0x00000000010def00:   0000000023f5e800 0000000029703630
0x00000000010def10:   0000000023f5e800 000000006d30a80d
0x00000000010def20:   00000000010df158 0000000002da87b9
0x00000000010def30:   0000000000000003 00000007048fb020
0x00000000010def40:   00000000010def30 0000000029703630
0x00000000010def50:   00000000010defb0 0000000029735260
0x00000000010def60:   0000000000000000 0000000029703630
0x00000000010def70:   0000000000000000 00000000010defa0
0x00000000010def80:   00000000010deff8 0000000002d97da0
0x00000000010def90:   0000000000000000 0000000002da19d6
0x00000000010defa0:   0000000025fe6bb8 0000000025fe6bb8 

Instructions: (pc=0x00000000658f9565)
0x00000000658f9545:   48 83 c4 38 c3 66 0f 1f 44 00 00 56 53 48 83 ec
0x00000000658f9555:   28 48 85 c9 0f 84 b1 00 00 00 48 8b 31 48 89 cb
0x00000000658f9565:   48 8b 4e 18 48 85 c9 74 06 ff 15 94 ec 04 00 48
0x00000000658f9575:   83 bb b0 00 00 00 00 7e 0b 48 89 da 48 89 f1 e8 


Register to memory mapping:

RAX=0x00000000658826d0 is an unknown value
RBX=0x0000000025fe6bb8 is an unknown value
RCX=0x0000000025fe6bb8 is an unknown value
RDX=0x00000000010defb0 is pointing into the stack for thread: 0x0000000023f5e800
RSP=0x00000000010deeb0 is pointing into the stack for thread: 0x0000000023f5e800
RBP=0x00000000010def80 is pointing into the stack for thread: 0x0000000023f5e800
RSI=0x0000000000000000 is an unknown value
RDI=0x00000000ffffffff is an unknown value
R8 =0x0000000025fe6bb8 is an unknown value
R9 =0x0000000000000000 is an unknown value
R10=0x0000000002da8a2b is at code_begin+1227 in an Interpreter codelet
method entry point (kind = native_synchronized)  [0x0000000002da8560, 0x0000000002da9040]  2784 bytes
R11=0x000000006d439d90 is an unknown value
R12=0x0000000000000000 is an unknown value
R13={method} {0x0000000029703638} 'reset' '(J)I' in 'org/sqlite/core/NativeDB'
R14=0x00000000010defb0 is pointing into the stack for thread: 0x0000000023f5e800
R15=0x0000000023f5e800 is a thread


Stack: [0x0000000000fe0000,0x00000000010e0000],  sp=0x00000000010deeb0,  free space=1019k
Native frames: (J=compiled Java code, j=interpreted, Vv=VM code, C=native code)
C  [sqlite-3.15.1-101b15ae-bf69-4d70-99f9-e232ae3b02e8-sqlitejdbc.dll+0x79565]
C  0x0000000002da8a57

Java frames: (J=compiled Java code, j=interpreted, Vv=VM code)
j  org.sqlite.core.NativeDB.reset(J)I+0
j  org.sqlite.core.CoreResultSet.close()V+81
j  org.sqlite.jdbc4.JDBC4ResultSet.close()V+6
j  org.sqlite.jdbc3.JDBC3ResultSet.finalize()V+1
J 5448 C2 java.lang.ref.Finalizer.access$100(Ljava/lang/ref/Finalizer;Lsun/misc/JavaLangAccess;)V (6 bytes) @ 0x0000000002fa4768 [0x0000000002fa4580+0x1e8]
j  java.lang.ref.Finalizer$2.run()V+36
j  java.lang.Thread.run()V+11
v  ~StubRoutines::call_stub

---------------  P R O C E S S  ---------------

Java Threads: ( => current thread )
=>0x0000000023f5e800 JavaThread "Secondary finalizer" [_thread_in_native, id=12160, stack(0x0000000000fe0000,0x00000000010e0000)]
  0x0000000023f63000 JavaThread "Thread-13" [_thread_blocked, id=12892, stack(0x0000000000dd0000,0x0000000000ed0000)]
  0x0000000023f5b000 JavaThread "DestroyJavaVM" [_thread_blocked, id=1100, stack(0x0000000002b90000,0x0000000002c90000)]
  0x0000000022dd7800 JavaThread "Live Reload Server" daemon [_thread_in_native, id=7552, stack(0x00000000288a0000,0x00000000289a0000)]
  0x000000001c294800 JavaThread "Service Thread" daemon [_thread_blocked, id=11908, stack(0x000000001cdf0000,0x000000001cef0000)]
  0x000000001a2eb000 JavaThread "C1 CompilerThread3" daemon [_thread_blocked, id=12112, stack(0x000000001ccf0000,0x000000001cdf0000)]
  0x000000001c20e000 JavaThread "C2 CompilerThread2" daemon [_thread_blocked, id=5220, stack(0x000000001cbf0000,0x000000001ccf0000)]
  0x000000001c20a000 JavaThread "C2 CompilerThread1" daemon [_thread_in_native, id=13832, stack(0x000000001caf0000,0x000000001cbf0000)]
  0x000000001c206000 JavaThread "C2 CompilerThread0" daemon [_thread_blocked, id=13888, stack(0x000000001c9f0000,0x000000001caf0000)]
  0x000000001c205000 JavaThread "Attach Listener" daemon [_thread_blocked, id=15980, stack(0x000000001c8f0000,0x000000001c9f0000)]
  0x000000001c204000 JavaThread "Signal Dispatcher" daemon [_thread_blocked, id=10804, stack(0x000000001c7f0000,0x000000001c8f0000)]
  0x000000001a2e4000 JavaThread "Finalizer" daemon [_thread_blocked, id=8504, stack(0x000000001c5d0000,0x000000001c6d0000)]
  0x0000000002d8e000 JavaThread "Reference Handler" daemon [_thread_blocked, id=13304, stack(0x000000001c0d0000,0x000000001c1d0000)]

Other Threads:
  0x000000001a2d8800 VMThread [stack: 0x000000001bfd0000,0x000000001c0d0000] [id=14452]
  0x000000001c2e3000 WatcherThread [stack: 0x000000001cef0000,0x000000001cff0000] [id=9660]

VM state:not at safepoint (normal execution)

VM Mutex/Monitor currently owned by a thread: None

Heap:
 PSYoungGen      total 685568K, used 8891K [0x0000000780700000, 0x00000007adf80000, 0x00000007c0000000)
  eden space 675328K, 1% used [0x0000000780700000,0x0000000780faefd0,0x00000007a9a80000)
  from space 10240K, 0% used [0x00000007ad580000,0x00000007ad580000,0x00000007adf80000)
  to   space 35328K, 0% used [0x00000007a9a80000,0x00000007a9a80000,0x00000007abd00000)
 ParOldGen       total 193536K, used 57749K [0x0000000701400000, 0x000000070d100000, 0x0000000780700000)
  object space 193536K, 29% used [0x0000000701400000,0x0000000704c654c0,0x000000070d100000)
 Metaspace       used 66578K, capacity 68066K, committed 68272K, reserved 1110016K
  class space    used 8073K, capacity 8367K, committed 8368K, reserved 1048576K

Card table byte_map: [0x0000000012150000,0x0000000012750000] byte_map_base: 0x000000000e946000

Marking Bits: (ParMarkBitMap*) 0x000000006da22f70
 Begin Bits: [0x0000000013350000, 0x0000000016300000)
 End Bits:   [0x0000000016300000, 0x00000000192b0000)

Polling page: 0x00000000013c0000

CodeCache: size=245760Kb used=26970Kb max_used=27784Kb free=218789Kb
 bounds [0x0000000002d90000, 0x00000000048e0000, 0x0000000011d90000]
 total_blobs=8497 nmethods=7699 adapters=708
 compilation: enabled

Compilation events (10 events):
Event: 111.041 Thread 0x000000001a2eb000 9440       3       org.springframework.util.ConcurrentReferenceHashMap$EntryIterator::next (5 bytes)
Event: 111.456 Thread 0x000000001a2eb000 nmethod 9440 0x0000000003800ad0 code [0x0000000003800c40, 0x0000000003800dc8]
Event: 111.457 Thread 0x000000001c20e000 nmethod 9422 0x0000000002f6d010 code [0x0000000002f6d180, 0x0000000002f6d758]
Event: 111.457 Thread 0x000000001c20e000 9442       4       java.util.concurrent.ConcurrentHashMap$KeyIterator::next (34 bytes)
Event: 111.457 Thread 0x000000001a2eb000 9443   !   3       java.lang.ref.Reference::tryHandlePending (115 bytes)
Event: 111.458 Thread 0x000000001a2eb000 nmethod 9443 0x0000000003283210 code [0x0000000003283440, 0x00000000032840e8]
Event: 111.459 Thread 0x000000001a2eb000 9441       3       org.springframework.util.ConcurrentReferenceHashMap$EntryIterator::next (37 bytes)
Event: 111.459 Thread 0x000000001c206000 nmethod 9400 0x00000000031c38d0 code [0x00000000031c3c20, 0x00000000031c59b8]
Event: 111.459 Thread 0x000000001a2eb000 nmethod 9441 0x0000000003ad27d0 code [0x0000000003ad2940, 0x0000000003ad2bf8]
Event: 111.460 Thread 0x000000001c206000 9444       4       java.util.zip.ZipFile$ZipFileInputStream::finalize (5 bytes)

GC Heap History (10 events):
Event: 9.065 GC heap before
{Heap before GC invocations=10 (full 2):
 PSYoungGen      total 348160K, used 335360K [0x0000000780700000, 0x00000007a2c80000, 0x00000007c0000000)
  eden space 335360K, 100% used [0x0000000780700000,0x0000000794e80000,0x0000000794e80000)
  from space 12800K, 0% used [0x0000000794e80000,0x0000000794e80000,0x0000000795b00000)
  to   space 16896K, 0% used [0x00000007a1c00000,0x00000007a1c00000,0x00000007a2c80000)
 ParOldGen       total 113664K, used 24210K [0x0000000701400000, 0x0000000708300000, 0x0000000780700000)
  object space 113664K, 21% used [0x0000000701400000,0x0000000702ba4a58,0x0000000708300000)
 Metaspace       used 46096K, capacity 46660K, committed 47024K, reserved 1091584K
  class space    used 5653K, capacity 5789K, committed 5808K, reserved 1048576K
Event: 9.084 GC heap after
Heap after GC invocations=10 (full 2):
 PSYoungGen      total 540672K, used 16890K [0x0000000780700000, 0x00000007a3d80000, 0x00000007c0000000)
  eden space 523776K, 0% used [0x0000000780700000,0x0000000780700000,0x00000007a0680000)
  from space 16896K, 99% used [0x00000007a1c00000,0x00000007a2c7e920,0x00000007a2c80000)
  to   space 22016K, 0% used [0x00000007a0680000,0x00000007a0680000,0x00000007a1c00000)
 ParOldGen       total 113664K, used 30020K [0x0000000701400000, 0x0000000708300000, 0x0000000780700000)
  object space 113664K, 26% used [0x0000000701400000,0x0000000703151388,0x0000000708300000)
 Metaspace       used 46096K, capacity 46660K, committed 47024K, reserved 1091584K
  class space    used 5653K, capacity 5789K, committed 5808K, reserved 1048576K
}
Event: 12.968 GC heap before
{Heap before GC invocations=11 (full 2):
 PSYoungGen      total 540672K, used 537088K [0x0000000780700000, 0x00000007a3d80000, 0x00000007c0000000)
  eden space 523776K, 99% used [0x0000000780700000,0x00000007a0301930,0x00000007a0680000)
  from space 16896K, 99% used [0x00000007a1c00000,0x00000007a2c7e920,0x00000007a2c80000)
  to   space 22016K, 0% used [0x00000007a0680000,0x00000007a0680000,0x00000007a1c00000)
 ParOldGen       total 113664K, used 30020K [0x0000000701400000, 0x0000000708300000, 0x0000000780700000)
  object space 113664K, 26% used [0x0000000701400000,0x0000000703151388,0x0000000708300000)
 Metaspace       used 58125K, capacity 58882K, committed 59160K, reserved 1101824K
  class space    used 7071K, capacity 7244K, committed 7344K, reserved 1048576K
Event: 13.026 GC heap after
Heap after GC invocations=11 (full 2):
 PSYoungGen      total 545792K, used 21992K [0x0000000780700000, 0x00000007af900000, 0x00000007c0000000)
  eden space 523776K, 0% used [0x0000000780700000,0x0000000780700000,0x00000007a0680000)
  from space 22016K, 99% used [0x00000007a0680000,0x00000007a1bfa030,0x00000007a1c00000)
  to   space 36352K, 0% used [0x00000007ad580000,0x00000007ad580000,0x00000007af900000)
 ParOldGen       total 113664K, used 57941K [0x0000000701400000, 0x0000000708300000, 0x0000000780700000)
  object space 113664K, 50% used [0x0000000701400000,0x0000000704c955a0,0x0000000708300000)
 Metaspace       used 58125K, capacity 58882K, committed 59160K, reserved 1101824K
  class space    used 7071K, capacity 7244K, committed 7344K, reserved 1048576K
}
Event: 13.026 GC heap before
{Heap before GC invocations=12 (full 3):
 PSYoungGen      total 545792K, used 21992K [0x0000000780700000, 0x00000007af900000, 0x00000007c0000000)
  eden space 523776K, 0% used [0x0000000780700000,0x0000000780700000,0x00000007a0680000)
  from space 22016K, 99% used [0x00000007a0680000,0x00000007a1bfa030,0x00000007a1c00000)
  to   space 36352K, 0% used [0x00000007ad580000,0x00000007ad580000,0x00000007af900000)
 ParOldGen       total 113664K, used 57941K [0x0000000701400000, 0x0000000708300000, 0x0000000780700000)
  object space 113664K, 50% used [0x0000000701400000,0x0000000704c955a0,0x0000000708300000)
 Metaspace       used 58125K, capacity 58882K, committed 59160K, reserved 1101824K
  class space    used 7071K, capacity 7244K, committed 7344K, reserved 1048576K
Event: 13.376 GC heap after
Heap after GC invocations=12 (full 3):
 PSYoungGen      total 545792K, used 0K [0x0000000780700000, 0x00000007af900000, 0x00000007c0000000)
  eden space 523776K, 0% used [0x0000000780700000,0x0000000780700000,0x00000007a0680000)
  from space 22016K, 0% used [0x00000007a0680000,0x00000007a0680000,0x00000007a1c00000)
  to   space 36352K, 0% used [0x00000007ad580000,0x00000007ad580000,0x00000007af900000)
 ParOldGen       total 193536K, used 67098K [0x0000000701400000, 0x000000070d100000, 0x0000000780700000)
  object space 193536K, 34% used [0x0000000701400000,0x0000000705586b60,0x000000070d100000)
 Metaspace       used 58121K, capacity 58876K, committed 59160K, reserved 1101824K
  class space    used 7070K, capacity 7243K, committed 7344K, reserved 1048576K
}
Event: 111.042 GC heap before
{Heap before GC invocations=13 (full 3):
 PSYoungGen      total 545792K, used 341477K [0x0000000780700000, 0x00000007af900000, 0x00000007c0000000)
  eden space 523776K, 65% used [0x0000000780700000,0x0000000795479610,0x00000007a0680000)
  from space 22016K, 0% used [0x00000007a0680000,0x00000007a0680000,0x00000007a1c00000)
  to   space 36352K, 0% used [0x00000007ad580000,0x00000007ad580000,0x00000007af900000)
 ParOldGen       total 193536K, used 67098K [0x0000000701400000, 0x000000070d100000, 0x0000000780700000)
  object space 193536K, 34% used [0x0000000701400000,0x0000000705586b60,0x000000070d100000)
 Metaspace       used 66565K, capacity 68066K, committed 68272K, reserved 1110016K
  class space    used 8071K, capacity 8367K, committed 8368K, reserved 1048576K
Event: 111.053 GC heap after
Heap after GC invocations=13 (full 3):
 PSYoungGen      total 685568K, used 9105K [0x0000000780700000, 0x00000007adf80000, 0x00000007c0000000)
  eden space 675328K, 0% used [0x0000000780700000,0x0000000780700000,0x00000007a9a80000)
  from space 10240K, 88% used [0x00000007ad580000,0x00000007ade647b0,0x00000007adf80000)
  to   space 35328K, 0% used [0x00000007a9a80000,0x00000007a9a80000,0x00000007abd00000)
 ParOldGen       total 193536K, used 67106K [0x0000000701400000, 0x000000070d100000, 0x0000000780700000)
  object space 193536K, 34% used [0x0000000701400000,0x0000000705588b60,0x000000070d100000)
 Metaspace       used 66565K, capacity 68066K, committed 68272K, reserved 1110016K
  class space    used 8071K, capacity 8367K, committed 8368K, reserved 1048576K
}
Event: 111.053 GC heap before
{Heap before GC invocations=14 (full 4):
 PSYoungGen      total 685568K, used 9105K [0x0000000780700000, 0x00000007adf80000, 0x00000007c0000000)
  eden space 675328K, 0% used [0x0000000780700000,0x0000000780700000,0x00000007a9a80000)
  from space 10240K, 88% used [0x00000007ad580000,0x00000007ade647b0,0x00000007adf80000)
  to   space 35328K, 0% used [0x00000007a9a80000,0x00000007a9a80000,0x00000007abd00000)
 ParOldGen       total 193536K, used 67106K [0x0000000701400000, 0x000000070d100000, 0x0000000780700000)
  object space 193536K, 34% used [0x0000000701400000,0x0000000705588b60,0x000000070d100000)
 Metaspace       used 66565K, capacity 68066K, committed 68272K, reserved 1110016K
  class space    used 8071K, capacity 8367K, committed 8368K, reserved 1048576K
Event: 111.456 GC heap after
Heap after GC invocations=14 (full 4):
 PSYoungGen      total 685568K, used 0K [0x0000000780700000, 0x00000007adf80000, 0x00000007c0000000)
  eden space 675328K, 0% used [0x0000000780700000,0x0000000780700000,0x00000007a9a80000)
  from space 10240K, 0% used [0x00000007ad580000,0x00000007ad580000,0x00000007adf80000)
  to   space 35328K, 0% used [0x00000007a9a80000,0x00000007a9a80000,0x00000007abd00000)
 ParOldGen       total 193536K, used 57749K [0x0000000701400000, 0x000000070d100000, 0x0000000780700000)
  object space 193536K, 29% used [0x0000000701400000,0x0000000704c654c0,0x000000070d100000)
 Metaspace       used 66565K, capacity 68066K, committed 68272K, reserved 1110016K
  class space    used 8071K, capacity 8367K, committed 8368K, reserved 1048576K
}

Deoptimization events (10 events):
Event: 38.299 Thread 0x0000000022de0000 Uncommon trap: reason=unstable_if action=reinterpret pc=0x00000000035b6464 method=org.springframework.util.ObjectUtils.nullSafeEquals(Ljava/lang/Object;Ljava/lang/Object;)Z @ 8
Event: 38.301 Thread 0x0000000022de0000 Uncommon trap: reason=array_check action=maybe_recompile pc=0x0000000004750bd4 method=java.util.TimSort.binarySort([Ljava/lang/Object;IIILjava/util/Comparator;)V @ 193
Event: 38.301 Thread 0x0000000022de0000 Uncommon trap: reason=array_check action=maybe_recompile pc=0x0000000004750bd4 method=java.util.TimSort.binarySort([Ljava/lang/Object;IIILjava/util/Comparator;)V @ 193
Event: 110.051 Thread 0x0000000022dd6800 Uncommon trap: reason=unstable_if action=reinterpret pc=0x00000000048cf360 method=java.util.AbstractCollection.containsAll(Ljava/util/Collection;)Z @ 28
Event: 110.499 Thread 0x0000000022dd6800 Uncommon trap: reason=unstable_if action=reinterpret pc=0x000000000301deb0 method=org.springframework.boot.devtools.filewatch.FileSnapshot.equals(Ljava/lang/Object;)Z @ 93
Event: 110.957 Thread 0x0000000023f5e000 Uncommon trap: reason=array_check action=maybe_recompile pc=0x000000000485f94c method=java.util.TimSort.binarySort([Ljava/lang/Object;IIILjava/util/Comparator;)V @ 215
Event: 110.957 Thread 0x0000000023f5e000 Uncommon trap: reason=array_check action=maybe_recompile pc=0x000000000485fbf4 method=java.util.TimSort.binarySort([Ljava/lang/Object;IIILjava/util/Comparator;)V @ 215
Event: 110.964 Thread 0x0000000023f5e000 Uncommon trap: reason=unstable_if action=reinterpret pc=0x0000000004677008 method=java.io.BufferedOutputStream.write([BII)V @ 35
Event: 111.011 Thread 0x0000000023f5e000 Uncommon trap: reason=unstable_if action=reinterpret pc=0x000000000434de98 method=java.io.ObjectOutputStream$BlockDataOutputStream.writeBytes(Ljava/lang/String;)V @ 22
Event: 111.456 Thread 0x0000000002d8e000 Uncommon trap: reason=unstable_if action=reinterpret pc=0x0000000003371868 method=java.lang.ref.Reference.tryHandlePending(Z)Z @ 20

Internal exceptions (10 events):
Event: 110.939 Thread 0x000000002238a000 Exception <a 'java/lang/InterruptedException': sleep interrupted> (0x000000078a84c950) thrown at [C:\re\workspace\8-2-build-windows-amd64-cygwin\jdk8u91\7017\hotspot\src\share\vm\prims\jvm.cpp, line 3215]
Event: 110.956 Thread 0x0000000023f5e000 Exception <a 'java/lang/NoSuchMethodError': <clinit>> (0x0000000794e1f540) thrown at [C:\re\workspace\8-2-build-windows-amd64-cygwin\jdk8u91\7017\hotspot\src\share\vm\prims\jni.cpp, line 1613]
Event: 110.998 Thread 0x0000000023f5e000 Exception <a 'java/lang/NoSuchMethodError': <clinit>> (0x0000000794f5f660) thrown at [C:\re\workspace\8-2-build-windows-amd64-cygwin\jdk8u91\7017\hotspot\src\share\vm\prims\jni.cpp, line 1613]
Event: 110.999 Thread 0x0000000023f5e000 Exception <a 'java/lang/NoSuchMethodError': <clinit>> (0x0000000794f681a0) thrown at [C:\re\workspace\8-2-build-windows-amd64-cygwin\jdk8u91\7017\hotspot\src\share\vm\prims\jni.cpp, line 1613]
Event: 110.999 Thread 0x0000000023f5e000 Exception <a 'java/lang/NoSuchMethodError': <clinit>> (0x0000000794f6ad50) thrown at [C:\re\workspace\8-2-build-windows-amd64-cygwin\jdk8u91\7017\hotspot\src\share\vm\prims\jni.cpp, line 1613]
Event: 110.999 Thread 0x0000000023f5e000 Exception <a 'java/lang/NoSuchMethodError': <clinit>> (0x0000000794f6ddf8) thrown at [C:\re\workspace\8-2-build-windows-amd64-cygwin\jdk8u91\7017\hotspot\src\share\vm\prims\jni.cpp, line 1613]
Event: 111.003 Thread 0x0000000023f5e000 Exception <a 'java/lang/NoSuchMethodError': <clinit>> (0x0000000794f9f610) thrown at [C:\re\workspace\8-2-build-windows-amd64-cygwin\jdk8u91\7017\hotspot\src\share\vm\prims\jni.cpp, line 1613]
Event: 111.013 Thread 0x0000000023f5e000 Exception <a 'java/lang/NoSuchMethodError': <clinit>> (0x0000000795018f68) thrown at [C:\re\workspace\8-2-build-windows-amd64-cygwin\jdk8u91\7017\hotspot\src\share\vm\prims\jni.cpp, line 1613]
Event: 111.021 Thread 0x0000000023f5e000 Exception <a 'java/lang/NoSuchMethodError': <clinit>> (0x000000079509cc78) thrown at [C:\re\workspace\8-2-build-windows-amd64-cygwin\jdk8u91\7017\hotspot\src\share\vm\prims\jni.cpp, line 1613]
Event: 111.039 Thread 0x00000000233b0800 Exception <a 'java/lang/InterruptedException': sleep interrupted> (0x00000007951106f8) thrown at [C:\re\workspace\8-2-build-windows-amd64-cygwin\jdk8u91\7017\hotspot\src\share\vm\prims\jvm.cpp, line 3215]

Events (10 events):
Event: 111.459 Thread 0x000000001a2eb000 flushing nmethod 0x00000000031dc8d0
Event: 111.459 loading class java/lang/ref/Finalizer$1
Event: 111.459 loading class java/lang/ref/Finalizer$1 done
Event: 111.459 Executing VM operation: RevokeBias
Event: 111.459 Executing VM operation: RevokeBias done
Event: 111.459 Thread 0x0000000023f57800 Thread exited: 0x0000000023f57800
Event: 111.459 Thread 0x000000001c206000 flushing nmethod 0x0000000003224790
Event: 111.459 Thread 0x0000000023f5e800 Thread added: 0x0000000023f5e800
Event: 111.460 Executing VM operation: RevokeBias
Event: 111.460 Executing VM operation: RevokeBias done


Dynamic libraries:
0x00007ff638800000 - 0x00007ff638837000 	C:\Program Files\Java\jdk1.8.0_91\bin\javaw.exe
0x00007ffc847d0000 - 0x00007ffc849c8000 	C:\Windows\SYSTEM32\ntdll.dll
0x00007ffc83470000 - 0x00007ffc8352f000 	C:\Windows\System32\KERNEL32.DLL
0x00007ffc82480000 - 0x00007ffc82776000 	C:\Windows\System32\KERNELBASE.dll
0x00007ffc84570000 - 0x00007ffc8461f000 	C:\Windows\System32\ADVAPI32.dll
0x00007ffc83550000 - 0x00007ffc835ee000 	C:\Windows\System32\msvcrt.dll
0x00007ffc82f70000 - 0x00007ffc8300c000 	C:\Windows\System32\sechost.dll
0x00007ffc83a80000 - 0x00007ffc83ba6000 	C:\Windows\System32\RPCRT4.dll
0x00007ffc837a0000 - 0x00007ffc8393d000 	C:\Windows\System32\USER32.dll
0x00007ffc827d0000 - 0x00007ffc827f2000 	C:\Windows\System32\win32u.dll
0x00007ffc83010000 - 0x00007ffc8303c000 	C:\Windows\System32\GDI32.dll
0x00007ffc820b0000 - 0x00007ffc821c5000 	C:\Windows\System32\gdi32full.dll
0x00007ffc81eb0000 - 0x00007ffc81f4d000 	C:\Windows\System32\msvcp_win.dll
0x00007ffc82380000 - 0x00007ffc82480000 	C:\Windows\System32\ucrtbase.dll
0x00007ffc78b90000 - 0x00007ffc78e2a000 	C:\Windows\WinSxS\amd64_microsoft.windows.common-controls_6595b64144ccf1df_6.0.19041.1110_none_60b5254171f9507e\COMCTL32.dll
0x00007ffc84750000 - 0x00007ffc84780000 	C:\Windows\System32\IMM32.DLL
0x000000006cf50000 - 0x000000006d022000 	C:\Program Files\Java\jdk1.8.0_91\jre\bin\msvcr100.dll
0x000000006d210000 - 0x000000006daa3000 	C:\Program Files\Java\jdk1.8.0_91\jre\bin\server\jvm.dll
0x00007ffc83730000 - 0x00007ffc83738000 	C:\Windows\System32\PSAPI.DLL
0x00007ffc79b70000 - 0x00007ffc79b7a000 	C:\Windows\SYSTEM32\VERSION.dll
0x00007ffc79b40000 - 0x00007ffc79b67000 	C:\Windows\SYSTEM32\WINMM.dll
0x00007ffc6d700000 - 0x00007ffc6d709000 	C:\Windows\SYSTEM32\WSOCK32.dll
0x00007ffc83db0000 - 0x00007ffc83e1b000 	C:\Windows\System32\WS2_32.dll
0x000000006d120000 - 0x000000006d12f000 	C:\Program Files\Java\jdk1.8.0_91\jre\bin\verify.dll
0x000000006d0f0000 - 0x000000006d119000 	C:\Program Files\Java\jdk1.8.0_91\jre\bin\java.dll
0x000000006d0a0000 - 0x000000006d0b6000 	C:\Program Files\Java\jdk1.8.0_91\jre\bin\zip.dll
0x00007ffc83e20000 - 0x00007ffc84564000 	C:\Windows\System32\SHELL32.dll
0x00007ffc7ff60000 - 0x00007ffc806f3000 	C:\Windows\SYSTEM32\windows.storage.dll
0x00007ffc83040000 - 0x00007ffc83394000 	C:\Windows\System32\combase.dll
0x00007ffc81900000 - 0x00007ffc8192e000 	C:\Windows\SYSTEM32\Wldp.dll
0x00007ffc839d0000 - 0x00007ffc83a7d000 	C:\Windows\System32\SHCORE.dll
0x00007ffc835f0000 - 0x00007ffc83645000 	C:\Windows\System32\shlwapi.dll
0x00007ffc81df0000 - 0x00007ffc81e0f000 	C:\Windows\SYSTEM32\profapi.dll
0x000000006cf40000 - 0x000000006cf4d000 	C:\Program Files\Java\jdk1.8.0_91\jre\bin\management.dll
0x000000006d080000 - 0x000000006d09a000 	C:\Program Files\Java\jdk1.8.0_91\jre\bin\net.dll
0x00007ffc81660000 - 0x00007ffc816ca000 	C:\Windows\system32\mswsock.dll
0x00007ffc7c890000 - 0x00007ffc7c8a7000 	C:\Windows\system32\napinsp.dll
0x00007ffc7c3f0000 - 0x00007ffc7c40b000 	C:\Windows\system32\pnrpnsp.dll
0x00007ffc7c7c0000 - 0x00007ffc7c7d5000 	C:\Windows\system32\wshbth.dll
0x00007ffc7d890000 - 0x00007ffc7d8ad000 	C:\Windows\system32\NLAapi.dll
0x00007ffc81300000 - 0x00007ffc8133c000 	C:\Windows\SYSTEM32\IPHLPAPI.DLL
0x00007ffc81350000 - 0x00007ffc8141a000 	C:\Windows\SYSTEM32\DNSAPI.dll
0x00007ffc84780000 - 0x00007ffc84788000 	C:\Windows\System32\NSI.dll
0x00007ffc7c3d0000 - 0x00007ffc7c3e2000 	C:\Windows\System32\winrnr.dll
0x00007ffc76880000 - 0x00007ffc7688a000 	C:\Windows\System32\rasadhlp.dll
0x00007ffc76e20000 - 0x00007ffc76ea2000 	C:\Windows\System32\fwpuclnt.dll
0x00007ffc82800000 - 0x00007ffc82827000 	C:\Windows\System32\bcrypt.dll
0x000000006d060000 - 0x000000006d071000 	C:\Program Files\Java\jdk1.8.0_91\jre\bin\nio.dll
0x00007ffc81850000 - 0x00007ffc81868000 	C:\Windows\SYSTEM32\CRYPTSP.dll
0x00007ffc80ea0000 - 0x00007ffc80ed4000 	C:\Windows\system32\rsaenh.dll
0x00007ffc81db0000 - 0x00007ffc81dde000 	C:\Windows\SYSTEM32\USERENV.dll
0x00007ffc822f0000 - 0x00007ffc82372000 	C:\Windows\System32\bcryptprimitives.dll
0x00007ffc81870000 - 0x00007ffc8187c000 	C:\Windows\SYSTEM32\CRYPTBASE.dll
0x00007ffc7a230000 - 0x00007ffc7a247000 	C:\Windows\SYSTEM32\dhcpcsvc6.DLL
0x00007ffc7a210000 - 0x00007ffc7a22d000 	C:\Windows\SYSTEM32\dhcpcsvc.DLL
0x0000000065880000 - 0x0000000065970000 	C:\Users\ADMIN\AppData\Local\Temp\sqlite-3.15.1-101b15ae-bf69-4d70-99f9-e232ae3b02e8-sqlitejdbc.dll
0x00007ffc6d2d0000 - 0x00007ffc6d4b4000 	C:\Windows\SYSTEM32\dbghelp.dll

VM Arguments:
jvm_args: -Dfile.encoding=UTF-8 
java_command: com.pe.lima.sg.SgApplication
java_class_path (initial): D:\03.Gregorio_Git\02.Dysalim\sfc\target\classes;C:\Users\ADMIN\.m2\repository\org\springframework\boot\spring-boot-starter-thymeleaf\1.5.4.RELEASE\spring-boot-starter-thymeleaf-1.5.4.RELEASE.jar;C:\Users\ADMIN\.m2\repository\org\thymeleaf\thymeleaf-spring4\2.1.5.RELEASE\thymeleaf-spring4-2.1.5.RELEASE.jar;C:\Users\ADMIN\.m2\repository\org\thymeleaf\thymeleaf\2.1.5.RELEASE\thymeleaf-2.1.5.RELEASE.jar;C:\Users\ADMIN\.m2\repository\ognl\ognl\3.0.8\ognl-3.0.8.jar;C:\Users\ADMIN\.m2\repository\org\unbescape\unbescape\1.1.0.RELEASE\unbescape-1.1.0.RELEASE.jar;C:\Users\ADMIN\.m2\repository\nz\net\ultraq\thymeleaf\thymeleaf-layout-dialect\1.4.0\thymeleaf-layout-dialect-1.4.0.jar;C:\Users\ADMIN\.m2\repository\org\codehaus\groovy\groovy\2.4.11\groovy-2.4.11.jar;C:\Users\ADMIN\.m2\repository\org\webjars\bootstrap\3.3.7\bootstrap-3.3.7.jar;C:\Users\ADMIN\.m2\repository\org\webjars\jquery\1.11.1\jquery-1.11.1.jar;C:\Users\ADMIN\.m2\repository\org\springframework\boot\spring-boot-starter\1.5.4.RELEASE\spring-boot-starter-1.5.4.RELEASE.jar;C:\Users\ADMIN\.m2\repository\org\springframework\boot\spring-boot\1.5.4.RELEASE\spring-boot-1.5.4.RELEASE.jar;C:\Users\ADMIN\.m2\repository\org\springframework\boot\spring-boot-autoconfigure\1.5.4.RELEASE\spring-boot-autoconfigure-1.5.4.RELEASE.jar;C:\Users\ADMIN\.m2\repository\org\springframework\boot\spring-boot-starter-logging\1.5.4.RELEASE\spring-boot-starter-logging-1.5.4.RELEASE.jar;C:\Users\ADMIN\.m2\repository\org\slf4j\jcl-over-slf4j\1.7.25\jcl-over-slf4j-1.7.25.jar;C:\Users\ADMIN\.m2\repository\org\springframework\spring-core\4.3.9.RELEASE\spring-core-4.3.9.RELEASE.jar;C:\Users\ADMIN\.m2\repository\org\yaml\snakeyaml\1.17\snakeyaml-1.17.jar;C:\Users\ADMIN\.m2\repository\org\springframework\boot\spring-boot-starter-web\1.5.4.RELEASE\spring-boot-starter-web-1.5.4.RELEASE.jar;C:\Users\ADMIN\.m2\repository\org\springframework\boot\spring-boot-starter-tomcat\1.5.4.RELEASE\spring-boot-starter-tomcat-1.5.4.RELEA
Launcher Type: SUN_STANDARD

Environment Variables:
JAVA_HOME=C:\Program Files\Java\jdk1.8.0_91
PATH=C:/Program Files/Java/jdk1.8.0_91/bin/../jre/bin/server;C:/Program Files/Java/jdk1.8.0_91/bin/../jre/bin;C:/Program Files/Java/jdk1.8.0_91/bin/../jre/lib/amd64;C:\Program Files\Java\jdk1.8.0_91\bin;C:\Windows\system32;C:\Windows;C:\Windows\System32\Wbem;C:\Windows\System32\WindowsPowerShell\v1.0\;C:\Windows\System32\OpenSSH\;D:\03.Gregorio\02.Instaladores\Maven\apache-maven-3.8.4\bin;C:\Program Files\Git\cmd;D:\03.Gregorio\02.Instaladores\Ant\apache-ant-1.9.16\bin;C:\Program Files\PuTTY\;C:\ProgramData\Oracle\Java\javapath;C:\Program Files\Common Files\Oracle\Java\javapath;C:\Users\ADMIN\AppData\Local\Microsoft\WindowsApps;;C:\Program Files\JetBrains\IntelliJ IDEA Community Edition 2023.1\bin;;D:\03.Gregorio\02.Instaladores\Eclipse\eclipse;
USERNAME=ADMIN
OS=Windows_NT
PROCESSOR_IDENTIFIER=Intel64 Family 6 Model 60 Stepping 3, GenuineIntel



---------------  S Y S T E M  ---------------

OS: Windows 10.0 , 64 bit Build 19041 (10.0.19041.3031)

CPU:total 8 (4 cores per cpu, 2 threads per core) family 6 model 60 stepping 3, cmov, cx8, fxsr, mmx, sse, sse2, sse3, ssse3, sse4.1, sse4.2, popcnt, avx, avx2, aes, clmul, erms, lzcnt, ht, tsc, tscinvbit, bmi1, bmi2

Memory: 4k page, physical 12497260k(5424012k free), swap 14397804k(5980752k free)

vm_info: Java HotSpot(TM) 64-Bit Server VM (25.91-b15) for windows-amd64 JRE (1.8.0_91-b15), built on May 20 2016 17:43:15 by "java_re" with MS VC++ 10.0 (VS2010)

time: Tue Jul 04 13:34:09 2023
elapsed time: 111 seconds (0d 0h 1m 51s)

