#
# A fatal error has been detected by the Java Runtime Environment:
#
#  EXCEPTION_ACCESS_VIOLATION (0xc0000005) at pc=0x00000000658f9565, pid=5248, tid=12608
#
# JRE version: Java(TM) SE Runtime Environment (8.0_91-b15) (build 1.8.0_91-b15)
# Java VM: Java HotSpot(TM) 64-Bit Server VM (25.91-b15 mixed mode windows-amd64 compressed oops)
# Problematic frame:
# C  [sqlite-3.15.1-5cb312a9-6f98-4c25-8cdd-2311d65b46d2-sqlitejdbc.dll+0x79565]
#
# Failed to write core dump. Minidumps are not enabled by default on client versions of Windows
#
# If you would like to submit a bug report, please visit:
#   http://bugreport.java.com/bugreport/crash.jsp
# The crash happened outside the Java Virtual Machine in native code.
# See problematic frame for where to report the bug.
#

---------------  T H R E A D  ---------------

Current thread (0x000000001a8e4800):  JavaThread "Finalizer" daemon [_thread_in_native, id=12608, stack(0x000000001cbb0000,0x000000001ccb0000)]

siginfo: ExceptionCode=0xc0000005, reading address 0x0000000000000018

Registers:
RAX=0x00000000658826d0, RBX=0x00000000276e6bb8, RCX=0x00000000276e6bb8, RDX=0x000000001ccaef50
RSP=0x000000001ccaee50, RBP=0x000000001ccaef20, RSI=0x0000000000000000, RDI=0x00000000e095dfb0
R8 =0x00000000276e6bb8, R9 =0x000000001a8e4800, R10=0x00000000033e8a2b, R11=0x000000006d439d90
R12=0x0000000000000000, R13=0x00000000283bd488, R14=0x000000001ccaef50, R15=0x000000001a8e4800
RIP=0x00000000658f9565, EFLAGS=0x0000000000010206

Top of Stack: (sp=0x000000001ccaee50)
0x000000001ccaee50:   00000007024e7aa0 00000000283f7d00
0x000000001ccaee60:   000000001a8d87a0 000000006d2c6071
0x000000001ccaee70:   000000001ccaf378 00000000283bd488
0x000000001ccaee80:   00000007024e7aa0 00000000033e8a57
0x000000001ccaee90:   00000000e095dfb0 00000000033e87f1
0x000000001ccaeea0:   000000001a8e4800 00000000283bd488
0x000000001ccaeeb0:   000000001a8e0e98 000000006d42a3c2
0x000000001ccaeec0:   0000000000001387 00000000033e87b9
0x000000001ccaeed0:   0000000000000003 00000007051535f8
0x000000001ccaeee0:   000000001ccaeed0 00000000283bd488
0x000000001ccaeef0:   000000001ccaef50 00000000283ef060
0x000000001ccaef00:   0000000000000000 00000000283bd488
0x000000001ccaef10:   0000000000000000 000000001ccaef40
0x000000001ccaef20:   000000001ccaef98 00000000033d7da0
0x000000001ccaef30:   0000000000000000 00000000033e19d6
0x000000001ccaef40:   00000000276e6bb8 00000000276e6bb8 

Instructions: (pc=0x00000000658f9565)
0x00000000658f9545:   48 83 c4 38 c3 66 0f 1f 44 00 00 56 53 48 83 ec
0x00000000658f9555:   28 48 85 c9 0f 84 b1 00 00 00 48 8b 31 48 89 cb
0x00000000658f9565:   48 8b 4e 18 48 85 c9 74 06 ff 15 94 ec 04 00 48
0x00000000658f9575:   83 bb b0 00 00 00 00 7e 0b 48 89 da 48 89 f1 e8 


Register to memory mapping:

RAX=0x00000000658826d0 is an unknown value
RBX=0x00000000276e6bb8 is an unknown value
RCX=0x00000000276e6bb8 is an unknown value
RDX=0x000000001ccaef50 is pointing into the stack for thread: 0x000000001a8e4800
RSP=0x000000001ccaee50 is pointing into the stack for thread: 0x000000001a8e4800
RBP=0x000000001ccaef20 is pointing into the stack for thread: 0x000000001a8e4800
RSI=0x0000000000000000 is an unknown value
RDI=0x00000000e095dfb0 is an unknown value
R8 =0x00000000276e6bb8 is an unknown value
R9 =0x000000001a8e4800 is a thread
R10=0x00000000033e8a2b is at code_begin+1227 in an Interpreter codelet
method entry point (kind = native_synchronized)  [0x00000000033e8560, 0x00000000033e9040]  2784 bytes
R11=0x000000006d439d90 is an unknown value
R12=0x0000000000000000 is an unknown value
R13={method} {0x00000000283bd490} 'reset' '(J)I' in 'org/sqlite/core/NativeDB'
R14=0x000000001ccaef50 is pointing into the stack for thread: 0x000000001a8e4800
R15=0x000000001a8e4800 is a thread


Stack: [0x000000001cbb0000,0x000000001ccb0000],  sp=0x000000001ccaee50,  free space=1019k
Native frames: (J=compiled Java code, j=interpreted, Vv=VM code, C=native code)
C  [sqlite-3.15.1-5cb312a9-6f98-4c25-8cdd-2311d65b46d2-sqlitejdbc.dll+0x79565]
C  0x00000000033e8a57

Java frames: (J=compiled Java code, j=interpreted, Vv=VM code)
j  org.sqlite.core.NativeDB.reset(J)I+0
j  org.sqlite.core.CoreResultSet.close()V+81
j  org.sqlite.jdbc4.JDBC4ResultSet.close()V+6
j  org.sqlite.jdbc3.JDBC3ResultSet.finalize()V+1
J 3932 C2 java.lang.ref.Finalizer.access$100(Ljava/lang/ref/Finalizer;Lsun/misc/JavaLangAccess;)V (6 bytes) @ 0x0000000003fff0e8 [0x0000000003ffef00+0x1e8]
j  java.lang.ref.Finalizer$FinalizerThread.run()V+45
v  ~StubRoutines::call_stub

---------------  P R O C E S S  ---------------

Java Threads: ( => current thread )
  0x000000001dc4c000 JavaThread "Secondary finalizer" [_thread_blocked, id=1052, stack(0x0000000021260000,0x0000000021360000)]
  0x000000001dc54800 JavaThread "Thread-13" [_thread_blocked, id=5428, stack(0x000000002a660000,0x000000002a760000)]
  0x000000001dc53000 JavaThread "Java2D Disposer" daemon [_thread_blocked, id=5640, stack(0x000000002a330000,0x000000002a430000)]
  0x000000001dc4a000 JavaThread "DestroyJavaVM" [_thread_blocked, id=7356, stack(0x0000000003160000,0x0000000003260000)]
  0x000000001edd4000 JavaThread "Live Reload Server" daemon [_thread_in_native, id=6772, stack(0x0000000028520000,0x0000000028620000)]
  0x000000001c87f800 JavaThread "Service Thread" daemon [_thread_blocked, id=16052, stack(0x000000001d3d0000,0x000000001d4d0000)]
  0x000000001c7f8000 JavaThread "C1 CompilerThread3" daemon [_thread_blocked, id=11744, stack(0x000000001d2d0000,0x000000001d3d0000)]
  0x000000001c7ed800 JavaThread "C2 CompilerThread2" daemon [_thread_blocked, id=5348, stack(0x000000001d1d0000,0x000000001d2d0000)]
  0x000000001c7e6000 JavaThread "C2 CompilerThread1" daemon [_thread_blocked, id=3764, stack(0x000000001d0d0000,0x000000001d1d0000)]
  0x000000001c7e2800 JavaThread "C2 CompilerThread0" daemon [_thread_blocked, id=9424, stack(0x000000001cfd0000,0x000000001d0d0000)]
  0x000000001c7e1800 JavaThread "Attach Listener" daemon [_thread_blocked, id=16176, stack(0x000000001ced0000,0x000000001cfd0000)]
  0x000000001c7e0800 JavaThread "Signal Dispatcher" daemon [_thread_blocked, id=11388, stack(0x000000001cdd0000,0x000000001ced0000)]
=>0x000000001a8e4800 JavaThread "Finalizer" daemon [_thread_in_native, id=12608, stack(0x000000001cbb0000,0x000000001ccb0000)]
  0x00000000033ce800 JavaThread "Reference Handler" daemon [_thread_blocked, id=13816, stack(0x000000001c6b0000,0x000000001c7b0000)]

Other Threads:
  0x000000001a8d9000 VMThread [stack: 0x000000001c5b0000,0x000000001c6b0000] [id=2772]
  0x000000001c8d5000 WatcherThread [stack: 0x000000001d4d0000,0x000000001d5d0000] [id=14732]

VM state:not at safepoint (normal execution)

VM Mutex/Monitor currently owned by a thread: None

Heap:
 PSYoungGen      total 888320K, used 32667K [0x0000000780700000, 0x00000007ba780000, 0x00000007c0000000)
  eden space 875008K, 3% used [0x0000000780700000,0x00000007826e6c70,0x00000007b5d80000)
  from space 13312K, 0% used [0x00000007b9a80000,0x00000007b9a80000,0x00000007ba780000)
  to   space 35840K, 0% used [0x00000007b6180000,0x00000007b6180000,0x00000007b8480000)
 ParOldGen       total 166912K, used 65150K [0x0000000701400000, 0x000000070b700000, 0x0000000780700000)
  object space 166912K, 39% used [0x0000000701400000,0x000000070539fa10,0x000000070b700000)
 Metaspace       used 70029K, capacity 71240K, committed 71424K, reserved 1112064K
  class space    used 8348K, capacity 8612K, committed 8704K, reserved 1048576K

Card table byte_map: [0x0000000012790000,0x0000000012d90000] byte_map_base: 0x000000000ef86000

Marking Bits: (ParMarkBitMap*) 0x000000006da22f70
 Begin Bits: [0x0000000013990000, 0x0000000016940000)
 End Bits:   [0x0000000016940000, 0x00000000198f0000)

Polling page: 0x0000000001910000

CodeCache: size=245760Kb used=26775Kb max_used=27557Kb free=218984Kb
 bounds [0x00000000033d0000, 0x0000000004ee0000, 0x00000000123d0000]
 total_blobs=8715 nmethods=7772 adapters=854
 compilation: enabled

Compilation events (10 events):
Event: 55.596 Thread 0x000000001c7f8000 nmethod 9481 0x000000000374c210 code [0x000000000374c400, 0x000000000374cce8]
Event: 55.597 Thread 0x000000001c7f8000 9482       3       org.apache.catalina.LifecycleEvent::<init> (16 bytes)
Event: 55.598 Thread 0x000000001c7f8000 nmethod 9482 0x000000000376ed50 code [0x000000000376eee0, 0x000000000376f248]
Event: 55.598 Thread 0x000000001c7f8000 9483       1       org.apache.catalina.ContainerEvent::getType (5 bytes)
Event: 55.598 Thread 0x000000001c7f8000 nmethod 9483 0x0000000004ed3850 code [0x0000000004ed39a0, 0x0000000004ed3ab0]
Event: 55.599 Thread 0x000000001c7f8000 9484       3       javax.management.ObjectName::getDomain (13 bytes)
Event: 55.974 Thread 0x000000001c7f8000 nmethod 9484 0x0000000003806350 code [0x00000000038064c0, 0x00000000038066e8]
Event: 55.976 Thread 0x000000001c7e2800 nmethod 9460 0x00000000035c1a50 code [0x00000000035c1c20, 0x00000000035c29c0]
Event: 55.976 Thread 0x000000001c7e2800 9470       4       java.io.ObjectOutputStream$BlockDataOutputStream::writeInt (46 bytes)
Event: 55.976 Thread 0x000000001c7f8000 9485   !   3       java.lang.ref.Reference::tryHandlePending (115 bytes)

GC Heap History (10 events):
Event: 9.403 GC heap before
{Heap before GC invocations=10 (full 2):
 PSYoungGen      total 374272K, used 361472K [0x0000000780700000, 0x00000007a9180000, 0x00000007c0000000)
  eden space 361472K, 100% used [0x0000000780700000,0x0000000796800000,0x0000000796800000)
  from space 12800K, 0% used [0x0000000796800000,0x0000000796800000,0x0000000797480000)
  to   space 17408K, 0% used [0x00000007a8080000,0x00000007a8080000,0x00000007a9180000)
 ParOldGen       total 97280K, used 24304K [0x0000000701400000, 0x0000000707300000, 0x0000000780700000)
  object space 97280K, 24% used [0x0000000701400000,0x0000000702bbc278,0x0000000707300000)
 Metaspace       used 47711K, capacity 48384K, committed 48768K, reserved 1091584K
  class space    used 5839K, capacity 5999K, committed 6016K, reserved 1048576K
Event: 9.426 GC heap after
Heap after GC invocations=10 (full 2):
 PSYoungGen      total 643072K, used 17384K [0x0000000780700000, 0x00000007aa480000, 0x00000007c0000000)
  eden space 625664K, 0% used [0x0000000780700000,0x0000000780700000,0x00000007a6a00000)
  from space 17408K, 99% used [0x00000007a8080000,0x00000007a917a260,0x00000007a9180000)
  to   space 23040K, 0% used [0x00000007a6a00000,0x00000007a6a00000,0x00000007a8080000)
 ParOldGen       total 97280K, used 32219K [0x0000000701400000, 0x0000000707300000, 0x0000000780700000)
  object space 97280K, 33% used [0x0000000701400000,0x0000000703376d68,0x0000000707300000)
 Metaspace       used 47711K, capacity 48384K, committed 48768K, reserved 1091584K
  class space    used 5839K, capacity 5999K, committed 6016K, reserved 1048576K
}
Event: 12.634 GC heap before
{Heap before GC invocations=11 (full 2):
 PSYoungGen      total 643072K, used 472229K [0x0000000780700000, 0x00000007aa480000, 0x00000007c0000000)
  eden space 625664K, 72% used [0x0000000780700000,0x000000079c32f418,0x00000007a6a00000)
  from space 17408K, 99% used [0x00000007a8080000,0x00000007a917a260,0x00000007a9180000)
  to   space 23040K, 0% used [0x00000007a6a00000,0x00000007a6a00000,0x00000007a8080000)
 ParOldGen       total 97280K, used 32219K [0x0000000701400000, 0x0000000707300000, 0x0000000780700000)
  object space 97280K, 33% used [0x0000000701400000,0x0000000703376d68,0x0000000707300000)
 Metaspace       used 58133K, capacity 59000K, committed 59160K, reserved 1101824K
  class space    used 7057K, capacity 7261K, committed 7296K, reserved 1048576K
Event: 12.697 GC heap after
Heap after GC invocations=11 (full 2):
 PSYoungGen      total 648704K, used 23036K [0x0000000780700000, 0x00000007bbf00000, 0x00000007c0000000)
  eden space 625664K, 0% used [0x0000000780700000,0x0000000780700000,0x00000007a6a00000)
  from space 23040K, 99% used [0x00000007a6a00000,0x00000007a807f368,0x00000007a8080000)
  to   space 37376K, 0% used [0x00000007b9a80000,0x00000007b9a80000,0x00000007bbf00000)
 ParOldGen       total 97280K, used 58936K [0x0000000701400000, 0x0000000707300000, 0x0000000780700000)
  object space 97280K, 60% used [0x0000000701400000,0x0000000704d8e2e0,0x0000000707300000)
 Metaspace       used 58133K, capacity 59000K, committed 59160K, reserved 1101824K
  class space    used 7057K, capacity 7261K, committed 7296K, reserved 1048576K
}
Event: 12.697 GC heap before
{Heap before GC invocations=12 (full 3):
 PSYoungGen      total 648704K, used 23036K [0x0000000780700000, 0x00000007bbf00000, 0x00000007c0000000)
  eden space 625664K, 0% used [0x0000000780700000,0x0000000780700000,0x00000007a6a00000)
  from space 23040K, 99% used [0x00000007a6a00000,0x00000007a807f368,0x00000007a8080000)
  to   space 37376K, 0% used [0x00000007b9a80000,0x00000007b9a80000,0x00000007bbf00000)
 ParOldGen       total 97280K, used 58936K [0x0000000701400000, 0x0000000707300000, 0x0000000780700000)
  object space 97280K, 60% used [0x0000000701400000,0x0000000704d8e2e0,0x0000000707300000)
 Metaspace       used 58133K, capacity 59000K, committed 59160K, reserved 1101824K
  class space    used 7057K, capacity 7261K, committed 7296K, reserved 1048576K
Event: 13.005 GC heap after
Heap after GC invocations=12 (full 3):
 PSYoungGen      total 648704K, used 0K [0x0000000780700000, 0x00000007bbf00000, 0x00000007c0000000)
  eden space 625664K, 0% used [0x0000000780700000,0x0000000780700000,0x00000007a6a00000)
  from space 23040K, 0% used [0x00000007a6a00000,0x00000007a6a00000,0x00000007a8080000)
  to   space 37376K, 0% used [0x00000007b9a80000,0x00000007b9a80000,0x00000007bbf00000)
 ParOldGen       total 166912K, used 68777K [0x0000000701400000, 0x000000070b700000, 0x0000000780700000)
  object space 166912K, 41% used [0x0000000701400000,0x000000070572a7a0,0x000000070b700000)
 Metaspace       used 58129K, capacity 58994K, committed 59160K, reserved 1101824K
  class space    used 7056K, capacity 7260K, committed 7296K, reserved 1048576K
}
Event: 55.600 GC heap before
{Heap before GC invocations=13 (full 3):
 PSYoungGen      total 648704K, used 364915K [0x0000000780700000, 0x00000007bbf00000, 0x00000007c0000000)
  eden space 625664K, 58% used [0x0000000780700000,0x0000000796b5cff8,0x00000007a6a00000)
  from space 23040K, 0% used [0x00000007a6a00000,0x00000007a6a00000,0x00000007a8080000)
  to   space 37376K, 0% used [0x00000007b9a80000,0x00000007b9a80000,0x00000007bbf00000)
 ParOldGen       total 166912K, used 68777K [0x0000000701400000, 0x000000070b700000, 0x0000000780700000)
  object space 166912K, 41% used [0x0000000701400000,0x000000070572a7a0,0x000000070b700000)
 Metaspace       used 70023K, capacity 71240K, committed 71424K, reserved 1112064K
  class space    used 8347K, capacity 8612K, committed 8704K, reserved 1048576K
Event: 55.614 GC heap after
Heap after GC invocations=13 (full 3):
 PSYoungGen      total 888320K, used 12936K [0x0000000780700000, 0x00000007ba780000, 0x00000007c0000000)
  eden space 875008K, 0% used [0x0000000780700000,0x0000000780700000,0x00000007b5d80000)
  from space 13312K, 97% used [0x00000007b9a80000,0x00000007ba7223d0,0x00000007ba780000)
  to   space 35840K, 0% used [0x00000007b6180000,0x00000007b6180000,0x00000007b8480000)
 ParOldGen       total 166912K, used 68793K [0x0000000701400000, 0x000000070b700000, 0x0000000780700000)
  object space 166912K, 41% used [0x0000000701400000,0x000000070572e7a0,0x000000070b700000)
 Metaspace       used 70023K, capacity 71240K, committed 71424K, reserved 1112064K
  class space    used 8347K, capacity 8612K, committed 8704K, reserved 1048576K
}
Event: 55.614 GC heap before
{Heap before GC invocations=14 (full 4):
 PSYoungGen      total 888320K, used 12936K [0x0000000780700000, 0x00000007ba780000, 0x00000007c0000000)
  eden space 875008K, 0% used [0x0000000780700000,0x0000000780700000,0x00000007b5d80000)
  from space 13312K, 97% used [0x00000007b9a80000,0x00000007ba7223d0,0x00000007ba780000)
  to   space 35840K, 0% used [0x00000007b6180000,0x00000007b6180000,0x00000007b8480000)
 ParOldGen       total 166912K, used 68793K [0x0000000701400000, 0x000000070b700000, 0x0000000780700000)
  object space 166912K, 41% used [0x0000000701400000,0x000000070572e7a0,0x000000070b700000)
 Metaspace       used 70023K, capacity 71240K, committed 71424K, reserved 1112064K
  class space    used 8347K, capacity 8612K, committed 8704K, reserved 1048576K
Event: 55.974 GC heap after
Heap after GC invocations=14 (full 4):
 PSYoungGen      total 888320K, used 0K [0x0000000780700000, 0x00000007ba780000, 0x00000007c0000000)
  eden space 875008K, 0% used [0x0000000780700000,0x0000000780700000,0x00000007b5d80000)
  from space 13312K, 0% used [0x00000007b9a80000,0x00000007b9a80000,0x00000007ba780000)
  to   space 35840K, 0% used [0x00000007b6180000,0x00000007b6180000,0x00000007b8480000)
 ParOldGen       total 166912K, used 65150K [0x0000000701400000, 0x000000070b700000, 0x0000000780700000)
  object space 166912K, 39% used [0x0000000701400000,0x000000070539fa10,0x000000070b700000)
 Metaspace       used 70023K, capacity 71240K, committed 71424K, reserved 1112064K
  class space    used 8347K, capacity 8612K, committed 8704K, reserved 1048576K
}

Deoptimization events (10 events):
Event: 37.325 Thread 0x000000001edce000 Uncommon trap: reason=unstable_if action=reinterpret pc=0x000000000430e6ec method=java.lang.reflect.Constructor.newInstance([Ljava/lang/Object;)Ljava/lang/Object; @ 18
Event: 37.396 Thread 0x000000001edce000 Uncommon trap: reason=unstable_if action=reinterpret pc=0x0000000003cdf730 method=java.lang.StringBuffer.toString()Ljava/lang/String; @ 4
Event: 37.408 Thread 0x000000001edce000 Uncommon trap: reason=unstable_if action=reinterpret pc=0x0000000004282ff0 method=java.util.TreeMap.put(Ljava/lang/Object;Ljava/lang/Object;)Ljava/lang/Object; @ 163
Event: 37.414 Thread 0x000000001edce000 Uncommon trap: reason=unstable_if action=reinterpret pc=0x0000000004adb0e4 method=com.itextpdf.text.pdf.ByteBuffer.append_i(I)Lcom/itextpdf/text/pdf/ByteBuffer; @ 13
Event: 55.240 Thread 0x000000001edd3800 Uncommon trap: reason=unstable_if action=reinterpret pc=0x0000000004a0dfb0 method=org.springframework.boot.devtools.filewatch.FileSnapshot.equals(Ljava/lang/Object;)Z @ 93
Event: 55.526 Thread 0x000000001dc55000 Uncommon trap: reason=unstable_if action=reinterpret pc=0x0000000004dcb7c8 method=java.io.BufferedOutputStream.write([BII)V @ 35
Event: 55.554 Thread 0x000000001dc55000 Uncommon trap: reason=class_check action=maybe_recompile pc=0x00000000045df640 method=java.io.DataOutputStream.writeInt(I)V @ 12
Event: 55.582 Thread 0x000000001dc55000 Uncommon trap: reason=unstable_if action=reinterpret pc=0x0000000004ae6618 method=java.io.ObjectOutputStream$BlockDataOutputStream.writeBytes(Ljava/lang/String;)V @ 22
Event: 55.593 Thread 0x000000001dc55000 Uncommon trap: reason=unstable_if action=reinterpret pc=0x0000000004d0a98c method=java.util.concurrent.locks.ReentrantLock$Sync.tryRelease(I)Z @ 28
Event: 55.974 Thread 0x00000000033ce800 Uncommon trap: reason=unstable_if action=reinterpret pc=0x0000000003e87368 method=java.lang.ref.Reference.tryHandlePending(Z)Z @ 20

Internal exceptions (10 events):
Event: 33.629 Thread 0x000000001dc4b800 Exception <a 'java/lang/ClassNotFoundException': com/pe/lima/sg/presentacion/FiltroCustomizer> (0x000000078deeb4e0) thrown at [C:\re\workspace\8-2-build-windows-amd64-cygwin\jdk8u91\7017\hotspot\src\share\vm\classfile\systemDictionary.cpp, line 210]
Event: 35.400 Thread 0x000000001edcf000 Exception <a 'java/lang/ClassNotFoundException': java/lang/ObjectCustomizer> (0x000000078de7a908) thrown at [C:\re\workspace\8-2-build-windows-amd64-cygwin\jdk8u91\7017\hotspot\src\share\vm\classfile\systemDictionary.cpp, line 210]
Event: 35.401 Thread 0x000000001edcf000 Exception <a 'java/lang/ClassNotFoundException': com/pe/lima/sg/presentacion/util/PageableSGCustomizer> (0x000000078dea23b0) thrown at [C:\re\workspace\8-2-build-windows-amd64-cygwin\jdk8u91\7017\hotspot\src\share\vm\classfile\systemDictionary.cpp, line 21
Event: 35.402 Thread 0x000000001edcf000 Exception <a 'java/lang/ClassNotFoundException': org/springframework/data/domain/PageableCustomizer> (0x000000078f7441e8) thrown at [C:\re\workspace\8-2-build-windows-amd64-cygwin\jdk8u91\7017\hotspot\src\share\vm\classfile\systemDictionary.cpp, line 210]
Event: 37.271 Thread 0x000000001edce000 Exception <a 'java/io/FileNotFoundException'> (0x0000000793d81128) thrown at [C:\re\workspace\8-2-build-windows-amd64-cygwin\jdk8u91\7017\hotspot\src\share\vm\prims\jni.cpp, line 709]
Event: 37.293 Thread 0x000000001edce000 Exception <a 'java/io/FileNotFoundException'> (0x0000000793db28e8) thrown at [C:\re\workspace\8-2-build-windows-amd64-cygwin\jdk8u91\7017\hotspot\src\share\vm\prims\jni.cpp, line 709]
Event: 55.513 Thread 0x000000002376c000 Exception <a 'java/lang/InterruptedException': sleep interrupted> (0x00000007930489a0) thrown at [C:\re\workspace\8-2-build-windows-amd64-cygwin\jdk8u91\7017\hotspot\src\share\vm\prims\jvm.cpp, line 3215]
Event: 55.555 Thread 0x000000001dc55000 Exception <a 'java/lang/NoSuchMethodError': <clinit>> (0x0000000796382490) thrown at [C:\re\workspace\8-2-build-windows-amd64-cygwin\jdk8u91\7017\hotspot\src\share\vm\prims\jni.cpp, line 1613]
Event: 55.569 Thread 0x000000001dc55000 Exception <a 'java/lang/NoSuchMethodError': <clinit>> (0x0000000796402d40) thrown at [C:\re\workspace\8-2-build-windows-amd64-cygwin\jdk8u91\7017\hotspot\src\share\vm\prims\jni.cpp, line 1613]
Event: 55.598 Thread 0x000000001edc9800 Exception <a 'java/lang/InterruptedException': sleep interrupted> (0x000000079674a3d8) thrown at [C:\re\workspace\8-2-build-windows-amd64-cygwin\jdk8u91\7017\hotspot\src\share\vm\prims\jvm.cpp, line 3215]

Events (10 events):
Event: 55.976 Executing VM operation: RevokeBias
Event: 55.976 Executing VM operation: RevokeBias done
Event: 55.976 Executing VM operation: RevokeBias
Event: 55.976 Executing VM operation: RevokeBias done
Event: 55.976 Executing VM operation: RevokeBias
Event: 55.976 Executing VM operation: RevokeBias done
Event: 55.976 Executing VM operation: RevokeBias
Event: 55.976 Executing VM operation: RevokeBias done
Event: 55.976 Executing VM operation: RevokeBias
Event: 55.976 Executing VM operation: RevokeBias done


Dynamic libraries:
0x00007ff6dff70000 - 0x00007ff6dffa7000 	C:\Program Files\Java\jdk1.8.0_91\bin\javaw.exe
0x00007ffc847d0000 - 0x00007ffc849c8000 	C:\Windows\SYSTEM32\ntdll.dll
0x00007ffc83470000 - 0x00007ffc8352f000 	C:\Windows\System32\KERNEL32.DLL
0x00007ffc82480000 - 0x00007ffc82776000 	C:\Windows\System32\KERNELBASE.dll
0x00007ffc84570000 - 0x00007ffc8461f000 	C:\Windows\System32\ADVAPI32.dll
0x00007ffc83550000 - 0x00007ffc835ee000 	C:\Windows\System32\msvcrt.dll
0x00007ffc82f70000 - 0x00007ffc8300c000 	C:\Windows\System32\sechost.dll
0x00007ffc83a80000 - 0x00007ffc83ba6000 	C:\Windows\System32\RPCRT4.dll
0x00007ffc837a0000 - 0x00007ffc8393d000 	C:\Windows\System32\USER32.dll
0x00007ffc827d0000 - 0x00007ffc827f2000 	C:\Windows\System32\win32u.dll
0x00007ffc83010000 - 0x00007ffc8303c000 	C:\Windows\System32\GDI32.dll
0x00007ffc820b0000 - 0x00007ffc821c5000 	C:\Windows\System32\gdi32full.dll
0x00007ffc81eb0000 - 0x00007ffc81f4d000 	C:\Windows\System32\msvcp_win.dll
0x00007ffc82380000 - 0x00007ffc82480000 	C:\Windows\System32\ucrtbase.dll
0x00007ffc78b90000 - 0x00007ffc78e2a000 	C:\Windows\WinSxS\amd64_microsoft.windows.common-controls_6595b64144ccf1df_6.0.19041.1110_none_60b5254171f9507e\COMCTL32.dll
0x00007ffc84750000 - 0x00007ffc84780000 	C:\Windows\System32\IMM32.DLL
0x000000006ce80000 - 0x000000006cf52000 	C:\Program Files\Java\jdk1.8.0_91\jre\bin\msvcr100.dll
0x000000006d210000 - 0x000000006daa3000 	C:\Program Files\Java\jdk1.8.0_91\jre\bin\server\jvm.dll
0x00007ffc83730000 - 0x00007ffc83738000 	C:\Windows\System32\PSAPI.DLL
0x00007ffc79b70000 - 0x00007ffc79b7a000 	C:\Windows\SYSTEM32\VERSION.dll
0x00007ffc79b40000 - 0x00007ffc79b67000 	C:\Windows\SYSTEM32\WINMM.dll
0x00007ffc6d700000 - 0x00007ffc6d709000 	C:\Windows\SYSTEM32\WSOCK32.dll
0x00007ffc83db0000 - 0x00007ffc83e1b000 	C:\Windows\System32\WS2_32.dll
0x000000006d120000 - 0x000000006d12f000 	C:\Program Files\Java\jdk1.8.0_91\jre\bin\verify.dll
0x000000006d0f0000 - 0x000000006d119000 	C:\Program Files\Java\jdk1.8.0_91\jre\bin\java.dll
0x000000006d0a0000 - 0x000000006d0b6000 	C:\Program Files\Java\jdk1.8.0_91\jre\bin\zip.dll
0x00007ffc83e20000 - 0x00007ffc84564000 	C:\Windows\System32\SHELL32.dll
0x00007ffc7ff60000 - 0x00007ffc806f3000 	C:\Windows\SYSTEM32\windows.storage.dll
0x00007ffc83040000 - 0x00007ffc83394000 	C:\Windows\System32\combase.dll
0x00007ffc81900000 - 0x00007ffc8192e000 	C:\Windows\SYSTEM32\Wldp.dll
0x00007ffc839d0000 - 0x00007ffc83a7d000 	C:\Windows\System32\SHCORE.dll
0x00007ffc835f0000 - 0x00007ffc83645000 	C:\Windows\System32\shlwapi.dll
0x00007ffc81df0000 - 0x00007ffc81e0f000 	C:\Windows\SYSTEM32\profapi.dll
0x000000006ce70000 - 0x000000006ce7d000 	C:\Program Files\Java\jdk1.8.0_91\jre\bin\management.dll
0x000000006d080000 - 0x000000006d09a000 	C:\Program Files\Java\jdk1.8.0_91\jre\bin\net.dll
0x00007ffc81660000 - 0x00007ffc816ca000 	C:\Windows\system32\mswsock.dll
0x00007ffc7c890000 - 0x00007ffc7c8a7000 	C:\Windows\system32\napinsp.dll
0x00007ffc7c3f0000 - 0x00007ffc7c40b000 	C:\Windows\system32\pnrpnsp.dll
0x00007ffc7c7c0000 - 0x00007ffc7c7d5000 	C:\Windows\system32\wshbth.dll
0x00007ffc7d890000 - 0x00007ffc7d8ad000 	C:\Windows\system32\NLAapi.dll
0x00007ffc81300000 - 0x00007ffc8133c000 	C:\Windows\SYSTEM32\IPHLPAPI.DLL
0x00007ffc81350000 - 0x00007ffc8141a000 	C:\Windows\SYSTEM32\DNSAPI.dll
0x00007ffc84780000 - 0x00007ffc84788000 	C:\Windows\System32\NSI.dll
0x00007ffc7c3d0000 - 0x00007ffc7c3e2000 	C:\Windows\System32\winrnr.dll
0x00007ffc76880000 - 0x00007ffc7688a000 	C:\Windows\System32\rasadhlp.dll
0x00007ffc76e20000 - 0x00007ffc76ea2000 	C:\Windows\System32\fwpuclnt.dll
0x00007ffc82800000 - 0x00007ffc82827000 	C:\Windows\System32\bcrypt.dll
0x000000006d060000 - 0x000000006d071000 	C:\Program Files\Java\jdk1.8.0_91\jre\bin\nio.dll
0x00007ffc81850000 - 0x00007ffc81868000 	C:\Windows\SYSTEM32\CRYPTSP.dll
0x00007ffc80ea0000 - 0x00007ffc80ed4000 	C:\Windows\system32\rsaenh.dll
0x00007ffc81db0000 - 0x00007ffc81dde000 	C:\Windows\SYSTEM32\USERENV.dll
0x00007ffc822f0000 - 0x00007ffc82372000 	C:\Windows\System32\bcryptprimitives.dll
0x00007ffc81870000 - 0x00007ffc8187c000 	C:\Windows\SYSTEM32\CRYPTBASE.dll
0x00007ffc7a230000 - 0x00007ffc7a247000 	C:\Windows\SYSTEM32\dhcpcsvc6.DLL
0x00007ffc7a210000 - 0x00007ffc7a22d000 	C:\Windows\SYSTEM32\dhcpcsvc.DLL
0x0000000065880000 - 0x0000000065970000 	C:\Users\ADMIN\AppData\Local\Temp\sqlite-3.15.1-5cb312a9-6f98-4c25-8cdd-2311d65b46d2-sqlitejdbc.dll
0x000000006ccd0000 - 0x000000006ce68000 	C:\Program Files\Java\jdk1.8.0_91\jre\bin\awt.dll
0x00007ffc833a0000 - 0x00007ffc8346d000 	C:\Windows\System32\OLEAUT32.dll
0x00007ffc7f6a0000 - 0x00007ffc7f731000 	C:\Windows\SYSTEM32\apphelp.dll
0x00007ffc7fa70000 - 0x00007ffc7fa9f000 	C:\Windows\system32\DWMAPI.DLL
0x00007ffc7f890000 - 0x00007ffc7f92e000 	C:\Windows\system32\uxtheme.dll
0x00007ffc6d2d0000 - 0x00007ffc6d4b4000 	C:\Windows\SYSTEM32\dbghelp.dll

VM Arguments:
jvm_args: -Dfile.encoding=UTF-8 
java_command: com.pe.lima.sg.SgApplication
java_class_path (initial): D:\03.Gregorio_Git\02.Dysalim\sfc\target\classes;C:\Users\ADMIN\.m2\repository\org\springframework\boot\spring-boot-starter-thymeleaf\1.5.4.RELEASE\spring-boot-starter-thymeleaf-1.5.4.RELEASE.jar;C:\Users\ADMIN\.m2\repository\org\thymeleaf\thymeleaf-spring4\2.1.5.RELEASE\thymeleaf-spring4-2.1.5.RELEASE.jar;C:\Users\ADMIN\.m2\repository\org\thymeleaf\thymeleaf\2.1.5.RELEASE\thymeleaf-2.1.5.RELEASE.jar;C:\Users\ADMIN\.m2\repository\ognl\ognl\3.0.8\ognl-3.0.8.jar;C:\Users\ADMIN\.m2\repository\org\unbescape\unbescape\1.1.0.RELEASE\unbescape-1.1.0.RELEASE.jar;C:\Users\ADMIN\.m2\repository\nz\net\ultraq\thymeleaf\thymeleaf-layout-dialect\1.4.0\thymeleaf-layout-dialect-1.4.0.jar;C:\Users\ADMIN\.m2\repository\org\codehaus\groovy\groovy\2.4.11\groovy-2.4.11.jar;C:\Users\ADMIN\.m2\repository\org\webjars\bootstrap\3.3.7\bootstrap-3.3.7.jar;C:\Users\ADMIN\.m2\repository\org\webjars\jquery\1.11.1\jquery-1.11.1.jar;C:\Users\ADMIN\.m2\repository\org\springframework\boot\spring-boot-starter\1.5.4.RELEASE\spring-boot-starter-1.5.4.RELEASE.jar;C:\Users\ADMIN\.m2\repository\org\springframework\boot\spring-boot\1.5.4.RELEASE\spring-boot-1.5.4.RELEASE.jar;C:\Users\ADMIN\.m2\repository\org\springframework\boot\spring-boot-autoconfigure\1.5.4.RELEASE\spring-boot-autoconfigure-1.5.4.RELEASE.jar;C:\Users\ADMIN\.m2\repository\org\springframework\boot\spring-boot-starter-logging\1.5.4.RELEASE\spring-boot-starter-logging-1.5.4.RELEASE.jar;C:\Users\ADMIN\.m2\repository\org\slf4j\jcl-over-slf4j\1.7.25\jcl-over-slf4j-1.7.25.jar;C:\Users\ADMIN\.m2\repository\org\springframework\spring-core\4.3.9.RELEASE\spring-core-4.3.9.RELEASE.jar;C:\Users\ADMIN\.m2\repository\org\yaml\snakeyaml\1.17\snakeyaml-1.17.jar;C:\Users\ADMIN\.m2\repository\org\springframework\boot\spring-boot-starter-web\1.5.4.RELEASE\spring-boot-starter-web-1.5.4.RELEASE.jar;C:\Users\ADMIN\.m2\repository\org\springframework\boot\spring-boot-starter-tomcat\1.5.4.RELEASE\spring-boot-starter-tomcat-1.5.4.RELEA
Launcher Type: SUN_STANDARD

Environment Variables:
JAVA_HOME=C:\Program Files\Java\jdk1.8.0_91
PATH=C:/Program Files/Java/jdk1.8.0_91/bin/../jre/bin/server;C:/Program Files/Java/jdk1.8.0_91/bin/../jre/bin;C:/Program Files/Java/jdk1.8.0_91/bin/../jre/lib/amd64;C:\Program Files\Java\jdk1.8.0_91\bin;C:\Windows\system32;C:\Windows;C:\Windows\System32\Wbem;C:\Windows\System32\WindowsPowerShell\v1.0\;C:\Windows\System32\OpenSSH\;D:\03.Gregorio\02.Instaladores\Maven\apache-maven-3.8.4\bin;C:\Program Files\Git\cmd;D:\03.Gregorio\02.Instaladores\Ant\apache-ant-1.9.16\bin;C:\Program Files\PuTTY\;C:\ProgramData\Oracle\Java\javapath;C:\Program Files\Common Files\Oracle\Java\javapath;C:\Users\ADMIN\AppData\Local\Microsoft\WindowsApps;;C:\Program Files\JetBrains\IntelliJ IDEA Community Edition 2023.1\bin;;D:\03.Gregorio\02.Instaladores\Eclipse\eclipse;
USERNAME=ADMIN
OS=Windows_NT
PROCESSOR_IDENTIFIER=Intel64 Family 6 Model 60 Stepping 3, GenuineIntel



---------------  S Y S T E M  ---------------

OS: Windows 10.0 , 64 bit Build 19041 (10.0.19041.3031)

CPU:total 8 (4 cores per cpu, 2 threads per core) family 6 model 60 stepping 3, cmov, cx8, fxsr, mmx, sse, sse2, sse3, ssse3, sse4.1, sse4.2, popcnt, avx, avx2, aes, clmul, erms, lzcnt, ht, tsc, tscinvbit, bmi1, bmi2

Memory: 4k page, physical 12497260k(5859996k free), swap 14397804k(6073564k free)

vm_info: Java HotSpot(TM) 64-Bit Server VM (25.91-b15) for windows-amd64 JRE (1.8.0_91-b15), built on May 20 2016 17:43:15 by "java_re" with MS VC++ 10.0 (VS2010)

time: Mon Jul 10 21:01:36 2023
elapsed time: 55 seconds (0d 0h 0m 55s)

