#
# A fatal error has been detected by the Java Runtime Environment:
#
#  EXCEPTION_ACCESS_VIOLATION (0xc0000005) at pc=0x00000000658f9565, pid=13468, tid=2336
#
# JRE version: Java(TM) SE Runtime Environment (8.0_91-b15) (build 1.8.0_91-b15)
# Java VM: Java HotSpot(TM) 64-Bit Server VM (25.91-b15 mixed mode windows-amd64 compressed oops)
# Problematic frame:
# C  [sqlite-3.15.1-04c17197-b865-4ffb-adfa-703597cf2ab7-sqlitejdbc.dll+0x79565]
#
# Failed to write core dump. Minidumps are not enabled by default on client versions of Windows
#
# If you would like to submit a bug report, please visit:
#   http://bugreport.java.com/bugreport/crash.jsp
# The crash happened outside the Java Virtual Machine in native code.
# See problematic frame for where to report the bug.
#

---------------  T H R E A D  ---------------

Current thread (0x000000001bce0800):  JavaThread "Finalizer" daemon [_thread_in_native, id=2336, stack(0x000000001c0c0000,0x000000001c1c0000)]

siginfo: ExceptionCode=0xc0000005, reading address 0x0000000000000018

Registers:
RAX=0x00000000658826d0, RBX=0x0000000000e6ee78, RCX=0x0000000000e6ee78, RDX=0x000000001c1bef80
RSP=0x000000001c1bee80, RBP=0x000000001c1bef50, RSI=0x0000000000000000, RDI=0x00000000e0ecb225
R8 =0x0000000000e6ee78, R9 =0x0000000002816d00, R10=0x0000000002908a2b, R11=0x000000006d439d90
R12=0x0000000000000000, R13=0x00000000282d7588, R14=0x000000001c1bef80, R15=0x000000001bce0800
RIP=0x00000000658f9565, EFLAGS=0x0000000000010206

Top of Stack: (sp=0x000000001c1bee80)
0x000000001c1bee80:   0000000000000158 0000000000000000
0x000000001c1bee90:   0000000019df7f60 000000006d2c6071
0x000000001c1beea0:   000000001c1bf4b8 00000000282d7588
0x000000001c1beeb0:   0000000000000158 0000000002908a57
0x000000001c1beec0:   00000000e0ecb225 00000000029087f1
0x000000001c1beed0:   000000001bce0800 00000000282d7588
0x000000001c1beee0:   0000b50d7bf0e291 0000000000000000
0x000000001c1beef0:   0000000000000000 00000000029087b9
0x000000001c1bef00:   0000000000000003 0000000708c8c928
0x000000001c1bef10:   000000001c1bef00 00000000282d7588
0x000000001c1bef20:   000000001c1bef80 00000000283092e0
0x000000001c1bef30:   0000000000000000 00000000282d7588
0x000000001c1bef40:   0000000000000000 000000001c1bef70
0x000000001c1bef50:   000000001c1befc8 00000000028f7da0
0x000000001c1bef60:   0000000000000000 00000000029019d6
0x000000001c1bef70:   0000000000e6ee78 0000000000e6ee78 

Instructions: (pc=0x00000000658f9565)
0x00000000658f9545:   48 83 c4 38 c3 66 0f 1f 44 00 00 56 53 48 83 ec
0x00000000658f9555:   28 48 85 c9 0f 84 b1 00 00 00 48 8b 31 48 89 cb
0x00000000658f9565:   48 8b 4e 18 48 85 c9 74 06 ff 15 94 ec 04 00 48
0x00000000658f9575:   83 bb b0 00 00 00 00 7e 0b 48 89 da 48 89 f1 e8 


Register to memory mapping:

RAX=0x00000000658826d0 is an unknown value
RBX=0x0000000000e6ee78 is an unknown value
RCX=0x0000000000e6ee78 is an unknown value
RDX=0x000000001c1bef80 is pointing into the stack for thread: 0x000000001bce0800
RSP=0x000000001c1bee80 is pointing into the stack for thread: 0x000000001bce0800
RBP=0x000000001c1bef50 is pointing into the stack for thread: 0x000000001bce0800
RSI=0x0000000000000000 is an unknown value
RDI=0x00000000e0ecb225 is an unknown value
R8 =0x0000000000e6ee78 is an unknown value
R9 =0x0000000002816d00 is an unknown value
R10=0x0000000002908a2b is at code_begin+1227 in an Interpreter codelet
method entry point (kind = native_synchronized)  [0x0000000002908560, 0x0000000002909040]  2784 bytes
R11=0x000000006d439d90 is an unknown value
R12=0x0000000000000000 is an unknown value
R13={method} {0x00000000282d7590} 'reset' '(J)I' in 'org/sqlite/core/NativeDB'
R14=0x000000001c1bef80 is pointing into the stack for thread: 0x000000001bce0800
R15=0x000000001bce0800 is a thread


Stack: [0x000000001c0c0000,0x000000001c1c0000],  sp=0x000000001c1bee80,  free space=1019k
Native frames: (J=compiled Java code, j=interpreted, Vv=VM code, C=native code)
C  [sqlite-3.15.1-04c17197-b865-4ffb-adfa-703597cf2ab7-sqlitejdbc.dll+0x79565]
C  0x0000000002908a57

Java frames: (J=compiled Java code, j=interpreted, Vv=VM code)
j  org.sqlite.core.NativeDB.reset(J)I+0
j  org.sqlite.core.CoreResultSet.close()V+81
j  org.sqlite.jdbc4.JDBC4ResultSet.close()V+6
j  org.sqlite.core.CoreStatement.internalClose()V+34
j  org.sqlite.jdbc3.JDBC3Statement.close()V+33
j  org.sqlite.jdbc4.JDBC4Statement.close()V+1
j  org.sqlite.core.CorePreparedStatement.finalize()V+1
J 3355 C2 java.lang.ref.Finalizer.access$100(Ljava/lang/ref/Finalizer;Lsun/misc/JavaLangAccess;)V (6 bytes) @ 0x000000000362a668 [0x000000000362a480+0x1e8]
j  java.lang.ref.Finalizer$FinalizerThread.run()V+45
v  ~StubRoutines::call_stub

---------------  P R O C E S S  ---------------

Java Threads: ( => current thread )
  0x0000000024f2c800 JavaThread "restartedMain" [_thread_in_Java, id=14988, stack(0x0000000020830000,0x0000000020930000)]
  0x0000000024e7d800 JavaThread "Thread-43" [_thread_blocked, id=9352, stack(0x00000000009c0000,0x0000000000ac0000)]
  0x0000000024e8a800 JavaThread "http-nio-8080-AsyncTimeout" daemon [_thread_blocked, id=6980, stack(0x000000002a610000,0x000000002a710000)]
  0x0000000024f34000 JavaThread "Java2D Disposer" daemon [_thread_blocked, id=12732, stack(0x000000001e960000,0x000000001ea60000)]
  0x0000000024f2b800 JavaThread "DestroyJavaVM" [_thread_blocked, id=148, stack(0x00000000026f0000,0x00000000027f0000)]
  0x0000000024e7f000 JavaThread "Live Reload Server" daemon [_thread_in_native, id=12540, stack(0x00000000280e0000,0x00000000281e0000)]
  0x000000001bd92000 JavaThread "Service Thread" daemon [_thread_blocked, id=11780, stack(0x000000001c8e0000,0x000000001c9e0000)]
  0x000000001bd07000 JavaThread "C1 CompilerThread3" daemon [_thread_blocked, id=7692, stack(0x000000001c7e0000,0x000000001c8e0000)]
  0x000000001bcfc000 JavaThread "C2 CompilerThread2" daemon [_thread_blocked, id=4600, stack(0x000000001c6e0000,0x000000001c7e0000)]
  0x000000001bcf7800 JavaThread "C2 CompilerThread1" daemon [_thread_blocked, id=13636, stack(0x000000001c5e0000,0x000000001c6e0000)]
  0x000000001bcf1000 JavaThread "C2 CompilerThread0" daemon [_thread_blocked, id=14712, stack(0x000000001c4e0000,0x000000001c5e0000)]
  0x000000001bcef800 JavaThread "Attach Listener" daemon [_thread_blocked, id=8684, stack(0x000000001c3e0000,0x000000001c4e0000)]
  0x000000001bcef000 JavaThread "Signal Dispatcher" daemon [_thread_blocked, id=12932, stack(0x000000001c2e0000,0x000000001c3e0000)]
=>0x000000001bce0800 JavaThread "Finalizer" daemon [_thread_in_native, id=2336, stack(0x000000001c0c0000,0x000000001c1c0000)]
  0x00000000028ee000 JavaThread "Reference Handler" daemon [_thread_blocked, id=15392, stack(0x000000001bbc0000,0x000000001bcc0000)]

Other Threads:
  0x0000000019df9000 VMThread [stack: 0x000000001bac0000,0x000000001bbc0000] [id=1352]
  0x000000001bde6800 WatcherThread [stack: 0x000000001c9e0000,0x000000001cae0000] [id=14968]

VM state:not at safepoint (normal execution)

VM Mutex/Monitor currently owned by a thread: None

Heap:
 PSYoungGen      total 858112K, used 9605K [0x0000000780700000, 0x00000007bdc00000, 0x00000007c0000000)
  eden space 809472K, 1% used [0x0000000780700000,0x0000000781061598,0x00000007b1d80000)
  from space 48640K, 0% used [0x00000007b1d80000,0x00000007b1d80000,0x00000007b4d00000)
  to   space 47616K, 0% used [0x00000007bad80000,0x00000007bad80000,0x00000007bdc00000)
 ParOldGen       total 206336K, used 123771K [0x0000000701400000, 0x000000070dd80000, 0x0000000780700000)
  object space 206336K, 59% used [0x0000000701400000,0x0000000708cdedf8,0x000000070dd80000)
 Metaspace       used 84413K, capacity 86765K, committed 86952K, reserved 1126400K
  class space    used 9141K, capacity 9637K, committed 9648K, reserved 1048576K

Card table byte_map: [0x0000000011cb0000,0x00000000122b0000] byte_map_base: 0x000000000e4a6000

Marking Bits: (ParMarkBitMap*) 0x000000006da22f70
 Begin Bits: [0x0000000012eb0000, 0x0000000015e60000)
 End Bits:   [0x0000000015e60000, 0x0000000018e10000)

Polling page: 0x0000000002620000

CodeCache: size=245760Kb used=43219Kb max_used=43353Kb free=202541Kb
 bounds [0x00000000028f0000, 0x00000000053c0000, 0x00000000118f0000]
 total_blobs=12047 nmethods=11103 adapters=854
 compilation: enabled

Compilation events (10 events):
Event: 2306.122 Thread 0x000000001bcf7800 14418       4       java.io.ObjectOutputStream$PutFieldImpl::getFieldOffset (55 bytes)
Event: 2306.122 Thread 0x000000001bd07000 14419       3       java.util.Arrays::fill (21 bytes)
Event: 2306.123 Thread 0x000000001bd07000 nmethod 14419 0x0000000003b22250 code [0x0000000003b223c0, 0x0000000003b225b0]
Event: 2306.125 Thread 0x000000001bd07000 14420       3       org.apache.catalina.loader.WebappClassLoaderBase::findLoadedClass0 (32 bytes)
Event: 2306.125 Thread 0x000000001bd07000 nmethod 14420 0x0000000002dbd1d0 code [0x0000000002dbd360, 0x0000000002dbd778]
Event: 2306.126 Thread 0x000000001bcf7800 nmethod 14418 0x00000000034b0ed0 code [0x00000000034b1040, 0x00000000034b1578]
Event: 2306.127 Thread 0x000000001bd07000 14421       1       com.sun.jmx.mbeanserver.NamedObject::getObject (5 bytes)
Event: 2306.128 Thread 0x000000001bd07000 nmethod 14421 0x000000000344e9d0 code [0x000000000344eb20, 0x000000000344ec30]
Event: 2306.590 Thread 0x000000001bd07000 14422       3       java.util.concurrent.atomic.AtomicLong::addAndGet (14 bytes)
Event: 2306.590 Thread 0x000000001bd07000 nmethod 14422 0x0000000003fb9c10 code [0x0000000003fb9d60, 0x0000000003fb9eb0]

GC Heap History (10 events):
Event: 1913.069 GC heap before
{Heap before GC invocations=22 (full 5):
 PSYoungGen      total 844288K, used 498484K [0x0000000780700000, 0x00000007b7f00000, 0x00000007c0000000)
  eden space 813056K, 57% used [0x0000000780700000,0x000000079cf5ad30,0x00000007b2100000)
  from space 31232K, 99% used [0x00000007b6080000,0x00000007b7ef2480,0x00000007b7f00000)
  to   space 44544K, 0% used [0x00000007b2800000,0x00000007b2800000,0x00000007b5380000)
 ParOldGen       total 206336K, used 80735K [0x0000000701400000, 0x000000070dd80000, 0x0000000780700000)
  object space 206336K, 39% used [0x0000000701400000,0x00000007062d7c40,0x000000070dd80000)
 Metaspace       used 79892K, capacity 81821K, committed 82088K, reserved 1122304K
  class space    used 8873K, capacity 9287K, committed 9392K, reserved 1048576K
Event: 1913.089 GC heap after
Heap after GC invocations=22 (full 5):
 PSYoungGen      total 840704K, used 27434K [0x0000000780700000, 0x00000007b7900000, 0x00000007c0000000)
  eden space 813056K, 0% used [0x0000000780700000,0x0000000780700000,0x00000007b2100000)
  from space 27648K, 99% used [0x00000007b2800000,0x00000007b42ca9a0,0x00000007b4300000)
  to   space 45056K, 0% used [0x00000007b4d00000,0x00000007b4d00000,0x00000007b7900000)
 ParOldGen       total 206336K, used 80743K [0x0000000701400000, 0x000000070dd80000, 0x0000000780700000)
  object space 206336K, 39% used [0x0000000701400000,0x00000007062d9c40,0x000000070dd80000)
 Metaspace       used 79892K, capacity 81821K, committed 82088K, reserved 1122304K
  class space    used 8873K, capacity 9287K, committed 9392K, reserved 1048576K
}
Event: 1913.089 GC heap before
{Heap before GC invocations=23 (full 6):
 PSYoungGen      total 840704K, used 27434K [0x0000000780700000, 0x00000007b7900000, 0x00000007c0000000)
  eden space 813056K, 0% used [0x0000000780700000,0x0000000780700000,0x00000007b2100000)
  from space 27648K, 99% used [0x00000007b2800000,0x00000007b42ca9a0,0x00000007b4300000)
  to   space 45056K, 0% used [0x00000007b4d00000,0x00000007b4d00000,0x00000007b7900000)
 ParOldGen       total 206336K, used 80743K [0x0000000701400000, 0x000000070dd80000, 0x0000000780700000)
  object space 206336K, 39% used [0x0000000701400000,0x00000007062d9c40,0x000000070dd80000)
 Metaspace       used 79892K, capacity 81821K, committed 82088K, reserved 1122304K
  class space    used 8873K, capacity 9287K, committed 9392K, reserved 1048576K
Event: 1913.557 GC heap after
Heap after GC invocations=23 (full 6):
 PSYoungGen      total 840704K, used 0K [0x0000000780700000, 0x00000007b7900000, 0x00000007c0000000)
  eden space 813056K, 0% used [0x0000000780700000,0x0000000780700000,0x00000007b2100000)
  from space 27648K, 0% used [0x00000007b2800000,0x00000007b2800000,0x00000007b4300000)
  to   space 45056K, 0% used [0x00000007b4d00000,0x00000007b4d00000,0x00000007b7900000)
 ParOldGen       total 206336K, used 102210K [0x0000000701400000, 0x000000070dd80000, 0x0000000780700000)
  object space 206336K, 49% used [0x0000000701400000,0x00000007077d0880,0x000000070dd80000)
 Metaspace       used 79888K, capacity 81815K, committed 82088K, reserved 1122304K
  class space    used 8873K, capacity 9286K, committed 9392K, reserved 1048576K
}
Event: 1917.570 GC heap before
{Heap before GC invocations=24 (full 6):
 PSYoungGen      total 840704K, used 813056K [0x0000000780700000, 0x00000007b7900000, 0x00000007c0000000)
  eden space 813056K, 100% used [0x0000000780700000,0x00000007b2100000,0x00000007b2100000)
  from space 27648K, 0% used [0x00000007b2800000,0x00000007b2800000,0x00000007b4300000)
  to   space 45056K, 0% used [0x00000007b4d00000,0x00000007b4d00000,0x00000007b7900000)
 ParOldGen       total 206336K, used 102210K [0x0000000701400000, 0x000000070dd80000, 0x0000000780700000)
  object space 206336K, 49% used [0x0000000701400000,0x00000007077d0880,0x000000070dd80000)
 Metaspace       used 83556K, capacity 85521K, committed 85800K, reserved 1126400K
  class space    used 9065K, capacity 9513K, committed 9520K, reserved 1048576K
Event: 1917.597 GC heap after
Heap after GC invocations=24 (full 6):
 PSYoungGen      total 854528K, used 37060K [0x0000000780700000, 0x00000007bde00000, 0x00000007c0000000)
  eden space 809472K, 0% used [0x0000000780700000,0x0000000780700000,0x00000007b1d80000)
  from space 45056K, 82% used [0x00000007b4d00000,0x00000007b71312c0,0x00000007b7900000)
  to   space 48640K, 0% used [0x00000007b1d80000,0x00000007b1d80000,0x00000007b4d00000)
 ParOldGen       total 206336K, used 102218K [0x0000000701400000, 0x000000070dd80000, 0x0000000780700000)
  object space 206336K, 49% used [0x0000000701400000,0x00000007077d2880,0x000000070dd80000)
 Metaspace       used 83556K, capacity 85521K, committed 85800K, reserved 1126400K
  class space    used 9065K, capacity 9513K, committed 9520K, reserved 1048576K
}
Event: 2306.131 GC heap before
{Heap before GC invocations=25 (full 6):
 PSYoungGen      total 854528K, used 570563K [0x0000000780700000, 0x00000007bde00000, 0x00000007c0000000)
  eden space 809472K, 65% used [0x0000000780700000,0x00000007a0fffcd0,0x00000007b1d80000)
  from space 45056K, 82% used [0x00000007b4d00000,0x00000007b71312c0,0x00000007b7900000)
  to   space 48640K, 0% used [0x00000007b1d80000,0x00000007b1d80000,0x00000007b4d00000)
 ParOldGen       total 206336K, used 102218K [0x0000000701400000, 0x000000070dd80000, 0x0000000780700000)
  object space 206336K, 49% used [0x0000000701400000,0x00000007077d2880,0x000000070dd80000)
 Metaspace       used 84415K, capacity 86765K, committed 86952K, reserved 1126400K
  class space    used 9140K, capacity 9636K, committed 9648K, reserved 1048576K
Event: 2306.150 GC heap after
Heap after GC invocations=25 (full 6):
 PSYoungGen      total 858112K, used 27258K [0x0000000780700000, 0x00000007bdc00000, 0x00000007c0000000)
  eden space 809472K, 0% used [0x0000000780700000,0x0000000780700000,0x00000007b1d80000)
  from space 48640K, 56% used [0x00000007b1d80000,0x00000007b381e9d0,0x00000007b4d00000)
  to   space 47616K, 0% used [0x00000007bad80000,0x00000007bad80000,0x00000007bdc00000)
 ParOldGen       total 206336K, used 102226K [0x0000000701400000, 0x000000070dd80000, 0x0000000780700000)
  object space 206336K, 49% used [0x0000000701400000,0x00000007077d4880,0x000000070dd80000)
 Metaspace       used 84415K, capacity 86765K, committed 86952K, reserved 1126400K
  class space    used 9140K, capacity 9636K, committed 9648K, reserved 1048576K
}
Event: 2306.150 GC heap before
{Heap before GC invocations=26 (full 7):
 PSYoungGen      total 858112K, used 27258K [0x0000000780700000, 0x00000007bdc00000, 0x00000007c0000000)
  eden space 809472K, 0% used [0x0000000780700000,0x0000000780700000,0x00000007b1d80000)
  from space 48640K, 56% used [0x00000007b1d80000,0x00000007b381e9d0,0x00000007b4d00000)
  to   space 47616K, 0% used [0x00000007bad80000,0x00000007bad80000,0x00000007bdc00000)
 ParOldGen       total 206336K, used 102226K [0x0000000701400000, 0x000000070dd80000, 0x0000000780700000)
  object space 206336K, 49% used [0x0000000701400000,0x00000007077d4880,0x000000070dd80000)
 Metaspace       used 84415K, capacity 86765K, committed 86952K, reserved 1126400K
  class space    used 9140K, capacity 9636K, committed 9648K, reserved 1048576K
Event: 2306.589 GC heap after
Heap after GC invocations=26 (full 7):
 PSYoungGen      total 858112K, used 0K [0x0000000780700000, 0x00000007bdc00000, 0x00000007c0000000)
  eden space 809472K, 0% used [0x0000000780700000,0x0000000780700000,0x00000007b1d80000)
  from space 48640K, 0% used [0x00000007b1d80000,0x00000007b1d80000,0x00000007b4d00000)
  to   space 47616K, 0% used [0x00000007bad80000,0x00000007bad80000,0x00000007bdc00000)
 ParOldGen       total 206336K, used 123771K [0x0000000701400000, 0x000000070dd80000, 0x0000000780700000)
  object space 206336K, 59% used [0x0000000701400000,0x0000000708cdedf8,0x000000070dd80000)
 Metaspace       used 84411K, capacity 86759K, committed 86952K, reserved 1126400K
  class space    used 9140K, capacity 9635K, committed 9648K, reserved 1048576K
}

Deoptimization events (10 events):
Event: 1916.184 Thread 0x000000001cdb5800 Uncommon trap: reason=null_check action=make_not_entrant pc=0x00000000050e84b0 method=org.hibernate.validator.internal.util.ReflectionHelper.isIterable(Ljava/lang/reflect/Type;)Z @ 13
Event: 1916.736 Thread 0x000000001cdb5800 Uncommon trap: reason=array_check action=maybe_recompile pc=0x000000000316cf48 method=sun.reflect.annotation.AnnotationParser.parseEnumArray(ILjava/lang/Class;Ljava/nio/ByteBuffer;Lsun/reflect/ConstantPool;Ljava/lang/Class;)Ljava/lang/Object; @ 53
Event: 1916.736 Thread 0x000000001cdb5800 Uncommon trap: reason=array_check action=maybe_recompile pc=0x000000000316cf48 method=sun.reflect.annotation.AnnotationParser.parseEnumArray(ILjava/lang/Class;Ljava/nio/ByteBuffer;Lsun/reflect/ConstantPool;Ljava/lang/Class;)Ljava/lang/Object; @ 53
Event: 1916.736 Thread 0x000000001cdb5800 Uncommon trap: reason=array_check action=maybe_recompile pc=0x000000000316cf48 method=sun.reflect.annotation.AnnotationParser.parseEnumArray(ILjava/lang/Class;Ljava/nio/ByteBuffer;Lsun/reflect/ConstantPool;Ljava/lang/Class;)Ljava/lang/Object; @ 53
Event: 1916.736 Thread 0x000000001cdb5800 Uncommon trap: reason=array_check action=maybe_recompile pc=0x000000000316cf48 method=sun.reflect.annotation.AnnotationParser.parseEnumArray(ILjava/lang/Class;Ljava/nio/ByteBuffer;Lsun/reflect/ConstantPool;Ljava/lang/Class;)Ljava/lang/Object; @ 53
Event: 1917.681 Thread 0x000000001cdb5800 Uncommon trap: reason=unstable_if action=reinterpret pc=0x00000000031a76d4 method=org.springframework.core.MethodIntrospector$1.doWith(Ljava/lang/reflect/Method;)V @ 21
Event: 1928.481 Thread 0x0000000024e87000 Uncommon trap: reason=bimorphic action=maybe_recompile pc=0x000000000523c7d4 method=java.util.regex.Pattern$Ques.match(Ljava/util/regex/Matcher;ILjava/lang/CharSequence;)Z @ 55
Event: 1931.210 Thread 0x0000000024e84800 Uncommon trap: reason=null_check action=make_not_entrant pc=0x00000000052c2274 method=java.beans.Introspector.isAssignable(Ljava/lang/Class;Ljava/lang/Class;)Z @ 23
Event: 1931.215 Thread 0x0000000024e84800 Uncommon trap: reason=class_check action=maybe_recompile pc=0x000000000523c6c0 method=java.util.regex.Pattern$Ques.match(Ljava/util/regex/Matcher;ILjava/lang/CharSequence;)Z @ 39
Event: 2306.117 Thread 0x0000000024f2b000 Uncommon trap: reason=class_check action=maybe_recompile pc=0x0000000003b263c0 method=java.io.DataOutputStream.writeInt(I)V @ 12

Internal exceptions (10 events):
Event: 1917.420 Thread 0x000000001cdb5800 Exception <a 'java/security/PrivilegedActionException'> (0x00000007b074bab0) thrown at [C:\re\workspace\8-2-build-windows-amd64-cygwin\jdk8u91\7017\hotspot\src\share\vm\prims\jvm.cpp, line 1386]
Event: 1917.600 Thread 0x000000001cdb5800 Exception <a 'java/io/FileNotFoundException'> (0x0000000780716828) thrown at [C:\re\workspace\8-2-build-windows-amd64-cygwin\jdk8u91\7017\hotspot\src\share\vm\prims\jni.cpp, line 709]
Event: 1917.600 Thread 0x000000001cdb5800 Exception <a 'java/io/FileNotFoundException'> (0x0000000780717448) thrown at [C:\re\workspace\8-2-build-windows-amd64-cygwin\jdk8u91\7017\hotspot\src\share\vm\prims\jni.cpp, line 709]
Event: 1930.187 Thread 0x0000000024f36000 Exception <a 'java/lang/ClassNotFoundException': java/lang/ObjectCustomizer> (0x00000007860e3ba8) thrown at [C:\re\workspace\8-2-build-windows-amd64-cygwin\jdk8u91\7017\hotspot\src\share\vm\classfile\systemDictionary.cpp, line 210]
Event: 1930.188 Thread 0x0000000024f36000 Exception <a 'java/lang/ClassNotFoundException': com/pe/lima/sg/presentacion/FiltroCustomizer> (0x0000000786109428) thrown at [C:\re\workspace\8-2-build-windows-amd64-cygwin\jdk8u91\7017\hotspot\src\share\vm\classfile\systemDictionary.cpp, line 210]
Event: 1931.209 Thread 0x0000000024e84800 Exception <a 'java/lang/ClassNotFoundException': java/lang/ObjectCustomizer> (0x0000000786a64388) thrown at [C:\re\workspace\8-2-build-windows-amd64-cygwin\jdk8u91\7017\hotspot\src\share\vm\classfile\systemDictionary.cpp, line 210]
Event: 1931.210 Thread 0x0000000024e84800 Exception <a 'java/lang/ClassNotFoundException': com/pe/lima/sg/presentacion/util/PageableSGCustomizer> (0x0000000786a8bd98) thrown at [C:\re\workspace\8-2-build-windows-amd64-cygwin\jdk8u91\7017\hotspot\src\share\vm\classfile\systemDictionary.cpp, line 21('ÚUØ,ž@
Event: 1931.211 Thread 0x0000000024e84800 Exception <a 'java/lang/ClassNotFoundException': org/springframework/data/domain/PageableCustomizer> (0x0000000786abcf60) thrown at [C:\re\workspace\8-2-build-windows-amd64-cygwin\jdk8u91\7017\hotspot\src\share\vm\classfile\systemDictionary.cpp, line 210]
Event: 2306.111 Thread 0x0000000024f30000 Exception <a 'java/lang/InterruptedException': sleep interrupted> (0x000000078a73a638) thrown at [C:\re\workspace\8-2-build-windows-amd64-cygwin\jdk8u91\7017\hotspot\src\share\vm\prims\jvm.cpp, line 3215]
Event: 2306.130 Thread 0x0000000024f31000 Exception <a 'java/lang/InterruptedException': sleep interrupted> (0x00000007a0e6b148) thrown at [C:\re\workspace\8-2-build-windows-amd64-cygwin\jdk8u91\7017\hotspot\src\share\vm\prims\jvm.cpp, line 3215]

Events (10 events):
Event: 2306.590 Executing VM operation: RevokeBias
Event: 2306.590 Executing VM operation: RevokeBias done
Event: 2306.590 Executing VM operation: RevokeBias
Event: 2306.590 Executing VM operation: RevokeBias done
Event: 2306.590 Executing VM operation: RevokeBias
Event: 2306.590 Executing VM operation: RevokeBias done
Event: 2306.590 Thread 0x000000001bd07000 flushing nmethod 0x00000000042ce210
Event: 2306.590 Executing VM operation: RevokeBias
Event: 2306.590 Executing VM operation: RevokeBias done
Event: 2306.590 Executing VM operation: RevokeBias


Dynamic libraries:
0x00007ff6dff70000 - 0x00007ff6dffa7000 	C:\Program Files\Java\jdk1.8.0_91\bin\javaw.exe
0x00007ffc847d0000 - 0x00007ffc849c8000 	C:\Windows\SYSTEM32\ntdll.dll
0x00007ffc83470000 - 0x00007ffc8352f000 	C:\Windows\System32\KERNEL32.DLL
0x00007ffc82480000 - 0x00007ffc82776000 	C:\Windows\System32\KERNELBASE.dll
0x00007ffc84570000 - 0x00007ffc8461f000 	C:\Windows\System32\ADVAPI32.dll
0x00007ffc83550000 - 0x00007ffc835ee000 	C:\Windows\System32\msvcrt.dll
0x00007ffc82f70000 - 0x00007ffc8300c000 	C:\Windows\System32\sechost.dll
0x00007ffc83a80000 - 0x00007ffc83ba6000 	C:\Windows\System32\RPCRT4.dll
0x00007ffc837a0000 - 0x00007ffc8393d000 	C:\Windows\System32\USER32.dll
0x00007ffc827d0000 - 0x00007ffc827f2000 	C:\Windows\System32\win32u.dll
0x00007ffc83010000 - 0x00007ffc8303c000 	C:\Windows\System32\GDI32.dll
0x00007ffc820b0000 - 0x00007ffc821c5000 	C:\Windows\System32\gdi32full.dll
0x00007ffc81eb0000 - 0x00007ffc81f4d000 	C:\Windows\System32\msvcp_win.dll
0x00007ffc82380000 - 0x00007ffc82480000 	C:\Windows\System32\ucrtbase.dll
0x00007ffc78b90000 - 0x00007ffc78e2a000 	C:\Windows\WinSxS\amd64_microsoft.windows.common-controls_6595b64144ccf1df_6.0.19041.1110_none_60b5254171f9507e\COMCTL32.dll
0x00007ffc84750000 - 0x00007ffc84780000 	C:\Windows\System32\IMM32.DLL
0x000000006ce80000 - 0x000000006cf52000 	C:\Program Files\Java\jdk1.8.0_91\jre\bin\msvcr100.dll
0x000000006d210000 - 0x000000006daa3000 	C:\Program Files\Java\jdk1.8.0_91\jre\bin\server\jvm.dll
0x00007ffc83730000 - 0x00007ffc83738000 	C:\Windows\System32\PSAPI.DLL
0x00007ffc79b40000 - 0x00007ffc79b67000 	C:\Windows\SYSTEM32\WINMM.dll
0x00007ffc79b70000 - 0x00007ffc79b7a000 	C:\Windows\SYSTEM32\VERSION.dll
0x00007ffc6d700000 - 0x00007ffc6d709000 	C:\Windows\SYSTEM32\WSOCK32.dll
0x00007ffc83db0000 - 0x00007ffc83e1b000 	C:\Windows\System32\WS2_32.dll
0x000000006d120000 - 0x000000006d12f000 	C:\Program Files\Java\jdk1.8.0_91\jre\bin\verify.dll
0x000000006d0f0000 - 0x000000006d119000 	C:\Program Files\Java\jdk1.8.0_91\jre\bin\java.dll
0x000000006d0a0000 - 0x000000006d0b6000 	C:\Program Files\Java\jdk1.8.0_91\jre\bin\zip.dll
0x00007ffc83e20000 - 0x00007ffc84564000 	C:\Windows\System32\SHELL32.dll
0x00007ffc7ff60000 - 0x00007ffc806f3000 	C:\Windows\SYSTEM32\windows.storage.dll
0x00007ffc83040000 - 0x00007ffc83394000 	C:\Windows\System32\combase.dll
0x00007ffc81900000 - 0x00007ffc8192e000 	C:\Windows\SYSTEM32\Wldp.dll
0x00007ffc839d0000 - 0x00007ffc83a7d000 	C:\Windows\System32\SHCORE.dll
0x00007ffc835f0000 - 0x00007ffc83645000 	C:\Windows\System32\shlwapi.dll
0x00007ffc81df0000 - 0x00007ffc81e0f000 	C:\Windows\SYSTEM32\profapi.dll
0x000000006ce70000 - 0x000000006ce7d000 	C:\Program Files\Java\jdk1.8.0_91\jre\bin\management.dll
0x000000006d080000 - 0x000000006d09a000 	C:\Program Files\Java\jdk1.8.0_91\jre\bin\net.dll
0x00007ffc81660000 - 0x00007ffc816ca000 	C:\Windows\system32\mswsock.dll
0x00007ffc7c890000 - 0x00007ffc7c8a7000 	C:\Windows\system32\napinsp.dll
0x00007ffc7c3f0000 - 0x00007ffc7c40b000 	C:\Windows\system32\pnrpnsp.dll
0x00007ffc7c7c0000 - 0x00007ffc7c7d5000 	C:\Windows\system32\wshbth.dll
0x00007ffc7d890000 - 0x00007ffc7d8ad000 	C:\Windows\system32\NLAapi.dll
0x00007ffc81300000 - 0x00007ffc8133c000 	C:\Windows\SYSTEM32\IPHLPAPI.DLL
0x00007ffc81350000 - 0x00007ffc8141a000 	C:\Windows\SYSTEM32\DNSAPI.dll
0x00007ffc84780000 - 0x00007ffc84788000 	C:\Windows\System32\NSI.dll
0x00007ffc7c3d0000 - 0x00007ffc7c3e2000 	C:\Windows\System32\winrnr.dll
0x00007ffc76880000 - 0x00007ffc7688a000 	C:\Windows\System32\rasadhlp.dll
0x00007ffc76e20000 - 0x00007ffc76ea2000 	C:\Windows\System32\fwpuclnt.dll
0x00007ffc82800000 - 0x00007ffc82827000 	C:\Windows\System32\bcrypt.dll
0x000000006d060000 - 0x000000006d071000 	C:\Program Files\Java\jdk1.8.0_91\jre\bin\nio.dll
0x00007ffc81850000 - 0x00007ffc81868000 	C:\Windows\SYSTEM32\CRYPTSP.dll
0x00007ffc80ea0000 - 0x00007ffc80ed4000 	C:\Windows\system32\rsaenh.dll
0x00007ffc81db0000 - 0x00007ffc81dde000 	C:\Windows\SYSTEM32\USERENV.dll
0x00007ffc822f0000 - 0x00007ffc82372000 	C:\Windows\System32\bcryptprimitives.dll
0x00007ffc81870000 - 0x00007ffc8187c000 	C:\Windows\SYSTEM32\CRYPTBASE.dll
0x00007ffc7a230000 - 0x00007ffc7a247000 	C:\Windows\SYSTEM32\dhcpcsvc6.DLL
0x00007ffc7a210000 - 0x00007ffc7a22d000 	C:\Windows\SYSTEM32\dhcpcsvc.DLL
0x0000000065880000 - 0x0000000065970000 	C:\Users\ADMIN\AppData\Local\Temp\sqlite-3.15.1-04c17197-b865-4ffb-adfa-703597cf2ab7-sqlitejdbc.dll
0x000000006ccd0000 - 0x000000006ce68000 	C:\Program Files\Java\jdk1.8.0_91\jre\bin\awt.dll
0x00007ffc833a0000 - 0x00007ffc8346d000 	C:\Windows\System32\OLEAUT32.dll
0x00007ffc7f6a0000 - 0x00007ffc7f731000 	C:\Windows\SYSTEM32\apphelp.dll
0x00007ffc7fa70000 - 0x00007ffc7fa9f000 	C:\Windows\system32\DWMAPI.DLL
0x00007ffc7f890000 - 0x00007ffc7f92e000 	C:\Windows\system32\uxtheme.dll
0x00007ffc6d2d0000 - 0x00007ffc6d4b4000 	C:\Windows\SYSTEM32\dbghelp.dll

VM Arguments:
jvm_args: -Dfile.encoding=UTF-8 
java_command: com.pe.lima.sg.SgApplication
java_class_path (initial): D:\03.Gregorio_Git\02.Dysalim\sfc\target\classes;C:\Users\ADMIN\.m2\repository\org\springframework\boot\spring-boot-starter-thymeleaf\1.5.4.RELEASE\spring-boot-starter-thymeleaf-1.5.4.RELEASE.jar;C:\Users\ADMIN\.m2\repository\org\thymeleaf\thymeleaf-spring4\2.1.5.RELEASE\thymeleaf-spring4-2.1.5.RELEASE.jar;C:\Users\ADMIN\.m2\repository\org\thymeleaf\thymeleaf\2.1.5.RELEASE\thymeleaf-2.1.5.RELEASE.jar;C:\Users\ADMIN\.m2\repository\ognl\ognl\3.0.8\ognl-3.0.8.jar;C:\Users\ADMIN\.m2\repository\org\unbescape\unbescape\1.1.0.RELEASE\unbescape-1.1.0.RELEASE.jar;C:\Users\ADMIN\.m2\repository\nz\net\ultraq\thymeleaf\thymeleaf-layout-dialect\1.4.0\thymeleaf-layout-dialect-1.4.0.jar;C:\Users\ADMIN\.m2\repository\org\codehaus\groovy\groovy\2.4.11\groovy-2.4.11.jar;C:\Users\ADMIN\.m2\repository\org\webjars\bootstrap\3.3.7\bootstrap-3.3.7.jar;C:\Users\ADMIN\.m2\repository\org\webjars\jquery\1.11.1\jquery-1.11.1.jar;C:\Users\ADMIN\.m2\repository\org\springframework\boot\spring-boot-starter\1.5.4.RELEASE\spring-boot-starter-1.5.4.RELEASE.jar;C:\Users\ADMIN\.m2\repository\org\springframework\boot\spring-boot\1.5.4.RELEASE\spring-boot-1.5.4.RELEASE.jar;C:\Users\ADMIN\.m2\repository\org\springframework\boot\spring-boot-autoconfigure\1.5.4.RELEASE\spring-boot-autoconfigure-1.5.4.RELEASE.jar;C:\Users\ADMIN\.m2\repository\org\springframework\boot\spring-boot-starter-logging\1.5.4.RELEASE\spring-boot-starter-logging-1.5.4.RELEASE.jar;C:\Users\ADMIN\.m2\repository\org\slf4j\jcl-over-slf4j\1.7.25\jcl-over-slf4j-1.7.25.jar;C:\Users\ADMIN\.m2\repository\org\springframework\spring-core\4.3.9.RELEASE\spring-core-4.3.9.RELEASE.jar;C:\Users\ADMIN\.m2\repository\org\yaml\snakeyaml\1.17\snakeyaml-1.17.jar;C:\Users\ADMIN\.m2\repository\org\springframework\boot\spring-boot-starter-web\1.5.4.RELEASE\spring-boot-starter-web-1.5.4.RELEASE.jar;C:\Users\ADMIN\.m2\repository\org\springframework\boot\spring-boot-starter-tomcat\1.5.4.RELEASE\spring-boot-starter-tomcat-1.5.4.RELEA
Launcher Type: SUN_STANDARD

Environment Variables:
JAVA_HOME=C:\Program Files\Java\jdk1.8.0_91
PATH=C:/Program Files/Java/jdk1.8.0_91/bin/../jre/bin/server;C:/Program Files/Java/jdk1.8.0_91/bin/../jre/bin;C:/Program Files/Java/jdk1.8.0_91/bin/../jre/lib/amd64;C:\Program Files\Java\jdk1.8.0_91\bin;C:\Windows\system32;C:\Windows;C:\Windows\System32\Wbem;C:\Windows\System32\WindowsPowerShell\v1.0\;C:\Windows\System32\OpenSSH\;D:\03.Gregorio\02.Instaladores\Maven\apache-maven-3.8.4\bin;C:\Program Files\Git\cmd;D:\03.Gregorio\02.Instaladores\Ant\apache-ant-1.9.16\bin;C:\Program Files\PuTTY\;C:\ProgramData\Oracle\Java\javapath;C:\Program Files\Common Files\Oracle\Java\javapath;C:\Users\ADMIN\AppData\Local\Microsoft\WindowsApps;;C:\Program Files\JetBrains\IntelliJ IDEA Community Edition 2023.1\bin;;D:\03.Gregorio\02.Instaladores\Eclipse\eclipse;
USERNAME=ADMIN
OS=Windows_NT
PROCESSOR_IDENTIFIER=Intel64 Family 6 Model 60 Stepping 3, GenuineIntel



---------------  S Y S T E M  ---------------

OS: Windows 10.0 , 64 bit Build 19041 (10.0.19041.3031)

CPU:total 8 (4 cores per cpu, 2 threads per core) family 6 model 60 stepping 3, cmov, cx8, fxsr, mmx, sse, sse2, sse3, ssse3, sse4.1, sse4.2, popcnt, avx, avx2, aes, clmul, erms, lzcnt, ht, tsc, tscinvbit, bmi1, bmi2

Memory: 4k page, physical 12497260k(5464244k free), swap 14397804k(5696564k free)

vm_info: Java HotSpot(TM) 64-Bit Server VM (25.91-b15) for windows-amd64 JRE (1.8.0_91-b15), built on May 20 2016 17:43:15 by "java_re" with MS VC++ 10.0 (VS2010)

time: Mon Jul 10 22:14:56 2023
elapsed time: 2306 seconds (0d 0h 38m 26s)

