#
# A fatal error has been detected by the Java Runtime Environment:
#
#  EXCEPTION_ACCESS_VIOLATION (0xc0000005) at pc=0x00000000658f9565, pid=15444, tid=3220
#
# JRE version: Java(TM) SE Runtime Environment (8.0_91-b15) (build 1.8.0_91-b15)
# Java VM: Java HotSpot(TM) 64-Bit Server VM (25.91-b15 mixed mode windows-amd64 compressed oops)
# Problematic frame:
# C  [sqlite-3.15.1-ff1e7452-b340-4278-a450-cd5c71e6f9d7-sqlitejdbc.dll+0x79565]
#
# Failed to write core dump. Minidumps are not enabled by default on client versions of Windows
#
# If you would like to submit a bug report, please visit:
#   http://bugreport.java.com/bugreport/crash.jsp
# The crash happened outside the Java Virtual Machine in native code.
# See problematic frame for where to report the bug.
#

---------------  T H R E A D  ---------------

Current thread (0x00000000227b1000):  JavaThread "Secondary finalizer" [_thread_in_native, id=3220, stack(0x000000001efa0000,0x000000001f0a0000)]

siginfo: ExceptionCode=0xc0000005, reading address 0x0000000000000018

Registers:
RAX=0x00000000658826d0, RBX=0x000000002683d078, RCX=0x000000002683d078, RDX=0x000000001f09ebb0
RSP=0x000000001f09eab0, RBP=0x000000001f09eb80, RSI=0x0000000000000000, RDI=0x0000000706231a68
R8 =0x000000002683d078, R9 =0x000000001e5d6c00, R10=0x0000000002f38a2b, R11=0x000000006d439d90
R12=0x0000000000000000, R13=0x0000000028dd1f38, R14=0x000000001f09ebb0, R15=0x00000000227b1000
RIP=0x00000000658f9565, EFLAGS=0x0000000000010206

Top of Stack: (sp=0x000000001f09eab0)
0x000000001f09eab0:   0000000000000009 0000000028e0f828
0x000000001f09eac0:   000000001e7f28d0 000000006d2c6071
0x000000001f09ead0:   000000001f09f138 0000000028dd1f38
0x000000001f09eae0:   0000000000000009 0000000002f38a57
0x000000001f09eaf0:   0000000706231a68 0000000002f387f1
0x000000001f09eb00:   00000000227b1000 0000000028dd1f38
0x000000001f09eb10:   0000000028e110b0 00000000227b1000
0x000000001f09eb20:   0000000028e122a0 0000000002f387b9
0x000000001f09eb30:   0000000000000003 0000000706233fc8
0x000000001f09eb40:   000000001f09eb30 0000000028dd1f38
0x000000001f09eb50:   000000001f09ebb0 0000000028e03bd0
0x000000001f09eb60:   0000000000000000 0000000028dd1f38
0x000000001f09eb70:   0000000000000000 000000001f09eba0
0x000000001f09eb80:   000000001f09ebf8 0000000002f27da0
0x000000001f09eb90:   0000000000000000 0000000002f319d6
0x000000001f09eba0:   000000002683d078 000000002683d078 

Instructions: (pc=0x00000000658f9565)
0x00000000658f9545:   48 83 c4 38 c3 66 0f 1f 44 00 00 56 53 48 83 ec
0x00000000658f9555:   28 48 85 c9 0f 84 b1 00 00 00 48 8b 31 48 89 cb
0x00000000658f9565:   48 8b 4e 18 48 85 c9 74 06 ff 15 94 ec 04 00 48
0x00000000658f9575:   83 bb b0 00 00 00 00 7e 0b 48 89 da 48 89 f1 e8 


Register to memory mapping:

RAX=0x00000000658826d0 is an unknown value
RBX=0x000000002683d078 is an unknown value
RCX=0x000000002683d078 is an unknown value
RDX=0x000000001f09ebb0 is pointing into the stack for thread: 0x00000000227b1000
RSP=0x000000001f09eab0 is pointing into the stack for thread: 0x00000000227b1000
RBP=0x000000001f09eb80 is pointing into the stack for thread: 0x00000000227b1000
RSI=0x0000000000000000 is an unknown value
RDI=0x0000000706231a68 is an oop
java.lang.Object 
 - klass: 'java/lang/Object'
R8 =0x000000002683d078 is an unknown value
R9 =0x000000001e5d6c00 is an unknown value
R10=0x0000000002f38a2b is at code_begin+1227 in an Interpreter codelet
method entry point (kind = native_synchronized)  [0x0000000002f38560, 0x0000000002f39040]  2784 bytes
R11=0x000000006d439d90 is an unknown value
R12=0x0000000000000000 is an unknown value
R13={method} {0x0000000028dd1f40} 'reset' '(J)I' in 'org/sqlite/core/NativeDB'
R14=0x000000001f09ebb0 is pointing into the stack for thread: 0x00000000227b1000
R15=0x00000000227b1000 is a thread


Stack: [0x000000001efa0000,0x000000001f0a0000],  sp=0x000000001f09eab0,  free space=1018k
Native frames: (J=compiled Java code, j=interpreted, Vv=VM code, C=native code)
C  [sqlite-3.15.1-ff1e7452-b340-4278-a450-cd5c71e6f9d7-sqlitejdbc.dll+0x79565]
C  0x0000000002f38a57

Java frames: (J=compiled Java code, j=interpreted, Vv=VM code)
j  org.sqlite.core.NativeDB.reset(J)I+0
j  org.sqlite.core.CoreResultSet.close()V+81
j  org.sqlite.jdbc4.JDBC4ResultSet.close()V+6
j  org.sqlite.core.CoreStatement.internalClose()V+34
j  org.sqlite.jdbc3.JDBC3Statement.close()V+33
j  org.sqlite.jdbc4.JDBC4Statement.close()V+1
j  org.sqlite.core.CorePreparedStatement.finalize()V+1
J 3913 C2 java.lang.ref.Finalizer.access$100(Ljava/lang/ref/Finalizer;Lsun/misc/JavaLangAccess;)V (6 bytes) @ 0x00000000031a9fa8 [0x00000000031a9dc0+0x1e8]
j  java.lang.ref.Finalizer$2.run()V+36
j  java.lang.Thread.run()V+11
v  ~StubRoutines::call_stub

---------------  P R O C E S S  ---------------

Java Threads: ( => current thread )
=>0x00000000227b1000 JavaThread "Secondary finalizer" [_thread_in_native, id=3220, stack(0x000000001efa0000,0x000000001f0a0000)]
  0x00000000227bb000 JavaThread "Thread-17" [_thread_blocked, id=15572, stack(0x0000000000fa0000,0x00000000010a0000)]
  0x00000000227b5000 JavaThread "http-nio-8080-AsyncTimeout" daemon [_thread_blocked, id=3368, stack(0x000000002bcb0000,0x000000002bdb0000)]
  0x0000000023db7800 JavaThread "Java2D Disposer" daemon [_thread_blocked, id=1116, stack(0x0000000028ee0000,0x0000000028fe0000)]
  0x000000001c33b800 JavaThread "DestroyJavaVM" [_thread_blocked, id=15492, stack(0x0000000002c80000,0x0000000002d80000)]
  0x00000000227b2800 JavaThread "Live Reload Server" daemon [_thread_in_native, id=7896, stack(0x00000000281e0000,0x00000000282e0000)]
  0x000000001c3db800 JavaThread "Service Thread" daemon [_thread_blocked, id=7560, stack(0x000000001cf20000,0x000000001d020000)]
  0x000000001c33f800 JavaThread "C1 CompilerThread3" daemon [_thread_blocked, id=14984, stack(0x000000001ce20000,0x000000001cf20000)]
  0x000000001c341000 JavaThread "C2 CompilerThread2" daemon [_thread_in_native, id=6688, stack(0x000000001cd20000,0x000000001ce20000)]
  0x000000001c33f000 JavaThread "C2 CompilerThread1" daemon [_thread_blocked, id=7120, stack(0x000000001cc20000,0x000000001cd20000)]
  0x000000001c329000 JavaThread "C2 CompilerThread0" daemon [_thread_blocked, id=9396, stack(0x000000001cb20000,0x000000001cc20000)]
  0x000000001c327800 JavaThread "Attach Listener" daemon [_thread_blocked, id=4172, stack(0x000000001ca20000,0x000000001cb20000)]
  0x000000001c339000 JavaThread "Signal Dispatcher" daemon [_thread_blocked, id=11296, stack(0x000000001c920000,0x000000001ca20000)]
  0x0000000002f1d800 JavaThread "Finalizer" daemon [_thread_blocked, id=7540, stack(0x000000001c700000,0x000000001c800000)]
  0x0000000002f1c800 JavaThread "Reference Handler" daemon [_thread_blocked, id=10484, stack(0x000000001c200000,0x000000001c300000)]

Other Threads:
  0x000000001a429800 VMThread [stack: 0x000000001c100000,0x000000001c200000] [id=6428]
  0x000000001c427800 WatcherThread [stack: 0x000000001d020000,0x000000001d120000] [id=2580]

VM state:not at safepoint (normal execution)

VM Mutex/Monitor currently owned by a thread: None

Heap:
 PSYoungGen      total 687104K, used 5378K [0x0000000780700000, 0x00000007ad300000, 0x00000007c0000000)
  eden space 658432K, 0% used [0x0000000780700000,0x0000000780c40920,0x00000007a8a00000)
  from space 28672K, 0% used [0x00000007a8d80000,0x00000007a8d80000,0x00000007aa980000)
  to   space 37376K, 0% used [0x00000007aae80000,0x00000007aae80000,0x00000007ad300000)
 ParOldGen       total 218112K, used 80909K [0x0000000701400000, 0x000000070e900000, 0x0000000780700000)
  object space 218112K, 37% used [0x0000000701400000,0x0000000706303698,0x000000070e900000)
 Metaspace       used 75050K, capacity 76610K, committed 76840K, reserved 1118208K
  class space    used 8606K, capacity 8946K, committed 9008K, reserved 1048576K

Card table byte_map: [0x00000000122e0000,0x00000000128e0000] byte_map_base: 0x000000000ead6000

Marking Bits: (ParMarkBitMap*) 0x000000006da22f70
 Begin Bits: [0x00000000134e0000, 0x0000000016490000)
 End Bits:   [0x0000000016490000, 0x0000000019440000)

Polling page: 0x0000000001350000

CodeCache: size=245760Kb used=35092Kb max_used=35453Kb free=210668Kb
 bounds [0x0000000002f20000, 0x0000000005200000, 0x0000000011f20000]
 total_blobs=10396 nmethods=9452 adapters=854
 compilation: enabled

Compilation events (10 events):
Event: 209.038 Thread 0x000000001c33f800 nmethod 11874 0x0000000003171310 code [0x0000000003171480, 0x00000000031716a8]
Event: 209.038 Thread 0x000000001c33f800 11875  s    3       org.springframework.boot.context.embedded.tomcat.TomcatEmbeddedWebappClassLoader::loadClass (40 bytes)
Event: 209.039 Thread 0x000000001c33f800 nmethod 11875 0x00000000050ca490 code [0x00000000050ca680, 0x00000000050caf78]
Event: 209.039 Thread 0x000000001c33f800 11877   !   3       org.apache.catalina.loader.WebappClassLoaderBase::loadedByThisOrChild (145 bytes)
Event: 209.039 Thread 0x000000001c33f000 11878       4       java.util.Arrays::fill (21 bytes)
Event: 209.046 Thread 0x000000001c33f800 nmethod 11877 0x0000000003c1ccd0 code [0x0000000003c1d0a0, 0x0000000003c1f8f8]
Event: 209.046 Thread 0x000000001c33f800 11880       3       java.util.concurrent.locks.AbstractQueuedSynchronizer$Node::predecessor (19 bytes)
Event: 209.047 Thread 0x000000001c33f800 nmethod 11880 0x00000000039eb3d0 code [0x00000000039eb540, 0x00000000039eb788]
Event: 209.508 Thread 0x000000001c33f000 nmethod 11878 0x000000000358a990 code [0x000000000358aac0, 0x000000000358ae78]
Event: 209.508 Thread 0x000000001c33f000 11883   !   4       java.lang.ref.Reference::tryHandlePending (115 bytes)

GC Heap History (10 events):
Event: 51.242 GC heap before
{Heap before GC invocations=14 (full 3):
 PSYoungGen      total 570880K, used 345862K [0x0000000780700000, 0x00000007a6900000, 0x00000007c0000000)
  eden space 537600K, 64% used [0x0000000780700000,0x00000007958c1810,0x00000007a1400000)
  from space 33280K, 0% used [0x00000007a3800000,0x00000007a3800000,0x00000007a5880000)
  to   space 36864K, 0% used [0x00000007a1400000,0x00000007a1400000,0x00000007a3800000)
 ParOldGen       total 218112K, used 69438K [0x0000000701400000, 0x000000070e900000, 0x0000000780700000)
  object space 218112K, 31% used [0x0000000701400000,0x00000007057cfab0,0x000000070e900000)
 Metaspace       used 70016K, capacity 71176K, committed 71336K, reserved 1112064K
  class space    used 8346K, capacity 8612K, committed 8624K, reserved 1048576K
Event: 51.253 GC heap after
Heap after GC invocations=14 (full 3):
 PSYoungGen      total 574464K, used 12850K [0x0000000780700000, 0x00000007ae000000, 0x00000007c0000000)
  eden space 537600K, 0% used [0x0000000780700000,0x0000000780700000,0x00000007a1400000)
  from space 36864K, 34% used [0x00000007a1400000,0x00000007a208c930,0x00000007a3800000)
  to   space 35328K, 0% used [0x00000007abd80000,0x00000007abd80000,0x00000007ae000000)
 ParOldGen       total 218112K, used 69454K [0x0000000701400000, 0x000000070e900000, 0x0000000780700000)
  object space 218112K, 31% used [0x0000000701400000,0x00000007057d3ab0,0x000000070e900000)
 Metaspace       used 70016K, capacity 71176K, committed 71336K, reserved 1112064K
  class space    used 8346K, capacity 8612K, committed 8624K, reserved 1048576K
}
Event: 51.253 GC heap before
{Heap before GC invocations=15 (full 4):
 PSYoungGen      total 574464K, used 12850K [0x0000000780700000, 0x00000007ae000000, 0x00000007c0000000)
  eden space 537600K, 0% used [0x0000000780700000,0x0000000780700000,0x00000007a1400000)
  from space 36864K, 34% used [0x00000007a1400000,0x00000007a208c930,0x00000007a3800000)
  to   space 35328K, 0% used [0x00000007abd80000,0x00000007abd80000,0x00000007ae000000)
 ParOldGen       total 218112K, used 69454K [0x0000000701400000, 0x000000070e900000, 0x0000000780700000)
  object space 218112K, 31% used [0x0000000701400000,0x00000007057d3ab0,0x000000070e900000)
 Metaspace       used 70016K, capacity 71176K, committed 71336K, reserved 1112064K
  class space    used 8346K, capacity 8612K, committed 8624K, reserved 1048576K
Event: 51.518 GC heap after
Heap after GC invocations=15 (full 4):
 PSYoungGen      total 574464K, used 0K [0x0000000780700000, 0x00000007ae000000, 0x00000007c0000000)
  eden space 537600K, 0% used [0x0000000780700000,0x0000000780700000,0x00000007a1400000)
  from space 36864K, 0% used [0x00000007a1400000,0x00000007a1400000,0x00000007a3800000)
  to   space 35328K, 0% used [0x00000007abd80000,0x00000007abd80000,0x00000007ae000000)
 ParOldGen       total 218112K, used 65039K [0x0000000701400000, 0x000000070e900000, 0x0000000780700000)
  object space 218112K, 29% used [0x0000000701400000,0x0000000705383c58,0x000000070e900000)
 Metaspace       used 70015K, capacity 71170K, committed 71336K, reserved 1112064K
  class space    used 8345K, capacity 8611K, committed 8624K, reserved 1048576K
}
Event: 55.299 GC heap before
{Heap before GC invocations=16 (full 4):
 PSYoungGen      total 574464K, used 537600K [0x0000000780700000, 0x00000007ae000000, 0x00000007c0000000)
  eden space 537600K, 100% used [0x0000000780700000,0x00000007a1400000,0x00000007a1400000)
  from space 36864K, 0% used [0x00000007a1400000,0x00000007a1400000,0x00000007a3800000)
  to   space 35328K, 0% used [0x00000007abd80000,0x00000007abd80000,0x00000007ae000000)
 ParOldGen       total 218112K, used 65039K [0x0000000701400000, 0x000000070e900000, 0x0000000780700000)
  object space 218112K, 29% used [0x0000000701400000,0x0000000705383c58,0x000000070e900000)
 Metaspace       used 71864K, capacity 73114K, committed 73256K, reserved 1114112K
  class space    used 8453K, capacity 8731K, committed 8752K, reserved 1048576K
Event: 55.319 GC heap after
Heap after GC invocations=16 (full 4):
 PSYoungGen      total 677888K, used 19065K [0x0000000780700000, 0x00000007ad080000, 0x00000007c0000000)
  eden space 658432K, 0% used [0x0000000780700000,0x0000000780700000,0x00000007a8a00000)
  from space 19456K, 97% used [0x00000007abd80000,0x00000007ad01e628,0x00000007ad080000)
  to   space 34304K, 0% used [0x00000007a8d80000,0x00000007a8d80000,0x00000007aaf00000)
 ParOldGen       total 218112K, used 65047K [0x0000000701400000, 0x000000070e900000, 0x0000000780700000)
  object space 218112K, 29% used [0x0000000701400000,0x0000000705385c58,0x000000070e900000)
 Metaspace       used 71864K, capacity 73114K, committed 73256K, reserved 1114112K
  class space    used 8453K, capacity 8731K, committed 8752K, reserved 1048576K
}
Event: 209.047 GC heap before
{Heap before GC invocations=17 (full 4):
 PSYoungGen      total 677888K, used 656174K [0x0000000780700000, 0x00000007ad080000, 0x00000007c0000000)
  eden space 658432K, 96% used [0x0000000780700000,0x00000007a752d290,0x00000007a8a00000)
  from space 19456K, 97% used [0x00000007abd80000,0x00000007ad01e628,0x00000007ad080000)
  to   space 34304K, 0% used [0x00000007a8d80000,0x00000007a8d80000,0x00000007aaf00000)
 ParOldGen       total 218112K, used 65047K [0x0000000701400000, 0x000000070e900000, 0x0000000780700000)
  object space 218112K, 29% used [0x0000000701400000,0x0000000705385c58,0x000000070e900000)
 Metaspace       used 75053K, capacity 76616K, committed 76840K, reserved 1118208K
  class space    used 8606K, capacity 8947K, committed 9008K, reserved 1048576K
Event: 209.071 GC heap after
Heap after GC invocations=17 (full 4):
 PSYoungGen      total 687104K, used 28371K [0x0000000780700000, 0x00000007ad300000, 0x00000007c0000000)
  eden space 658432K, 0% used [0x0000000780700000,0x0000000780700000,0x00000007a8a00000)
  from space 28672K, 98% used [0x00000007a8d80000,0x00000007aa934d30,0x00000007aa980000)
  to   space 37376K, 0% used [0x00000007aae80000,0x00000007aae80000,0x00000007ad300000)
 ParOldGen       total 218112K, used 65055K [0x0000000701400000, 0x000000070e900000, 0x0000000780700000)
  object space 218112K, 29% used [0x0000000701400000,0x0000000705387c58,0x000000070e900000)
 Metaspace       used 75053K, capacity 76616K, committed 76840K, reserved 1118208K
  class space    used 8606K, capacity 8947K, committed 9008K, reserved 1048576K
}
Event: 209.071 GC heap before
{Heap before GC invocations=18 (full 5):
 PSYoungGen      total 687104K, used 28371K [0x0000000780700000, 0x00000007ad300000, 0x00000007c0000000)
  eden space 658432K, 0% used [0x0000000780700000,0x0000000780700000,0x00000007a8a00000)
  from space 28672K, 98% used [0x00000007a8d80000,0x00000007aa934d30,0x00000007aa980000)
  to   space 37376K, 0% used [0x00000007aae80000,0x00000007aae80000,0x00000007ad300000)
 ParOldGen       total 218112K, used 65055K [0x0000000701400000, 0x000000070e900000, 0x0000000780700000)
  object space 218112K, 29% used [0x0000000701400000,0x0000000705387c58,0x000000070e900000)
 Metaspace       used 75053K, capacity 76616K, committed 76840K, reserved 1118208K
  class space    used 8606K, capacity 8947K, committed 9008K, reserved 1048576K
Event: 209.506 GC heap after
Heap after GC invocations=18 (full 5):
 PSYoungGen      total 687104K, used 0K [0x0000000780700000, 0x00000007ad300000, 0x00000007c0000000)
  eden space 658432K, 0% used [0x0000000780700000,0x0000000780700000,0x00000007a8a00000)
  from space 28672K, 0% used [0x00000007a8d80000,0x00000007a8d80000,0x00000007aa980000)
  to   space 37376K, 0% used [0x00000007aae80000,0x00000007aae80000,0x00000007ad300000)
 ParOldGen       total 218112K, used 80909K [0x0000000701400000, 0x000000070e900000, 0x0000000780700000)
  object space 218112K, 37% used [0x0000000701400000,0x0000000706303698,0x000000070e900000)
 Metaspace       used 75049K, capacity 76610K, committed 76840K, reserved 1118208K
  class space    used 8606K, capacity 8946K, committed 9008K, reserved 1048576K
}

Deoptimization events (10 events):
Event: 77.856 Thread 0x00000000227b8000 Uncommon trap: reason=null_check action=make_not_entrant pc=0x0000000005122554 method=java.beans.PropertyDescriptor.findPropertyType(Ljava/lang/reflect/Method;Ljava/lang/reflect/Method;)Ljava/lang/Class; @ 157
Event: 77.869 Thread 0x00000000227b8000 Uncommon trap: reason=predicate action=maybe_recompile pc=0x00000000034300d4 method=java.util.Arrays.fill([Ljava/lang/Object;Ljava/lang/Object;)V @ 10
Event: 79.334 Thread 0x00000000227b1000 Uncommon trap: reason=unstable_if action=reinterpret pc=0x0000000004907bc8 method=org.springframework.web.servlet.mvc.condition.PatternsRequestCondition.getMatchingPattern(Ljava/lang/String;Ljava/lang/String;)Ljava/lang/String; @ 210
Event: 140.080 Thread 0x00000000227b2000 Uncommon trap: reason=bimorphic action=maybe_recompile pc=0x0000000004a0f18c method=java.util.HashMap.removeNode(ILjava/lang/Object;Ljava/lang/Object;ZZ)Ljava/util/HashMap$Node; @ 143
Event: 208.621 Thread 0x0000000023dc3000 Uncommon trap: reason=unstable_if action=reinterpret pc=0x0000000003d18a70 method=org.springframework.boot.devtools.filewatch.FileSnapshot.equals(Ljava/lang/Object;)Z @ 71
Event: 208.991 Thread 0x00000000227bc800 Uncommon trap: reason=unstable_if action=reinterpret pc=0x0000000003766364 method=java.io.ObjectOutputStream.defaultWriteFields(Ljava/lang/Object;Ljava/io/ObjectStreamClass;)V @ 43
Event: 209.006 Thread 0x00000000227bc800 Uncommon trap: reason=class_check action=maybe_recompile pc=0x000000000409ae80 method=java.io.DataOutputStream.writeInt(I)V @ 12
Event: 209.039 Thread 0x00000000227bc800 Uncommon trap: reason=array_check action=maybe_recompile pc=0x0000000004d34d80 method=java.util.Arrays.fill([Ljava/lang/Object;Ljava/lang/Object;)V @ 13
Event: 209.040 Thread 0x00000000227bc800 Uncommon trap: reason=array_check action=maybe_recompile pc=0x0000000003b79204 method=java.util.ComparableTimSort.reverseRange([Ljava/lang/Object;II)V @ 27
Event: 209.046 Thread 0x00000000227bb000 Uncommon trap: reason=array_check action=maybe_recompile pc=0x0000000004d34d80 method=java.util.Arrays.fill([Ljava/lang/Object;Ljava/lang/Object;)V @ 13

Internal exceptions (10 events):
Event: 56.976 Thread 0x0000000023db7000 Exception <a 'java/io/FileNotFoundException'> (0x00000007947acf10) thrown at [C:\re\workspace\8-2-build-windows-amd64-cygwin\jdk8u91\7017\hotspot\src\share\vm\prims\jni.cpp, line 709]
Event: 56.976 Thread 0x0000000023db7000 Exception <a 'java/io/FileNotFoundException'> (0x00000007947adb30) thrown at [C:\re\workspace\8-2-build-windows-amd64-cygwin\jdk8u91\7017\hotspot\src\share\vm\prims\jni.cpp, line 709]
Event: 76.846 Thread 0x00000000227b8800 Exception <a 'java/lang/ClassNotFoundException': java/lang/ObjectCustomizer> (0x000000079aa440a8) thrown at [C:\re\workspace\8-2-build-windows-amd64-cygwin\jdk8u91\7017\hotspot\src\share\vm\classfile\systemDictionary.cpp, line 210]
Event: 76.848 Thread 0x00000000227b8800 Exception <a 'java/lang/ClassNotFoundException': com/pe/lima/sg/presentacion/FiltroCustomizer> (0x000000079aa68d98) thrown at [C:\re\workspace\8-2-build-windows-amd64-cygwin\jdk8u91\7017\hotspot\src\share\vm\classfile\systemDictionary.cpp, line 210]
Event: 77.854 Thread 0x00000000227b8000 Exception <a 'java/lang/ClassNotFoundException': java/lang/ObjectCustomizer> (0x000000079c2c3360) thrown at [C:\re\workspace\8-2-build-windows-amd64-cygwin\jdk8u91\7017\hotspot\src\share\vm\classfile\systemDictionary.cpp, line 210]
Event: 77.855 Thread 0x00000000227b8000 Exception <a 'java/lang/ClassNotFoundException': com/pe/lima/sg/presentacion/util/PageableSGCustomizer> (0x000000079c2ead98) thrown at [C:\re\workspace\8-2-build-windows-amd64-cygwin\jdk8u91\7017\hotspot\src\share\vm\classfile\systemDictionary.cpp, line 21I_‚ŸvS@
Event: 77.857 Thread 0x00000000227b8000 Exception <a 'java/lang/ClassNotFoundException': org/springframework/data/domain/PageableCustomizer> (0x000000079c31bf88) thrown at [C:\re\workspace\8-2-build-windows-amd64-cygwin\jdk8u91\7017\hotspot\src\share\vm\classfile\systemDictionary.cpp, line 210]
Event: 208.982 Thread 0x0000000023dbc000 Exception <a 'java/lang/InterruptedException': sleep interrupted> (0x000000079efbfeb0) thrown at [C:\re\workspace\8-2-build-windows-amd64-cygwin\jdk8u91\7017\hotspot\src\share\vm\prims\jvm.cpp, line 3215]
Event: 208.991 Thread 0x00000000227bc800 Implicit null exception at 0x00000000037612bd to 0x0000000003766341
Event: 209.045 Thread 0x0000000023dbe800 Exception <a 'java/lang/InterruptedException': sleep interrupted> (0x00000007a71f6228) thrown at [C:\re\workspace\8-2-build-windows-amd64-cygwin\jdk8u91\7017\hotspot\src\share\vm\prims\jvm.cpp, line 3215]

Events (10 events):
Event: 209.507 Executing VM operation: RevokeBias
Event: 209.507 Thread 0x00000000227b1000 Thread added: 0x00000000227b1000
Event: 209.507 Executing VM operation: RevokeBias done
Event: 209.507 Executing VM operation: RevokeBias
Event: 209.507 Executing VM operation: RevokeBias done
Event: 209.507 Executing VM operation: RevokeBias
Event: 209.507 Executing VM operation: RevokeBias done
Event: 209.507 Thread 0x000000001c33f800 flushing nmethod 0x000000000322ef90
Event: 209.508 Thread 0x000000001c33f800 flushing nmethod 0x00000000032458d0
Event: 209.508 Executing VM operation: RevokeBias


Dynamic libraries:
0x00007ff6dff70000 - 0x00007ff6dffa7000 	C:\Program Files\Java\jdk1.8.0_91\bin\javaw.exe
0x00007ffc847d0000 - 0x00007ffc849c8000 	C:\Windows\SYSTEM32\ntdll.dll
0x00007ffc83470000 - 0x00007ffc8352f000 	C:\Windows\System32\KERNEL32.DLL
0x00007ffc82480000 - 0x00007ffc82776000 	C:\Windows\System32\KERNELBASE.dll
0x00007ffc84570000 - 0x00007ffc8461f000 	C:\Windows\System32\ADVAPI32.dll
0x00007ffc83550000 - 0x00007ffc835ee000 	C:\Windows\System32\msvcrt.dll
0x00007ffc82f70000 - 0x00007ffc8300c000 	C:\Windows\System32\sechost.dll
0x00007ffc83a80000 - 0x00007ffc83ba6000 	C:\Windows\System32\RPCRT4.dll
0x00007ffc837a0000 - 0x00007ffc8393d000 	C:\Windows\System32\USER32.dll
0x00007ffc827d0000 - 0x00007ffc827f2000 	C:\Windows\System32\win32u.dll
0x00007ffc83010000 - 0x00007ffc8303c000 	C:\Windows\System32\GDI32.dll
0x00007ffc820b0000 - 0x00007ffc821c5000 	C:\Windows\System32\gdi32full.dll
0x00007ffc81eb0000 - 0x00007ffc81f4d000 	C:\Windows\System32\msvcp_win.dll
0x00007ffc82380000 - 0x00007ffc82480000 	C:\Windows\System32\ucrtbase.dll
0x00007ffc78b90000 - 0x00007ffc78e2a000 	C:\Windows\WinSxS\amd64_microsoft.windows.common-controls_6595b64144ccf1df_6.0.19041.1110_none_60b5254171f9507e\COMCTL32.dll
0x00007ffc84750000 - 0x00007ffc84780000 	C:\Windows\System32\IMM32.DLL
0x000000006ce80000 - 0x000000006cf52000 	C:\Program Files\Java\jdk1.8.0_91\jre\bin\msvcr100.dll
0x000000006d210000 - 0x000000006daa3000 	C:\Program Files\Java\jdk1.8.0_91\jre\bin\server\jvm.dll
0x00007ffc83730000 - 0x00007ffc83738000 	C:\Windows\System32\PSAPI.DLL
0x00007ffc79b70000 - 0x00007ffc79b7a000 	C:\Windows\SYSTEM32\VERSION.dll
0x00007ffc6d700000 - 0x00007ffc6d709000 	C:\Windows\SYSTEM32\WSOCK32.dll
0x00007ffc79b40000 - 0x00007ffc79b67000 	C:\Windows\SYSTEM32\WINMM.dll
0x00007ffc83db0000 - 0x00007ffc83e1b000 	C:\Windows\System32\WS2_32.dll
0x000000006d120000 - 0x000000006d12f000 	C:\Program Files\Java\jdk1.8.0_91\jre\bin\verify.dll
0x000000006d0f0000 - 0x000000006d119000 	C:\Program Files\Java\jdk1.8.0_91\jre\bin\java.dll
0x000000006d0a0000 - 0x000000006d0b6000 	C:\Program Files\Java\jdk1.8.0_91\jre\bin\zip.dll
0x00007ffc83e20000 - 0x00007ffc84564000 	C:\Windows\System32\SHELL32.dll
0x00007ffc7ff60000 - 0x00007ffc806f3000 	C:\Windows\SYSTEM32\windows.storage.dll
0x00007ffc83040000 - 0x00007ffc83394000 	C:\Windows\System32\combase.dll
0x00007ffc81900000 - 0x00007ffc8192e000 	C:\Windows\SYSTEM32\Wldp.dll
0x00007ffc839d0000 - 0x00007ffc83a7d000 	C:\Windows\System32\SHCORE.dll
0x00007ffc835f0000 - 0x00007ffc83645000 	C:\Windows\System32\shlwapi.dll
0x00007ffc81df0000 - 0x00007ffc81e0f000 	C:\Windows\SYSTEM32\profapi.dll
0x000000006ce70000 - 0x000000006ce7d000 	C:\Program Files\Java\jdk1.8.0_91\jre\bin\management.dll
0x000000006d080000 - 0x000000006d09a000 	C:\Program Files\Java\jdk1.8.0_91\jre\bin\net.dll
0x00007ffc81660000 - 0x00007ffc816ca000 	C:\Windows\system32\mswsock.dll
0x00007ffc7c890000 - 0x00007ffc7c8a7000 	C:\Windows\system32\napinsp.dll
0x00007ffc7c3f0000 - 0x00007ffc7c40b000 	C:\Windows\system32\pnrpnsp.dll
0x00007ffc7c7c0000 - 0x00007ffc7c7d5000 	C:\Windows\system32\wshbth.dll
0x00007ffc7d890000 - 0x00007ffc7d8ad000 	C:\Windows\system32\NLAapi.dll
0x00007ffc81300000 - 0x00007ffc8133c000 	C:\Windows\SYSTEM32\IPHLPAPI.DLL
0x00007ffc81350000 - 0x00007ffc8141a000 	C:\Windows\SYSTEM32\DNSAPI.dll
0x00007ffc84780000 - 0x00007ffc84788000 	C:\Windows\System32\NSI.dll
0x00007ffc7c3d0000 - 0x00007ffc7c3e2000 	C:\Windows\System32\winrnr.dll
0x00007ffc76880000 - 0x00007ffc7688a000 	C:\Windows\System32\rasadhlp.dll
0x00007ffc76e20000 - 0x00007ffc76ea2000 	C:\Windows\System32\fwpuclnt.dll
0x00007ffc82800000 - 0x00007ffc82827000 	C:\Windows\System32\bcrypt.dll
0x000000006d060000 - 0x000000006d071000 	C:\Program Files\Java\jdk1.8.0_91\jre\bin\nio.dll
0x00007ffc81850000 - 0x00007ffc81868000 	C:\Windows\SYSTEM32\CRYPTSP.dll
0x00007ffc80ea0000 - 0x00007ffc80ed4000 	C:\Windows\system32\rsaenh.dll
0x00007ffc81db0000 - 0x00007ffc81dde000 	C:\Windows\SYSTEM32\USERENV.dll
0x00007ffc822f0000 - 0x00007ffc82372000 	C:\Windows\System32\bcryptprimitives.dll
0x00007ffc81870000 - 0x00007ffc8187c000 	C:\Windows\SYSTEM32\CRYPTBASE.dll
0x00007ffc7a230000 - 0x00007ffc7a247000 	C:\Windows\SYSTEM32\dhcpcsvc6.DLL
0x00007ffc7a210000 - 0x00007ffc7a22d000 	C:\Windows\SYSTEM32\dhcpcsvc.DLL
0x0000000065880000 - 0x0000000065970000 	C:\Users\ADMIN\AppData\Local\Temp\sqlite-3.15.1-ff1e7452-b340-4278-a450-cd5c71e6f9d7-sqlitejdbc.dll
0x000000006ccd0000 - 0x000000006ce68000 	C:\Program Files\Java\jdk1.8.0_91\jre\bin\awt.dll
0x00007ffc833a0000 - 0x00007ffc8346d000 	C:\Windows\System32\OLEAUT32.dll
0x00007ffc7f6a0000 - 0x00007ffc7f731000 	C:\Windows\SYSTEM32\apphelp.dll
0x00007ffc7fa70000 - 0x00007ffc7fa9f000 	C:\Windows\system32\DWMAPI.DLL
0x00007ffc7f890000 - 0x00007ffc7f92e000 	C:\Windows\system32\uxtheme.dll
0x00007ffc6d2d0000 - 0x00007ffc6d4b4000 	C:\Windows\SYSTEM32\dbghelp.dll

VM Arguments:
jvm_args: -Dfile.encoding=UTF-8 
java_command: com.pe.lima.sg.SgApplication
java_class_path (initial): D:\03.Gregorio_Git\02.Dysalim\sfc\target\classes;C:\Users\ADMIN\.m2\repository\org\springframework\boot\spring-boot-starter-thymeleaf\1.5.4.RELEASE\spring-boot-starter-thymeleaf-1.5.4.RELEASE.jar;C:\Users\ADMIN\.m2\repository\org\thymeleaf\thymeleaf-spring4\2.1.5.RELEASE\thymeleaf-spring4-2.1.5.RELEASE.jar;C:\Users\ADMIN\.m2\repository\org\thymeleaf\thymeleaf\2.1.5.RELEASE\thymeleaf-2.1.5.RELEASE.jar;C:\Users\ADMIN\.m2\repository\ognl\ognl\3.0.8\ognl-3.0.8.jar;C:\Users\ADMIN\.m2\repository\org\unbescape\unbescape\1.1.0.RELEASE\unbescape-1.1.0.RELEASE.jar;C:\Users\ADMIN\.m2\repository\nz\net\ultraq\thymeleaf\thymeleaf-layout-dialect\1.4.0\thymeleaf-layout-dialect-1.4.0.jar;C:\Users\ADMIN\.m2\repository\org\codehaus\groovy\groovy\2.4.11\groovy-2.4.11.jar;C:\Users\ADMIN\.m2\repository\org\webjars\bootstrap\3.3.7\bootstrap-3.3.7.jar;C:\Users\ADMIN\.m2\repository\org\webjars\jquery\1.11.1\jquery-1.11.1.jar;C:\Users\ADMIN\.m2\repository\org\springframework\boot\spring-boot-starter\1.5.4.RELEASE\spring-boot-starter-1.5.4.RELEASE.jar;C:\Users\ADMIN\.m2\repository\org\springframework\boot\spring-boot\1.5.4.RELEASE\spring-boot-1.5.4.RELEASE.jar;C:\Users\ADMIN\.m2\repository\org\springframework\boot\spring-boot-autoconfigure\1.5.4.RELEASE\spring-boot-autoconfigure-1.5.4.RELEASE.jar;C:\Users\ADMIN\.m2\repository\org\springframework\boot\spring-boot-starter-logging\1.5.4.RELEASE\spring-boot-starter-logging-1.5.4.RELEASE.jar;C:\Users\ADMIN\.m2\repository\org\slf4j\jcl-over-slf4j\1.7.25\jcl-over-slf4j-1.7.25.jar;C:\Users\ADMIN\.m2\repository\org\springframework\spring-core\4.3.9.RELEASE\spring-core-4.3.9.RELEASE.jar;C:\Users\ADMIN\.m2\repository\org\yaml\snakeyaml\1.17\snakeyaml-1.17.jar;C:\Users\ADMIN\.m2\repository\org\springframework\boot\spring-boot-starter-web\1.5.4.RELEASE\spring-boot-starter-web-1.5.4.RELEASE.jar;C:\Users\ADMIN\.m2\repository\org\springframework\boot\spring-boot-starter-tomcat\1.5.4.RELEASE\spring-boot-starter-tomcat-1.5.4.RELEA
Launcher Type: SUN_STANDARD

Environment Variables:
JAVA_HOME=C:\Program Files\Java\jdk1.8.0_91
PATH=C:/Program Files/Java/jdk1.8.0_91/bin/../jre/bin/server;C:/Program Files/Java/jdk1.8.0_91/bin/../jre/bin;C:/Program Files/Java/jdk1.8.0_91/bin/../jre/lib/amd64;C:\Program Files\Java\jdk1.8.0_91\bin;C:\Windows\system32;C:\Windows;C:\Windows\System32\Wbem;C:\Windows\System32\WindowsPowerShell\v1.0\;C:\Windows\System32\OpenSSH\;D:\03.Gregorio\02.Instaladores\Maven\apache-maven-3.8.4\bin;C:\Program Files\Git\cmd;D:\03.Gregorio\02.Instaladores\Ant\apache-ant-1.9.16\bin;C:\Program Files\PuTTY\;C:\ProgramData\Oracle\Java\javapath;C:\Program Files\Common Files\Oracle\Java\javapath;C:\Users\ADMIN\AppData\Local\Microsoft\WindowsApps;;C:\Program Files\JetBrains\IntelliJ IDEA Community Edition 2023.1\bin;;D:\03.Gregorio\02.Instaladores\Eclipse\eclipse;
USERNAME=ADMIN
OS=Windows_NT
PROCESSOR_IDENTIFIER=Intel64 Family 6 Model 60 Stepping 3, GenuineIntel



---------------  S Y S T E M  ---------------

OS: Windows 10.0 , 64 bit Build 19041 (10.0.19041.3031)

CPU:total 8 (4 cores per cpu, 2 threads per core) family 6 model 60 stepping 3, cmov, cx8, fxsr, mmx, sse, sse2, sse3, ssse3, sse4.1, sse4.2, popcnt, avx, avx2, aes, clmul, erms, lzcnt, ht, tsc, tscinvbit, bmi1, bmi2

Memory: 4k page, physical 12497260k(6230100k free), swap 14397804k(6240756k free)

vm_info: Java HotSpot(TM) 64-Bit Server VM (25.91-b15) for windows-amd64 JRE (1.8.0_91-b15), built on May 20 2016 17:43:15 by "java_re" with MS VC++ 10.0 (VS2010)

time: Mon Jul 10 21:32:01 2023
elapsed time: 209 seconds (0d 0h 3m 29s)

